Log file open, 09/01/16 14:34:56
LogInit:Display: Running engine for game: VRenvironment
LogPlatformFile: Not using cached read wrapper
LogInit:Display: RandInit(475224410) SRandInit(475224412).
LogTaskGraph: Started task graph with 4 named threads and 7 total threads with 1 sets of task threads.
LogStats: Stats thread started at 0.085277
LogInit: Version: 4.12.5-3039270+++UE4+Release-4.12
LogInit: API Version: 2992821
LogInit: Net Version: 3039270
LogDevObjectVersion: Number of dev versions registered: 13
LogDevObjectVersion:   Dev-Blueprints (B0D832E4-1F89-4F0D-ACCF-7EB736FD4AA2): 3
LogDevObjectVersion:   Dev-Build (E1C64328-A22C-4D53-A36C-8E866417BD8C): 0
LogDevObjectVersion:   Dev-Core (375EC13C-06E4-48FB-B500-84F0262A717E): 1
LogDevObjectVersion:   Dev-Editor (E4B068ED-F494-42E9-A231-DA0B2E46BB41): 2
LogDevObjectVersion:   Dev-Framework (CFFC743F-43B0-4480-9391-14DF171D2073): 6
LogDevObjectVersion:   Dev-Mobile (B02B49B5-BB20-44E9-A304-32B752E40360): 0
LogDevObjectVersion:   Dev-Networking (A4E4105C-59A1-49B5-A7C5-40C4547EDFEE): 0
LogDevObjectVersion:   Dev-Online (39C831C9-5AE6-47DC-9A44-9C173E1C8E7C): 0
LogDevObjectVersion:   Dev-Physics (78F01B33-EBEA-4F98-B9B4-84EACCB95AA2): 0
LogDevObjectVersion:   Dev-Platform (6631380F-2D4D-43E0-8009-CF276956A95A): 0
LogDevObjectVersion:   Dev-Rendering (12F88B9F-8875-4AFC-A67C-D90C383ABD29): 2
LogDevObjectVersion:   Dev-Sequencer (7B5AE74C-D270-4C10-A958-57980B212A5A): 0
LogDevObjectVersion:   Dev-VR (D7296918-1DD6-4BDD-9DE2-64A83CC13884): 0
LogInit: Compiled (64-bit): Jul  6 2016 09:09:46
LogInit: Compiled with Visual C++: 19.00.23026.00
LogInit: Build Configuration: Development
LogInit: Branch Name: ++UE4+Release-4.12
LogInit: Command line: -EpicPortal 
LogInit: Base directory: C:/Program Files (x86)/Epic Games/4.12/Engine/Binaries/Win64/
LogInit: Installed Engine Build: 1
LogInit: Using libcurl 7.41.0
LogInit:  - built for x86_64-pc-win32
LogInit:  - supports SSL with WinSSL
LogInit:  - other features:
LogInit:      CURL_VERSION_SSL
LogInit:      CURL_VERSION_IPV6
LogInit:      CURL_VERSION_ASYNCHDNS
LogInit:      CURL_VERSION_LARGEFILE
LogInit:      CURL_VERSION_IDN
LogInit:  CurlRequestOptions (configurable via config and command line):
LogInit:  - bVerifyPeer = true  - Libcurl will verify peer certificate
LogInit:  - bUseHttpProxy = false  - Libcurl will NOT use HTTP proxy
LogInit:  - bDontReuseConnections = false  - Libcurl will reuse connections
LogInit:  - CertBundlePath = nullptr  - Libcurl will use whatever was configured at build time.
LogInit: Presizing for max 8388607 objects, including 0 objects not considered by GC, pre-allocating 0 bytes for permanent pool.
LogInit: Object subsystem initialized
[2016.09.01-12.34.57:024][  0]LogInit: Selected Device Profile: [Windows]
[2016.09.01-12.34.57:024][  0]LogInit: Applying CVar settings loaded from the selected device profile: [Windows]
[2016.09.01-12.34.57:142][  0]LogInit: Computer: LAPTOPSAM
[2016.09.01-12.34.57:142][  0]LogInit: User: LaptopSam
[2016.09.01-12.34.57:142][  0]LogInit: CPU Page size=65536, Cores=4
[2016.09.01-12.34.57:142][  0]LogInit: High frequency timer resolution =2.241014 MHz
[2016.09.01-12.34.57:142][  0]LogMemory: Memory total: Physical=7.9GB (8GB approx)
[2016.09.01-12.34.57:142][  0]LogMemory: Platform Memory Stats for Windows
[2016.09.01-12.34.57:142][  0]LogMemory: Process Physical Memory: 190.52 MB used, 190.52 MB peak
[2016.09.01-12.34.57:142][  0]LogMemory: Process Virtual Memory: 195.34 MB used, 195.34 MB peak
[2016.09.01-12.34.57:142][  0]LogMemory: Physical Memory: 5925.29 MB used, 8077.83 MB total
[2016.09.01-12.34.57:142][  0]LogMemory: Virtual Memory: 552.94 MB used, 134217728.00 MB total
[2016.09.01-12.34.57:338][  0]LogTextLocalizationManager: No translations for ('nl-NL') exist, falling back to 'en' for localization and internationalization data.
[2016.09.01-12.34.57:890][  0]LogD3D11RHI: D3D11 adapters:
[2016.09.01-12.34.57:917][  0]LogD3D11RHI:    0. 'NVIDIA GeForce GT 650M  ' (Feature Level 11_0)
[2016.09.01-12.34.57:917][  0]LogD3D11RHI:       1989/0/4038 MB DedicatedVideo/DedicatedSystem/SharedSystem, Outputs:1, VendorId:0x10de
[2016.09.01-12.34.57:920][  0]LogD3D11RHI:    1. 'Intel(R) HD Graphics 4000' (Feature Level 11_0)
[2016.09.01-12.34.57:920][  0]LogD3D11RHI:       32/0/1760 MB DedicatedVideo/DedicatedSystem/SharedSystem, Outputs:0, VendorId:0x8086
[2016.09.01-12.34.57:922][  0]LogD3D11RHI:    2. 'Microsoft Basic Render Driver' (Feature Level 11_0)
[2016.09.01-12.34.57:922][  0]LogD3D11RHI:       0/0/4038 MB DedicatedVideo/DedicatedSystem/SharedSystem, Outputs:0, VendorId:0x1414
[2016.09.01-12.34.57:922][  0]LogD3D11RHI: Chosen D3D11 Adapter: 0
[2016.09.01-12.34.57:928][  0]LogD3D11RHI: Creating new Direct3DDevice
[2016.09.01-12.34.57:928][  0]LogD3D11RHI:     GPU DeviceId: 0xfd1 (for the marketing name, search the web for "GPU Device Id")
[2016.09.01-12.34.57:928][  0]LogWindows: EnumDisplayDevices:
[2016.09.01-12.34.57:928][  0]LogWindows:    0. 'Intel(R) HD Graphics 4000' (P:1 D:1)
[2016.09.01-12.34.57:928][  0]LogWindows:    1. 'Intel(R) HD Graphics 4000' (P:0 D:0)
[2016.09.01-12.34.57:928][  0]LogWindows:    2. 'Intel(R) HD Graphics 4000' (P:0 D:0)
[2016.09.01-12.34.57:929][  0]LogWindows:    3. 'NVIDIA GeForce GT 650M  ' (P:0 D:0)
[2016.09.01-12.34.57:929][  0]LogWindows: DebugString: PrimaryIsNotTheChoosenAdapter PrimaryIsNotTheChoosenAdapter PrimaryIsNotTheChoosenAdapter 
[2016.09.01-12.34.57:929][  0]LogD3D11RHI:     Adapter Name: NVIDIA GeForce GT 650M  
[2016.09.01-12.34.57:929][  0]LogD3D11RHI:   Driver Version: 361.91 (internal:10.18.13.6191, unified:361.91)
[2016.09.01-12.34.57:929][  0]LogD3D11RHI:      Driver Date: 2-8-2016
[2016.09.01-12.34.57:929][  0]LogRHI: Texture pool is 1361 MB (70% of 1945 MB)
[2016.09.01-12.34.57:943][  0]LogD3D11RHI: Async texture creation enabled
[2016.09.01-12.34.57:961][  0]LogD3D11RHI: GPU Timing Frequency: 1000.000000 (Debug: 2 2)
[2016.09.01-12.34.57:961][  0]LogShaderCompilers: Guid format shader working directory is -32 characters bigger than the processId version (../../../../../../Users/Laptop Sam/Documents/GitHub/UnrealVRTestbox/VRenvironment/Intermediate/Shaders/WorkingDirectory/5696/).
[2016.09.01-12.34.57:961][  0]LogShaderCompilers: Cleaned the shader compiler working directory 'C:/Users/LAPTOP~1/AppData/Local/Temp/UnrealShaderWorkingDir/6D9396EB4CB7A36AD443F9ACEA86B2EE/'.
[2016.09.01-12.34.57:962][  0]LogShaderCompilers:Display: Using Local Shader Compiler.
[2016.09.01-12.35.01:100][  0]LogTemp:Display: Loaded TP AllDesktopTargetPlatform
[2016.09.01-12.35.01:113][  0]LogTemp:Display: Loaded TP WindowsClientTargetPlatform
[2016.09.01-12.35.01:124][  0]LogTemp:Display: Loaded TP WindowsNoEditorTargetPlatform
[2016.09.01-12.35.01:136][  0]LogTemp:Display: Loaded TP WindowsServerTargetPlatform
[2016.09.01-12.35.01:148][  0]LogTemp:Display: Loaded TP WindowsTargetPlatform
[2016.09.01-12.35.01:158][  0]LogTemp:Display: Loaded TP AndroidTargetPlatform
[2016.09.01-12.35.01:168][  0]LogTemp:Display: Loaded TP Android_ASTCTargetPlatform
[2016.09.01-12.35.01:178][  0]LogTemp:Display: Loaded TP Android_ATCTargetPlatform
[2016.09.01-12.35.01:187][  0]LogTemp:Display: Loaded TP Android_DXTTargetPlatform
[2016.09.01-12.35.01:199][  0]LogTemp:Display: Loaded TP Android_ETC1TargetPlatform
[2016.09.01-12.35.01:209][  0]LogTemp:Display: Loaded TP Android_ETC2TargetPlatform
[2016.09.01-12.35.01:228][  0]LogTemp:Display: Loaded TP Android_MultiTargetPlatform
[2016.09.01-12.35.01:228][  0]LogTemp:Display: Loaded TP Android_PVRTCTargetPlatform
[2016.09.01-12.35.01:229][  0]LogTemp:Display: Loaded TP HTML5TargetPlatform
[2016.09.01-12.35.01:255][  0]LogTemp:Display: Loaded TP IOSTargetPlatform
[2016.09.01-12.35.01:264][  0]LogTemp:Display: Loaded TP TVOSTargetPlatform
[2016.09.01-12.35.01:274][  0]LogTemp:Display: Loaded TP LinuxNoEditorTargetPlatform
[2016.09.01-12.35.01:283][  0]LogTemp:Display: Loaded TP LinuxServerTargetPlatform
[2016.09.01-12.35.01:325][  0]LogTemp:Display: Loaded TP LinuxTargetPlatform
[2016.09.01-12.35.01:325][  0]LogTargetPlatformManager:Display: Building Assets For Windows
[2016.09.01-12.35.01:445][  0]LogDerivedDataCache:Display: Max Cache Size: 512 MB
[2016.09.01-12.35.01:934][  0]LogDerivedDataCache: Loaded boot cache 0.49s 48MB C:/Users/Laptop Sam/AppData/Local/UnrealEngine/4.12/DerivedDataCache/Boot.ddc.
[2016.09.01-12.35.01:934][  0]LogDerivedDataCache:Display: Loaded Boot cache: C:/Users/Laptop Sam/AppData/Local/UnrealEngine/4.12/DerivedDataCache/Boot.ddc
[2016.09.01-12.35.01:934][  0]LogDerivedDataCache: FDerivedDataBackendGraph:  Pak pak cache file ../../../../../../Users/Laptop Sam/Documents/GitHub/UnrealVRTestbox/VRenvironment/DerivedDataCache/DDC.ddp not found, will not use a pak cache.
[2016.09.01-12.35.01:934][  0]LogDerivedDataCache: Unable to find inner node Pak for hierarchical cache Hierarchy.
[2016.09.01-12.35.01:934][  0]LogDerivedDataCache: FDerivedDataBackendGraph:  CompressedPak pak cache file ../../../../../../Users/Laptop Sam/Documents/GitHub/UnrealVRTestbox/VRenvironment/DerivedDataCache/Compressed.ddp not found, will not use a pak cache.
[2016.09.01-12.35.01:934][  0]LogDerivedDataCache: Unable to find inner node CompressedPak for hierarchical cache Hierarchy.
[2016.09.01-12.35.01:953][  0]LogDerivedDataCache:Display: Pak cache opened for reading ../../../Engine/DerivedDataCache/Compressed.ddp.
[2016.09.01-12.35.01:964][  0]LogDerivedDataCache: Using Local data cache path C:/Users/Laptop Sam/AppData/Local/UnrealEngine/Common/DerivedDataCache: Writable
[2016.09.01-12.35.02:220][  0]LogInit: Selected Device Profile: [Windows]
[2016.09.01-12.35.02:220][  0]LogContentStreaming: Texture pool size is 0.00 MB
[2016.09.01-12.35.02:629][  0]LogMeshUtilities: No automatic mesh reduction module available
[2016.09.01-12.35.02:629][  0]LogMeshUtilities: No automatic mesh merging module available
[2016.09.01-12.35.02:629][  0]LogMeshUtilities: No distributed automatic mesh merging module available
[2016.09.01-12.35.03:621][  0]LogAssetRegistry: FAssetRegistry took 0.0212 seconds to start up
[2016.09.01-12.35.03:664][  0]LogPackageLocalizationCache: Processed 3 localized package path(s) for 1 prioritized culture(s) in 0.038708 seconds
[2016.09.01-12.35.03:669][  0]LogUObjectArray: 28739 objects as part of root set at end of initial load.
[2016.09.01-12.35.03:669][  0]LogUObjectAllocator: 5855632 out of 0 bytes used by permanent object pool.
[2016.09.01-12.35.03:669][  0]LogUObjectArray: CloseDisregardForGC: 0/0 objects in disregard for GC pool
[2016.09.01-12.35.03:681][  0]LogInit: WinSock: version 1.1 (2.2), MaxSocks=32767, MaxUdp=65467
[2016.09.01-12.35.04:135][  0]LogSlate: SlateFontCache - WITH_FREETYPE: 1, WITH_HARFBUZZ: 1
[2016.09.01-12.35.04:135][  0]LogSlate: SlateFontCache - WITH_FREETYPE: 1, WITH_HARFBUZZ: 1
[2016.09.01-12.35.23:153][  0]LogUdpMessaging: Initializing bridge on interface 0.0.0.0:0 to multicast group 230.0.0.1:6666.
[2016.09.01-12.35.23:674][  0]SourceControl: Info Source control is disabled
[2016.09.01-12.35.23:675][  0]SourceControl: Info Source control is disabled
[2016.09.01-12.35.23:687][  0]SourceControl: Info Source control is disabled
[2016.09.01-12.35.23:700][  0]SourceControl: Info Source control is disabled
[2016.09.01-12.35.24:116][  0]LogEngine: Initializing Engine...
[2016.09.01-12.35.24:117][  0]LogHMD: SteamVR failed to initialize.  Err: 110
[2016.09.01-12.35.24:117][  0]LogHMD: SteamVR failed to initialize.  Err: 110
[2016.09.01-12.35.24:540][  0]LogAIModule: Creating AISystem for world NewWorld
[2016.09.01-12.35.24:544][  0]LogInit: XAudio2 using 'Speakers (Realtek High Definition Audio)' : 2 channels at 48 kHz using 32 bits per sample (channel mask 0x3)
[2016.09.01-12.35.24:555][  0]LogInit: FAudioDevice initialized.
[2016.09.01-12.35.24:581][  0]LogDerivedDataCache: Saved boot cache 0.03s 48MB C:/Users/Laptop Sam/AppData/Local/UnrealEngine/4.12/DerivedDataCache/Boot.ddc.
[2016.09.01-12.35.24:589][  0]LogInit: Texture streaming: Enabled
[2016.09.01-12.35.24:621][  0]LogInit: Transaction tracking system initialized
[2016.09.01-12.35.24:654][  0]BlueprintLog: New page: Editor Load
[2016.09.01-12.35.24:774][  0]LocalizationService: Info Localization service is disabled
[2016.09.01-12.35.24:928][  0]LogConsoleResponse:Display: 
[2016.09.01-12.35.25:662][  0]LogCook:Display: Max memory allowance for cook 8192mb
[2016.09.01-12.35.25:662][  0]LogCook:Display: Mobile HDR setting 1
[2016.09.01-12.35.26:235][  0]LogFileCache: Scanning file cache for directory 'C:/Users/Laptop Sam/Documents/GitHub/UnrealVRTestbox/VRenvironment/Content/' took 0.01s
[2016.09.01-12.35.26:266][  0]SourceControl: Info Source control is disabled
[2016.09.01-12.35.26:372][  0]LogWindowsTextInputMethodSystem:Display: IME system now deactivated.
[2016.09.01-12.35.39:836][  0]LogWindowsTextInputMethodSystem:Display: IME system now deactivated.
[2016.09.01-12.35.39:926][  0]LogWindowsTextInputMethodSystem:Display: IME system now deactivated.
[2016.09.01-12.35.44:583][  0]LogWindowsTextInputMethodSystem:Display: IME system now deactivated.
[2016.09.01-12.35.44:610][  0]LogWindowsTextInputMethodSystem:Display: IME system now deactivated.
[2016.09.01-12.35.44:611][  0]Cmd: MAP LOAD FILE="../../../Engine/Content/Maps/Templates/Template_Default.umap" TEMPLATE=1 SHOWPROGRESS=1 FEATURELEVEL=3
[2016.09.01-12.35.44:611][  0]LightingResults: New page: Lighting Build
[2016.09.01-12.35.44:617][  0]MapCheck: New page: Map Check
[2016.09.01-12.35.44:617][  0]LightingResults: New page: Lighting Build
[2016.09.01-12.35.44:979][  0]LogAIModule: Creating AISystem for world Untitled_1
[2016.09.01-12.35.45:151][  0]LogEditorServer: Finished looking for orphan Actors (0.000 secs)
[2016.09.01-12.35.45:155][  0]Cmd: MAP CHECKDEP NOCLEARLOG
[2016.09.01-12.35.45:204][  0]MapCheck: Info Map check complete: 0 Error(s), 0 Warning(s), took 48.328ms to complete.
[2016.09.01-12.35.45:204][  0]LogFileHelpers: Loading map 'Template_Default' took 0.593
[2016.09.01-12.35.45:250][  0]LogStats:Warning: MetaData mismatch. Did you assign a stat to two groups? New //STATGROUP_Threads//SplashScreenThread///Thread_1ee4_0///####STATCAT_Advanced#### old //STATGROUP_Threads//SplashScreenThread///Thread_944_0///####STATCAT_Advanced####
[2016.09.01-12.35.45:250][  0]LogCollectionManager: Loaded 0 collections in 0.003113 seconds
[2016.09.01-12.35.45:307][  0]LogFileCache: Scanning file cache for directory 'C:/Users/Laptop Sam/Documents/GitHub/UnrealVRTestbox/VRenvironment/Saved/Collections/' took 0.01s
[2016.09.01-12.35.45:307][  0]LogFileCache: Scanning file cache for directory 'C:/Users/Laptop Sam/Documents/GitHub/UnrealVRTestbox/VRenvironment/Content/Developers/LaptopSam/Collections/' took 0.01s
[2016.09.01-12.35.45:307][  0]LogFileCache: Scanning file cache for directory 'C:/Users/Laptop Sam/Documents/GitHub/UnrealVRTestbox/VRenvironment/Content/Collections/' took 0.01s
[2016.09.01-12.35.45:307][  0]LogCollectionManager: Rebuilt the GUID cache for 0 collections in 0.000003 seconds
[2016.09.01-12.35.45:316][  0]LogContentBrowser: Native class hierarchy populated in 0.0088 seconds. Added 2047 classes and 369 folders.
[2016.09.01-12.35.45:321][  0]LogStats: UGameplayTagsManager::ConstructGameplayTagTree: Construct from data asset -  0.000 s
[2016.09.01-12.35.45:321][  0]LogStats: UGameplayTagsManager::ConstructGameplayTagTree: GameplayTagTreeChangedEvent.Broadcast -  0.000 s
[2016.09.01-12.35.45:322][  0]LogContentBrowser: Native class hierarchy updated for 'GameplayTags' in 0.0005 seconds. Added 12 classes and 0 folders.
[2016.09.01-12.35.45:329][  0]LogContentBrowser: Native class hierarchy updated for 'WidgetCarousel' in 0.0004 seconds. Added 0 classes and 0 folders.
[2016.09.01-12.35.45:822][  0]LogContentBrowser: Native class hierarchy updated for 'AddContentDialog' in 0.0005 seconds. Added 0 classes and 0 folders.
[2016.09.01-12.35.45:915][  0]LogContentBrowser: Native class hierarchy updated for 'SceneOutliner' in 0.0004 seconds. Added 1 classes and 2 folders.
[2016.09.01-12.35.45:970][  0]LogCrashTracker: Crashtracker disabled due to settings.
[2016.09.01-12.35.45:974][  0]LogUObjectGlobals:Warning: Failed to find object 'Class None.'
[2016.09.01-12.35.46:003][  0]LogContentBrowser: Native class hierarchy updated for 'HierarchicalLODOutliner' in 0.0005 seconds. Added 1 classes and 2 folders.
[2016.09.01-12.35.46:003][  0]LogLoad: Full Startup: 50.83 seconds (BP compile: 0.11 seconds)
[2016.09.01-12.35.46:003][  0]LogExternalProfiler: No external profilers were discovered.  External profiling features will not be available.
[2016.09.01-12.35.46:021][  0]LogOcInput: OculusInput pre-init called
[2016.09.01-12.35.46:038][  0]LogContentStreaming: Texture pool size now 1000 MB
[2016.09.01-12.35.46:378][  0]LogRenderer: Reallocating scene render targets to support 956x708 (Frame:2).
[2016.09.01-12.35.46:540][  1]LogAssetRegistry: Asset discovery search completed in 42.9403 seconds
[2016.09.01-12.35.46:540][  1]LogCollectionManager: Rebuilt the object cache for 0 collections in 0.000001 seconds (found 0 objects)
[2016.09.01-12.35.46:540][  1]LogCollectionManager: Fixed up redirectors for 0 collections in 0.000026 seconds (updated 0 objects)
[2016.09.01-12.35.52:557][337]Cmd: MAP LOAD FILE="../../../../../../Users/Laptop Sam/Documents/GitHub/UnrealVRTestbox/VRenvironment/Content/VR_audio_enviroment.umap" TEMPLATE=0 SHOWPROGRESS=1 FEATURELEVEL=3
[2016.09.01-12.35.52:569][337]LightingResults: New page: Lighting Build
[2016.09.01-12.35.52:570][337]LoadErrors: New page: Loading map: VR_audio_enviroment.umap
[2016.09.01-12.35.52:572][337]MapCheck: New page: Map Check
[2016.09.01-12.35.52:572][337]LightingResults: New page: Lighting Build
[2016.09.01-12.35.52:591][337]LogAIModule: Creating AISystem for world VR_audio_enviroment
[2016.09.01-12.35.52:636][337]LogEditorServer: Finished looking for orphan Actors (0.000 secs)
[2016.09.01-12.35.52:667][337]Cmd: MAP CHECKDEP NOCLEARLOG
[2016.09.01-12.35.52:714][337]MapCheck: Info Map check complete: 0 Error(s), 0 Warning(s), took 46.276ms to complete.
[2016.09.01-12.35.52:714][337]LogFileHelpers: Loading map 'VR_audio_enviroment' took 0.158
[2016.09.01-12.36.08:096][249]Cmd: MAP LOAD FILE="../../../../../../Users/Laptop Sam/Documents/GitHub/UnrealVRTestbox/VRenvironment/Content/VROpenEnvironment.umap" TEMPLATE=0 SHOWPROGRESS=1 FEATURELEVEL=3
[2016.09.01-12.36.08:108][249]LightingResults: New page: Lighting Build
[2016.09.01-12.36.08:109][249]LoadErrors: New page: Loading map: VROpenEnvironment.umap
[2016.09.01-12.36.08:113][249]MapCheck: New page: Map Check
[2016.09.01-12.36.08:113][249]LightingResults: New page: Lighting Build
[2016.09.01-12.36.08:256][249]LogAIModule: Creating AISystem for world VROpenEnvironment
[2016.09.01-12.36.08:314][249]LogEditorServer: Finished looking for orphan Actors (0.000 secs)
[2016.09.01-12.36.08:344][249]Cmd: MAP CHECKDEP NOCLEARLOG
[2016.09.01-12.36.08:390][249]MapCheck: Info Map check complete: 0 Error(s), 0 Warning(s), took 46.343ms to complete.
[2016.09.01-12.36.08:390][249]LogFileHelpers: Loading map 'VROpenEnvironment' took 0.295
[2016.09.01-12.36.10:855][395]LogPlayLevel: PlayLevel: No blueprints needed recompiling
[2016.09.01-12.36.10:855][395]PIE: New page: PIE session: VROpenEnvironment (Sep 1, 2016, 3:36:10 PM)
[2016.09.01-12.36.10:855][395]LogPlayLevel: Creating play world package: /Game/UEDPIE_0_VROpenEnvironment
[2016.09.01-12.36.10:884][395]LogPlayLevel: PIE: StaticDuplicateObject took: (0.028359s)
[2016.09.01-12.36.10:884][395]LogAIModule: Creating AISystem for world VROpenEnvironment
[2016.09.01-12.36.10:884][395]LogPlayLevel: PIE: World Init took: (0.000587s)
[2016.09.01-12.36.10:885][395]LogPlayLevel: PIE: Created PIE world by copying editor world from /Game/VROpenEnvironment.VROpenEnvironment to /Game/UEDPIE_0_VROpenEnvironment.VROpenEnvironment (0.029203s)
[2016.09.01-12.36.10:897][395]LogInit: XAudio2 using 'Speakers (Realtek High Definition Audio)' : 2 channels at 48 kHz using 32 bits per sample (channel mask 0x3)
[2016.09.01-12.36.10:905][395]LogInit: FAudioDevice initialized.
[2016.09.01-12.36.11:012][395]LogWorld: Game class is 'FPS_C'
[2016.09.01-12.36.11:016][395]LogWorld: Bringing World /Game/UEDPIE_0_VROpenEnvironment.VROpenEnvironment up for play (max tick rate 60) at 2016.09.01-14.36.11
[2016.09.01-12.36.11:017][395]LogWorld: Bringing up level for play took: 0.002892
[2016.09.01-12.36.11:022][395]LogContentBrowser: Native class hierarchy updated for 'MovieSceneCapture' in 0.0005 seconds. Added 11 classes and 0 folders.
[2016.09.01-12.36.11:024][395]PIE: Info Play in editor start time for /Game/UEDPIE_0_VROpenEnvironment -0.02
[2016.09.01-12.36.29:058][462]Cmd: MAP LOAD FILE="../../../../../../Users/Laptop Sam/Documents/GitHub/UnrealVRTestbox/VRenvironment/Content/VR_audio_enviroment.umap" TEMPLATE=0 SHOWPROGRESS=1 FEATURELEVEL=3
[2016.09.01-12.36.29:080][462]LightingResults: New page: Lighting Build
[2016.09.01-12.36.29:081][462]LoadErrors: New page: Loading map: VR_audio_enviroment.umap
[2016.09.01-12.36.29:081][462]MapCheck: New page: Map Check
[2016.09.01-12.36.29:081][462]LightingResults: New page: Lighting Build
[2016.09.01-12.36.29:103][462]LogAIModule: Creating AISystem for world VR_audio_enviroment
[2016.09.01-12.36.29:166][462]LogEditorServer: Finished looking for orphan Actors (0.000 secs)
[2016.09.01-12.36.29:196][462]Cmd: MAP CHECKDEP NOCLEARLOG
[2016.09.01-12.36.29:246][462]MapCheck: Info Map check complete: 0 Error(s), 0 Warning(s), took 49.112ms to complete.
[2016.09.01-12.36.29:246][462]LogFileHelpers: Loading map 'VR_audio_enviroment' took 0.188
[2016.09.01-12.36.39:482][ 42]Cmd: DELETE
[2016.09.01-12.36.39:482][ 42]Cmd: ACTOR DELETE
[2016.09.01-12.36.39:482][ 42]LogEditorActor: Deleted Actor: AmbientSound
[2016.09.01-12.36.39:525][ 42]LogEditorActor: Deleted 1 Actors (0.044 secs)
[2016.09.01-12.36.58:840][179]Cmd: DELETE
[2016.09.01-12.36.58:840][179]Cmd: ACTOR DELETE
[2016.09.01-12.36.58:840][179]LogEditorActor: Deleted Actor: Actor
[2016.09.01-12.36.58:849][179]LogEditorActor: Deleted 1 Actors (0.009 secs)
[2016.09.01-12.36.59:911][243]LogEditorViewport: Clicking on Actor (LMB): AmbientSound (Testsounddogbark)
[2016.09.01-12.37.08:846][771]LogPlayLevel: PlayLevel: No blueprints needed recompiling
[2016.09.01-12.37.08:846][771]PIE: New page: PIE session: VR_audio_enviroment (Sep 1, 2016, 3:37:08 PM)
[2016.09.01-12.37.08:847][771]LogPlayLevel: Creating play world package: /Game/UEDPIE_0_VR_audio_enviroment
[2016.09.01-12.37.08:849][771]LogPlayLevel: PIE: StaticDuplicateObject took: (0.002884s)
[2016.09.01-12.37.08:851][771]LogAIModule: Creating AISystem for world VR_audio_enviroment
[2016.09.01-12.37.08:851][771]LogPlayLevel: PIE: World Init took: (0.001189s)
[2016.09.01-12.37.08:851][771]LogPlayLevel: PIE: Created PIE world by copying editor world from /Game/VR_audio_enviroment.VR_audio_enviroment to /Game/UEDPIE_0_VR_audio_enviroment.VR_audio_enviroment (0.004343s)
[2016.09.01-12.37.08:862][771]LogInit: XAudio2 using 'Speakers (Realtek High Definition Audio)' : 2 channels at 48 kHz using 32 bits per sample (channel mask 0x3)
[2016.09.01-12.37.08:870][771]LogInit: FAudioDevice initialized.
[2016.09.01-12.37.08:927][771]LogWorld: Game class is 'FPS_C'
[2016.09.01-12.37.08:930][771]LogWorld: Bringing World /Game/UEDPIE_0_VR_audio_enviroment.VR_audio_enviroment up for play (max tick rate 60) at 2016.09.01-14.37.08
[2016.09.01-12.37.08:930][771]LogWorld: Bringing up level for play took: 0.002163
[2016.09.01-12.37.08:932][771]PIE: Info Play in editor start time for /Game/UEDPIE_0_VR_audio_enviroment -0.112
[2016.09.01-12.37.12:620][989]LogActorComponent: ReregisterComponent: (/Game/VR_audio_enviroment.VR_audio_enviroment:PersistentLevel.NewSoundCue_2.AudioComponent0) Not currently registered. Aborting.
[2016.09.01-12.37.16:691][125]LogPlayLevel: PlayLevel: No blueprints needed recompiling
[2016.09.01-12.37.16:692][125]PIE: New page: PIE session: VR_audio_enviroment (Sep 1, 2016, 3:37:16 PM)
[2016.09.01-12.37.16:692][125]LogPlayLevel: Creating play world package: /Game/UEDPIE_0_VR_audio_enviroment
[2016.09.01-12.37.16:694][125]LogPlayLevel: PIE: StaticDuplicateObject took: (0.002274s)
[2016.09.01-12.37.16:695][125]LogAIModule: Creating AISystem for world VR_audio_enviroment
[2016.09.01-12.37.16:695][125]LogPlayLevel: PIE: World Init took: (0.000763s)
[2016.09.01-12.37.16:695][125]LogPlayLevel: PIE: Created PIE world by copying editor world from /Game/VR_audio_enviroment.VR_audio_enviroment to /Game/UEDPIE_0_VR_audio_enviroment.VR_audio_enviroment (0.003296s)
[2016.09.01-12.37.16:709][125]LogInit: XAudio2 using 'Speakers (Realtek High Definition Audio)' : 2 channels at 48 kHz using 32 bits per sample (channel mask 0x3)
[2016.09.01-12.37.16:717][125]LogInit: FAudioDevice initialized.
[2016.09.01-12.37.16:771][125]LogWorld: Game class is 'FPS_C'
[2016.09.01-12.37.16:774][125]LogWorld: Bringing World /Game/UEDPIE_0_VR_audio_enviroment.VR_audio_enviroment up for play (max tick rate 60) at 2016.09.01-14.37.16
[2016.09.01-12.37.16:774][125]LogWorld: Bringing up level for play took: 0.002044
[2016.09.01-12.37.16:776][125]PIE: Info Play in editor start time for /Game/UEDPIE_0_VR_audio_enviroment -0.268
[2016.09.01-12.37.20:276][332]LogActorComponent: ReregisterComponent: (/Game/VR_audio_enviroment.VR_audio_enviroment:PersistentLevel.NewSoundCue_2.AudioComponent0) Not currently registered. Aborting.
[2016.09.01-12.37.24:359][564]LogEditorViewport: Clicking on Actor (LMB): BP_Sky_Sphere_C (Sky Sphere)
[2016.09.01-12.37.28:828][811]LogActorFactory: Actor Factory created Cube
[2016.09.01-12.37.29:775][863]LogActorFactory: Actor Factory created Cube
[2016.09.01-12.37.31:986][983]LogEditorViewport: Clicking on Actor (LMB): AmbientSound (Testsounddogbark)
[2016.09.01-12.37.54:115][253]LogEditorViewport: Clicking on Actor (context menu): AmbientSound (Testsounddogbark)
[2016.09.01-12.41.47:576][357]Cmd: TRANSACTION UNDO
[2016.09.01-12.41.47:576][357]LogEditorTransaction: Undo Delete Selected Sound Cue Node
[2016.09.01-12.41.47:967][375]Cmd: TRANSACTION UNDO
[2016.09.01-12.41.47:967][375]LogEditorTransaction: Undo Move Node
[2016.09.01-12.41.56:112][827]LogEditorViewport: Clicking on Component (LMB): AudioComponent (AudioComponent0)
[2016.09.01-12.41.56:650][857]LogEditorViewport: Clicking on Component (LMB): AudioComponent (AudioComponent0)
[2016.09.01-12.44.31:142][660]LogEditorViewport: Clicking on Actor (LMB): StaticMeshActor (Floor)
[2016.09.01-12.45.01:310][ 70]LogEditorViewport: Clicking on Actor (LMB): AmbientSound (Testsounddogbark)
[2016.09.01-12.45.44:364][398]LogEditorViewport: Clicking on Actor (LMB): AmbientSound (Testsounddogbark)
[2016.09.01-12.45.44:893][427]LogEditorViewport: Clicking on Actor (LMB): AmbientSound (Testsounddogbark)
[2016.09.01-12.45.58:358][218]LogActorFactory: Actor Factory created Cube
[2016.09.01-12.45.59:712][298]LogActorFactory: Actor Factory created Cube
[2016.09.01-12.46.10:845][865]MapCheck: New page: Map Check
[2016.09.01-12.46.10:863][865]Cmd: MAP REBUILD ALLVISIBLE
[2016.09.01-12.46.10:866][865]LogEditorServer: Rebuildmap Clear paths rebuilt
[2016.09.01-12.46.10:988][865]LightingResults: New page: Lighting Build - Sep 1, 2016, 3:46:10 PM
[2016.09.01-12.46.11:181][865]LogSwarmInterface: [OpenConnection] Registering TCP channel ...
[2016.09.01-12.46.11:396][865]LogSwarmInterface: [OpenConnection] Connecting to agent ...
[2016.09.01-12.46.11:405][865]LogSwarmInterface: [TryOpenConnection] Testing the Agent
[2016.09.01-12.46.12:417][865]LogSwarmInterface: [TryOpenConnection] Opening Connection to Agent
[2016.09.01-12.46.12:417][865]LogSwarmInterface: [TryOpenConnection] Local Process ID is 5696
[2016.09.01-12.46.15:760][865]LogStaticLightingSystem:Warning: No importance volume found, so the scene bounding box was used.  You can optimize your scene's quality and lighting build times by adding importance volumes.
[2016.09.01-12.46.15:760][865]LogStaticLightingSystem: Running Lightmass w/ ImmediateImport mode ENABLED
[2016.09.01-12.46.15:760][865]LogStaticLightingSystem: Running Lightmass w/ ImmediateProcess mode ENABLED
[2016.09.01-12.46.15:760][865]LogStaticLightingSystem: Running Lightmass w/ Sorting mode ENABLED
[2016.09.01-12.46.15:760][865]LogStaticLightingSystem: Running Lightmass w/ Mapping paddings ENABLED
[2016.09.01-12.46.15:760][865]LogStaticLightingSystem: Running Lightmass w/ Mapping debug paddings DISABLED
[2016.09.01-12.46.15:954][865]Cmd: MAP CHECK DONTDISPLAYDIALOG
[2016.09.01-12.46.15:954][865]MapCheck: New page: VR_audio_enviroment - Sep 1, 2016, 3:46:15 PM
[2016.09.01-12.46.16:014][865]MapCheck:Error: Error WorldSettings_1 Maps need lighting rebuilt 
[2016.09.01-12.46.16:065][865]MapCheck: Info Map check complete: 1 Error(s), 0 Warning(s), took 111.386ms to complete.
[2016.09.01-12.46.16:088][865]LogEditorBuildUtils: Build time 0:05
[2016.09.01-12.46.18:317][917]Job is a success!
[2016.09.01-12.46.18:443][918]LogTexture:Display: Building textures: HQ_Lightmap0_1 (AutoDXT)
[2016.09.01-12.46.18:443][918]LogTexture:Display: Building textures: LQ_Lightmap_0_1 (DXT1)
[2016.09.01-12.46.18:443][918]LogTexture:Display: Building textures: HQ_Lightmap1_2 (AutoDXT)
[2016.09.01-12.46.18:443][918]LogTexture:Display: Building textures: LQ_Lightmap_1_2 (DXT1)
[2016.09.01-12.46.18:443][918]LogTexture:Display: Building textures: ShadowMapTexture2D_0 (G8)
[2016.09.01-12.46.18:443][918]LogTexture:Display: Building textures: ShadowMapTexture2D_3 (G8)
[2016.09.01-12.46.18:477][918]Lightmass on LAPTOPSAM: 853 ms total, 145 ms importing, 30 ms setup, 274 ms photons, 390 ms processing, 0 ms extra exporting [4/4 mappings]. Threads: 2.57 sec total, 374 ms processing.
[2016.09.01-12.46.18:496][918]LogStaticLightingSystem: Illumination: 7.46 sec (26 ms encoding lightmaps, 10 ms encoding shadowmaps)
[2016.09.01-12.46.18:496][918]LogStaticLightingSystem: Lightmap texture memory:  0.1 MB (0.1 MB streaming, 0.0 MB non-streaming), 4 textures
[2016.09.01-12.46.18:496][918]LogStaticLightingSystem: Shadowmap texture memory: 0.0 MB (0.0 MB streaming, 0.0 MB non-streaming), 2 textures
[2016.09.01-12.46.18:796][919]Cmd: MAP CHECK NOTIFYRESULTS
[2016.09.01-12.46.18:796][919]MapCheck: New page: VR_audio_enviroment - Sep 1, 2016, 3:46:18 PM
[2016.09.01-12.46.18:846][919]MapCheck: Info Map check complete: 0 Error(s), 0 Warning(s), took 49.957ms to complete.
[2016.09.01-12.46.21:389][ 35]LogPlayLevel: PlayLevel: No blueprints needed recompiling
[2016.09.01-12.46.21:389][ 35]PIE: New page: PIE session: VR_audio_enviroment (Sep 1, 2016, 3:46:21 PM)
[2016.09.01-12.46.21:389][ 35]LogPlayLevel: Creating play world package: /Game/UEDPIE_0_VR_audio_enviroment
[2016.09.01-12.46.21:392][ 35]LogPlayLevel: PIE: StaticDuplicateObject took: (0.002897s)
[2016.09.01-12.46.21:393][ 35]LogAIModule: Creating AISystem for world VR_audio_enviroment
[2016.09.01-12.46.21:393][ 35]LogPlayLevel: PIE: World Init took: (0.000709s)
[2016.09.01-12.46.21:393][ 35]LogPlayLevel: PIE: Created PIE world by copying editor world from /Game/VR_audio_enviroment.VR_audio_enviroment to /Game/UEDPIE_0_VR_audio_enviroment.VR_audio_enviroment (0.003824s)
[2016.09.01-12.46.21:406][ 35]LogInit: XAudio2 using 'Speakers (Realtek High Definition Audio)' : 2 channels at 48 kHz using 32 bits per sample (channel mask 0x3)
[2016.09.01-12.46.21:415][ 35]LogInit: FAudioDevice initialized.
[2016.09.01-12.46.21:475][ 35]LogWorld: Game class is 'FPS_C'
[2016.09.01-12.46.21:478][ 35]LogWorld: Bringing World /Game/UEDPIE_0_VR_audio_enviroment.VR_audio_enviroment up for play (max tick rate 60) at 2016.09.01-14.46.21
[2016.09.01-12.46.21:478][ 35]LogWorld: Bringing up level for play took: 0.002303
[2016.09.01-12.46.21:523][ 35]PIE: Info Play in editor start time for /Game/UEDPIE_0_VR_audio_enviroment 0.479
[2016.09.01-12.48.17:236][353]LogSavePackage: Save=27.57ms
[2016.09.01-12.48.17:236][353]LogSavePackage: Moving '../../../../../../Users/Laptop Sam/Documents/GitHub/UnrealVRTestbox/VRenvironment/Saved/VR_audio_enviroment_Auto14C7E009D42EA041187900499981480CF.tmp' to '../../../../../../Users/Laptop Sam/Documents/GitHub/UnrealVRTestbox/VRenvironment/Saved/Autosaves/Game/VR_audio_enviroment_Auto1.umap'
[2016.09.01-12.48.17:237][353]LogSavePackage:Display: Finished SavePackage ../../../../../../Users/Laptop Sam/Documents/GitHub/UnrealVRTestbox/VRenvironment/Saved/Autosaves/Game/VR_audio_enviroment_Auto1.umap
[2016.09.01-12.48.17:239][353]LogFileHelpers: Editor autosave (incl. sublevels) for '/Game/VR_audio_enviroment' took 0.048
[2016.09.01-12.48.17:239][353]LogFileHelpers: Editor autosave (incl. sublevels) for all levels took 0.048
[2016.09.01-12.48.17:241][353]OBJ SavePackage: Generating thumbnails for [0] asset(s) in package [/Game/assets/Audio/NewSoundAttenuation] ([1] browsable assets)...
[2016.09.01-12.48.17:241][353]OBJ SavePackage: Finished generating thumbnails for package [/Game/assets/Audio/NewSoundAttenuation]
[2016.09.01-12.48.17:246][353]LogSavePackage: Save=3.73ms
[2016.09.01-12.48.17:246][353]LogSavePackage: Moving '../../../../../../Users/Laptop Sam/Documents/GitHub/UnrealVRTestbox/VRenvironment/Saved/NewSoundAttenuation_Auto160A402BA4884B33DDBA696AA48D57988.tmp' to '../../../../../../Users/Laptop Sam/Documents/GitHub/UnrealVRTestbox/VRenvironment/Saved/Autosaves/Game/assets/Audio/NewSoundAttenuation_Auto1.uasset'
[2016.09.01-12.48.17:261][353]LogSavePackage:Display: Finished SavePackage ../../../../../../Users/Laptop Sam/Documents/GitHub/UnrealVRTestbox/VRenvironment/Saved/Autosaves/Game/assets/Audio/NewSoundAttenuation_Auto1.uasset
[2016.09.01-12.48.17:262][353]OBJ SavePackage: Generating thumbnails for [1] asset(s) in package [/Game/assets/Audio/Testsounddogbark] ([1] browsable assets)...
[2016.09.01-12.48.17:275][353]OBJ SavePackage:     Rendered thumbnail for [SoundWave /Game/assets/Audio/Testsounddogbark.Testsounddogbark]
[2016.09.01-12.48.17:275][353]OBJ SavePackage: Finished generating thumbnails for package [/Game/assets/Audio/Testsounddogbark]
[2016.09.01-12.48.17:311][353]LogSavePackage: Save=24.40ms
[2016.09.01-12.48.17:311][353]LogSavePackage: Moving '../../../../../../Users/Laptop Sam/Documents/GitHub/UnrealVRTestbox/VRenvironment/Saved/Testsounddogbark_Auto1BB7DD96943635AF56F6E318694D10C57.tmp' to '../../../../../../Users/Laptop Sam/Documents/GitHub/UnrealVRTestbox/VRenvironment/Saved/Autosaves/Game/assets/Audio/Testsounddogbark_Auto1.uasset'
[2016.09.01-12.48.17:313][353]LogSavePackage:Display: Finished SavePackage ../../../../../../Users/Laptop Sam/Documents/GitHub/UnrealVRTestbox/VRenvironment/Saved/Autosaves/Game/assets/Audio/Testsounddogbark_Auto1.uasset
[2016.09.01-12.48.17:313][353]OBJ SavePackage: Generating thumbnails for [0] asset(s) in package [/Game/assets/Audio/NewSoundCue] ([1] browsable assets)...
[2016.09.01-12.48.17:313][353]OBJ SavePackage: Finished generating thumbnails for package [/Game/assets/Audio/NewSoundCue]
[2016.09.01-12.48.17:320][353]LogSavePackage: Save=5.25ms
[2016.09.01-12.48.17:320][353]LogSavePackage: Moving '../../../../../../Users/Laptop Sam/Documents/GitHub/UnrealVRTestbox/VRenvironment/Saved/NewSoundCue_Auto18A62CEEB417EA5C82B5241B86B55D9FF.tmp' to '../../../../../../Users/Laptop Sam/Documents/GitHub/UnrealVRTestbox/VRenvironment/Saved/Autosaves/Game/assets/Audio/NewSoundCue_Auto1.uasset'
[2016.09.01-12.48.17:322][353]LogSavePackage:Display: Finished SavePackage ../../../../../../Users/Laptop Sam/Documents/GitHub/UnrealVRTestbox/VRenvironment/Saved/Autosaves/Game/assets/Audio/NewSoundCue_Auto1.uasset
[2016.09.01-12.48.17:322][353]LogFileHelpers: Auto-saving content packages took 0.082
[2016.09.01-12.48.26:171][636]LogPlayLevel: PlayLevel: No blueprints needed recompiling
[2016.09.01-12.48.26:171][636]PIE: New page: PIE session: VR_audio_enviroment (Sep 1, 2016, 3:48:26 PM)
[2016.09.01-12.48.26:171][636]LogPlayLevel: Creating play world package: /Game/UEDPIE_0_VR_audio_enviroment
[2016.09.01-12.48.26:174][636]LogPlayLevel: PIE: StaticDuplicateObject took: (0.002565s)
[2016.09.01-12.48.26:174][636]LogAIModule: Creating AISystem for world VR_audio_enviroment
[2016.09.01-12.48.26:175][636]LogPlayLevel: PIE: World Init took: (0.001085s)
[2016.09.01-12.48.26:175][636]LogPlayLevel: PIE: Created PIE world by copying editor world from /Game/VR_audio_enviroment.VR_audio_enviroment to /Game/UEDPIE_0_VR_audio_enviroment.VR_audio_enviroment (0.003929s)
[2016.09.01-12.48.26:193][636]LogInit: XAudio2 using 'Speakers (Realtek High Definition Audio)' : 2 channels at 48 kHz using 32 bits per sample (channel mask 0x3)
[2016.09.01-12.48.26:204][636]LogInit: FAudioDevice initialized.
[2016.09.01-12.48.26:263][636]LogWorld: Game class is 'FPS_C'
[2016.09.01-12.48.26:266][636]LogWorld: Bringing World /Game/UEDPIE_0_VR_audio_enviroment.VR_audio_enviroment up for play (max tick rate 60) at 2016.09.01-14.48.26
[2016.09.01-12.48.26:267][636]LogWorld: Bringing up level for play took: 0.002347
[2016.09.01-12.48.26:269][636]PIE: Info Play in editor start time for /Game/UEDPIE_0_VR_audio_enviroment -0.775
[2016.09.01-