Log file open, 09/02/16 09:11:27
LogInit:Display: Running engine for game: VRenvironment
LogPlatformFile: Not using cached read wrapper
LogInit:Display: RandInit(-1813294413) SRandInit(-1813294411).
LogTaskGraph: Started task graph with 4 named threads and 7 total threads with 1 sets of task threads.
LogStats: Stats thread started at 0.085238
LogInit: Version: 4.12.5-3039270+++UE4+Release-4.12
LogInit: API Version: 2992821
LogInit: Net Version: 3039270
LogDevObjectVersion: Number of dev versions registered: 13
LogDevObjectVersion:   Dev-Blueprints (B0D832E4-1F89-4F0D-ACCF-7EB736FD4AA2): 3
LogDevObjectVersion:   Dev-Build (E1C64328-A22C-4D53-A36C-8E866417BD8C): 0
LogDevObjectVersion:   Dev-Core (375EC13C-06E4-48FB-B500-84F0262A717E): 1
LogDevObjectVersion:   Dev-Editor (E4B068ED-F494-42E9-A231-DA0B2E46BB41): 2
LogDevObjectVersion:   Dev-Framework (CFFC743F-43B0-4480-9391-14DF171D2073): 6
LogDevObjectVersion:   Dev-Mobile (B02B49B5-BB20-44E9-A304-32B752E40360): 0
LogDevObjectVersion:   Dev-Networking (A4E4105C-59A1-49B5-A7C5-40C4547EDFEE): 0
LogDevObjectVersion:   Dev-Online (39C831C9-5AE6-47DC-9A44-9C173E1C8E7C): 0
LogDevObjectVersion:   Dev-Physics (78F01B33-EBEA-4F98-B9B4-84EACCB95AA2): 0
LogDevObjectVersion:   Dev-Platform (6631380F-2D4D-43E0-8009-CF276956A95A): 0
LogDevObjectVersion:   Dev-Rendering (12F88B9F-8875-4AFC-A67C-D90C383ABD29): 2
LogDevObjectVersion:   Dev-Sequencer (7B5AE74C-D270-4C10-A958-57980B212A5A): 0
LogDevObjectVersion:   Dev-VR (D7296918-1DD6-4BDD-9DE2-64A83CC13884): 0
LogInit: Compiled (64-bit): Jul  6 2016 09:09:46
LogInit: Compiled with Visual C++: 19.00.23026.00
LogInit: Build Configuration: Development
LogInit: Branch Name: ++UE4+Release-4.12
LogInit: Command line: -EpicPortal 
LogInit: Base directory: C:/Program Files (x86)/Epic Games/4.12/Engine/Binaries/Win64/
LogInit: Installed Engine Build: 1
LogInit: Using libcurl 7.41.0
LogInit:  - built for x86_64-pc-win32
LogInit:  - supports SSL with WinSSL
LogInit:  - other features:
LogInit:      CURL_VERSION_SSL
LogInit:      CURL_VERSION_IPV6
LogInit:      CURL_VERSION_ASYNCHDNS
LogInit:      CURL_VERSION_LARGEFILE
LogInit:      CURL_VERSION_IDN
LogInit:  CurlRequestOptions (configurable via config and command line):
LogInit:  - bVerifyPeer = true  - Libcurl will verify peer certificate
LogInit:  - bUseHttpProxy = false  - Libcurl will NOT use HTTP proxy
LogInit:  - bDontReuseConnections = false  - Libcurl will reuse connections
LogInit:  - CertBundlePath = nullptr  - Libcurl will use whatever was configured at build time.
LogInit: Presizing for max 8388607 objects, including 0 objects not considered by GC, pre-allocating 0 bytes for permanent pool.
LogInit: Object subsystem initialized
[2016.09.02-07.11.27:463][  0]LogInit: Selected Device Profile: [Windows]
[2016.09.02-07.11.27:463][  0]LogInit: Applying CVar settings loaded from the selected device profile: [Windows]
[2016.09.02-07.11.27:543][  0]LogInit: Computer: LAPTOPSAM
[2016.09.02-07.11.27:543][  0]LogInit: User: LaptopSam
[2016.09.02-07.11.27:543][  0]LogInit: CPU Page size=65536, Cores=4
[2016.09.02-07.11.27:543][  0]LogInit: High frequency timer resolution =2.241012 MHz
[2016.09.02-07.11.27:543][  0]LogMemory: Memory total: Physical=7.9GB (8GB approx)
[2016.09.02-07.11.27:543][  0]LogMemory: Platform Memory Stats for Windows
[2016.09.02-07.11.27:543][  0]LogMemory: Process Physical Memory: 190.57 MB used, 190.57 MB peak
[2016.09.02-07.11.27:543][  0]LogMemory: Process Virtual Memory: 195.30 MB used, 195.30 MB peak
[2016.09.02-07.11.27:543][  0]LogMemory: Physical Memory: 4643.18 MB used, 8077.83 MB total
[2016.09.02-07.11.27:543][  0]LogMemory: Virtual Memory: 552.94 MB used, 134217728.00 MB total
[2016.09.02-07.11.27:805][  0]LogTextLocalizationManager: No translations for ('nl-NL') exist, falling back to 'en' for localization and internationalization data.
[2016.09.02-07.11.28:461][  0]LogD3D11RHI: D3D11 adapters:
[2016.09.02-07.11.28:488][  0]LogD3D11RHI:    0. 'NVIDIA GeForce GT 650M  ' (Feature Level 11_0)
[2016.09.02-07.11.28:488][  0]LogD3D11RHI:       1989/0/4038 MB DedicatedVideo/DedicatedSystem/SharedSystem, Outputs:1, VendorId:0x10de
[2016.09.02-07.11.28:491][  0]LogD3D11RHI:    1. 'Intel(R) HD Graphics 4000' (Feature Level 11_0)
[2016.09.02-07.11.28:491][  0]LogD3D11RHI:       32/0/1760 MB DedicatedVideo/DedicatedSystem/SharedSystem, Outputs:0, VendorId:0x8086
[2016.09.02-07.11.28:492][  0]LogD3D11RHI:    2. 'Microsoft Basic Render Driver' (Feature Level 11_0)
[2016.09.02-07.11.28:492][  0]LogD3D11RHI:       0/0/4038 MB DedicatedVideo/DedicatedSystem/SharedSystem, Outputs:0, VendorId:0x1414
[2016.09.02-07.11.28:492][  0]LogD3D11RHI: Chosen D3D11 Adapter: 0
[2016.09.02-07.11.28:498][  0]LogD3D11RHI: Creating new Direct3DDevice
[2016.09.02-07.11.28:498][  0]LogD3D11RHI:     GPU DeviceId: 0xfd1 (for the marketing name, search the web for "GPU Device Id")
[2016.09.02-07.11.28:498][  0]LogWindows: EnumDisplayDevices:
[2016.09.02-07.11.28:498][  0]LogWindows:    0. 'Intel(R) HD Graphics 4000' (P:1 D:1)
[2016.09.02-07.11.28:498][  0]LogWindows:    1. 'Intel(R) HD Graphics 4000' (P:0 D:0)
[2016.09.02-07.11.28:498][  0]LogWindows:    2. 'Intel(R) HD Graphics 4000' (P:0 D:0)
[2016.09.02-07.11.28:499][  0]LogWindows:    3. 'NVIDIA GeForce GT 650M  ' (P:0 D:0)
[2016.09.02-07.11.28:499][  0]LogWindows: DebugString: PrimaryIsNotTheChoosenAdapter PrimaryIsNotTheChoosenAdapter PrimaryIsNotTheChoosenAdapter 
[2016.09.02-07.11.28:499][  0]LogD3D11RHI:     Adapter Name: NVIDIA GeForce GT 650M  
[2016.09.02-07.11.28:499][  0]LogD3D11RHI:   Driver Version: 361.91 (internal:10.18.13.6191, unified:361.91)
[2016.09.02-07.11.28:499][  0]LogD3D11RHI:      Driver Date: 2-8-2016
[2016.09.02-07.11.28:499][  0]LogRHI: Texture pool is 1361 MB (70% of 1945 MB)
[2016.09.02-07.11.28:513][  0]LogD3D11RHI: Async texture creation enabled
[2016.09.02-07.11.28:530][  0]LogD3D11RHI: GPU Timing Frequency: 1000.000000 (Debug: 2 2)
[2016.09.02-07.11.28:531][  0]LogShaderCompilers: Guid format shader working directory is -33 characters bigger than the processId version (../../../../../../Users/Laptop Sam/Documents/GitHub/UnrealVRTestbox/VRenvironment/Intermediate/Shaders/WorkingDirectory/12480/).
[2016.09.02-07.11.28:531][  0]LogShaderCompilers: Cleaned the shader compiler working directory 'C:/Users/LAPTOP~1/AppData/Local/Temp/UnrealShaderWorkingDir/BE29E8DF4FFF10C3DF22228ADBBE0C5B/'.
[2016.09.02-07.11.28:531][  0]LogShaderCompilers:Display: Using Local Shader Compiler.
[2016.09.02-07.11.30:539][  0]LogTemp:Display: Loaded TP AllDesktopTargetPlatform
[2016.09.02-07.11.30:551][  0]LogTemp:Display: Loaded TP WindowsClientTargetPlatform
[2016.09.02-07.11.30:564][  0]LogTemp:Display: Loaded TP WindowsNoEditorTargetPlatform
[2016.09.02-07.11.30:576][  0]LogTemp:Display: Loaded TP WindowsServerTargetPlatform
[2016.09.02-07.11.30:589][  0]LogTemp:Display: Loaded TP WindowsTargetPlatform
[2016.09.02-07.11.30:601][  0]LogTemp:Display: Loaded TP AndroidTargetPlatform
[2016.09.02-07.11.30:610][  0]LogTemp:Display: Loaded TP Android_ASTCTargetPlatform
[2016.09.02-07.11.30:620][  0]LogTemp:Display: Loaded TP Android_ATCTargetPlatform
[2016.09.02-07.11.30:629][  0]LogTemp:Display: Loaded TP Android_DXTTargetPlatform
[2016.09.02-07.11.30:638][  0]LogTemp:Display: Loaded TP Android_ETC1TargetPlatform
[2016.09.02-07.11.30:647][  0]LogTemp:Display: Loaded TP Android_ETC2TargetPlatform
[2016.09.02-07.11.30:667][  0]LogTemp:Display: Loaded TP Android_MultiTargetPlatform
[2016.09.02-07.11.30:667][  0]LogTemp:Display: Loaded TP Android_PVRTCTargetPlatform
[2016.09.02-07.11.30:668][  0]LogTemp:Display: Loaded TP HTML5TargetPlatform
[2016.09.02-07.11.30:692][  0]LogTemp:Display: Loaded TP IOSTargetPlatform
[2016.09.02-07.11.30:701][  0]LogTemp:Display: Loaded TP TVOSTargetPlatform
[2016.09.02-07.11.30:710][  0]LogTemp:Display: Loaded TP LinuxNoEditorTargetPlatform
[2016.09.02-07.11.30:718][  0]LogTemp:Display: Loaded TP LinuxServerTargetPlatform
[2016.09.02-07.11.30:798][  0]LogTemp:Display: Loaded TP LinuxTargetPlatform
[2016.09.02-07.11.30:798][  0]LogTargetPlatformManager:Display: Building Assets For Windows
[2016.09.02-07.11.30:910][  0]LogDerivedDataCache:Display: Max Cache Size: 512 MB
[2016.09.02-07.11.30:961][  0]LogDerivedDataCache: Loaded boot cache 0.05s 48MB C:/Users/Laptop Sam/AppData/Local/UnrealEngine/4.12/DerivedDataCache/Boot.ddc.
[2016.09.02-07.11.30:961][  0]LogDerivedDataCache:Display: Loaded Boot cache: C:/Users/Laptop Sam/AppData/Local/UnrealEngine/4.12/DerivedDataCache/Boot.ddc
[2016.09.02-07.11.30:961][  0]LogDerivedDataCache: FDerivedDataBackendGraph:  Pak pak cache file ../../../../../../Users/Laptop Sam/Documents/GitHub/UnrealVRTestbox/VRenvironment/DerivedDataCache/DDC.ddp not found, will not use a pak cache.
[2016.09.02-07.11.30:961][  0]LogDerivedDataCache: Unable to find inner node Pak for hierarchical cache Hierarchy.
[2016.09.02-07.11.30:961][  0]LogDerivedDataCache: FDerivedDataBackendGraph:  CompressedPak pak cache file ../../../../../../Users/Laptop Sam/Documents/GitHub/UnrealVRTestbox/VRenvironment/DerivedDataCache/Compressed.ddp not found, will not use a pak cache.
[2016.09.02-07.11.30:961][  0]LogDerivedDataCache: Unable to find inner node CompressedPak for hierarchical cache Hierarchy.
[2016.09.02-07.11.30:980][  0]LogDerivedDataCache:Display: Pak cache opened for reading ../../../Engine/DerivedDataCache/Compressed.ddp.
[2016.09.02-07.11.30:992][  0]LogDerivedDataCache: Using Local data cache path C:/Users/Laptop Sam/AppData/Local/UnrealEngine/Common/DerivedDataCache: Writable
[2016.09.02-07.11.31:213][  0]LogInit: Selected Device Profile: [Windows]
[2016.09.02-07.11.31:214][  0]LogContentStreaming: Texture pool size is 0.00 MB
[2016.09.02-07.11.31:402][  0]LogMeshUtilities: No automatic mesh reduction module available
[2016.09.02-07.11.31:402][  0]LogMeshUtilities: No automatic mesh merging module available
[2016.09.02-07.11.31:402][  0]LogMeshUtilities: No distributed automatic mesh merging module available
[2016.09.02-07.11.31:743][  0]LogAssetRegistry: FAssetRegistry took 0.0213 seconds to start up
[2016.09.02-07.11.31:780][  0]LogPackageLocalizationCache: Processed 3 localized package path(s) for 1 prioritized culture(s) in 0.032995 seconds
[2016.09.02-07.11.31:786][  0]LogUObjectArray: 28739 objects as part of root set at end of initial load.
[2016.09.02-07.11.31:786][  0]LogUObjectAllocator: 5855632 out of 0 bytes used by permanent object pool.
[2016.09.02-07.11.31:786][  0]LogUObjectArray: CloseDisregardForGC: 0/0 objects in disregard for GC pool
[2016.09.02-07.11.31:798][  0]LogInit: WinSock: version 1.1 (2.2), MaxSocks=32767, MaxUdp=65467
[2016.09.02-07.11.32:012][  0]LogSlate: SlateFontCache - WITH_FREETYPE: 1, WITH_HARFBUZZ: 1
[2016.09.02-07.11.32:012][  0]LogSlate: SlateFontCache - WITH_FREETYPE: 1, WITH_HARFBUZZ: 1
[2016.09.02-07.11.32:724][  0]LogUdpMessaging: Initializing bridge on interface 0.0.0.0:0 to multicast group 230.0.0.1:6666.
[2016.09.02-07.11.32:983][  0]SourceControl: Info Source control is disabled
[2016.09.02-07.11.32:985][  0]SourceControl: Info Source control is disabled
[2016.09.02-07.11.32:998][  0]SourceControl: Info Source control is disabled
[2016.09.02-07.11.33:011][  0]SourceControl: Info Source control is disabled
[2016.09.02-07.11.33:319][  0]LogEngine: Initializing Engine...
[2016.09.02-07.11.33:320][  0]LogHMD: SteamVR failed to initialize.  Err: 110
[2016.09.02-07.11.33:321][  0]LogHMD: SteamVR failed to initialize.  Err: 110
[2016.09.02-07.11.33:479][  0]LogAIModule: Creating AISystem for world NewWorld
[2016.09.02-07.11.33:484][  0]LogInit: XAudio2 using 'Speakers (Realtek High Definition Audio)' : 2 channels at 48 kHz using 32 bits per sample (channel mask 0x3)
[2016.09.02-07.11.33:494][  0]LogInit: FAudioDevice initialized.
[2016.09.02-07.11.33:521][  0]LogDerivedDataCache: Saved boot cache 0.03s 48MB C:/Users/Laptop Sam/AppData/Local/UnrealEngine/4.12/DerivedDataCache/Boot.ddc.
[2016.09.02-07.11.33:528][  0]LogInit: Texture streaming: Enabled
[2016.09.02-07.11.33:561][  0]LogInit: Transaction tracking system initialized
[2016.09.02-07.11.33:596][  0]BlueprintLog: New page: Editor Load
[2016.09.02-07.11.33:703][  0]LocalizationService: Info Localization service is disabled
[2016.09.02-07.11.33:787][  0]LogConsoleResponse:Display: 
[2016.09.02-07.11.33:905][  0]LogCook:Display: Max memory allowance for cook 8192mb
[2016.09.02-07.11.33:906][  0]LogCook:Display: Mobile HDR setting 1
[2016.09.02-07.11.34:044][  0]LogFileCache: Scanning file cache for directory 'C:/Users/Laptop Sam/Documents/GitHub/UnrealVRTestbox/VRenvironment/Content/' took 0.02s
[2016.09.02-07.11.34:044][  0]SourceControl: Info Source control is disabled
[2016.09.02-07.11.34:044][  0]Cmd: MAP LOAD FILE="../../../Engine/Content/Maps/Templates/Template_Default.umap" TEMPLATE=1 SHOWPROGRESS=1 FEATURELEVEL=3
[2016.09.02-07.11.34:044][  0]LightingResults: New page: Lighting Build
[2016.09.02-07.11.34:048][  0]MapCheck: New page: Map Check
[2016.09.02-07.11.34:048][  0]LightingResults: New page: Lighting Build
[2016.09.02-07.11.34:335][  0]LogAIModule: Creating AISystem for world Untitled_1
[2016.09.02-07.11.34:341][  0]LogEditorServer: Finished looking for orphan Actors (0.000 secs)
[2016.09.02-07.11.34:346][  0]Cmd: MAP CHECKDEP NOCLEARLOG
[2016.09.02-07.11.34:393][  0]MapCheck: Info Map check complete: 0 Error(s), 0 Warning(s), took 47.111ms to complete.
[2016.09.02-07.11.34:393][  0]LogFileHelpers: Loading map 'Template_Default' took 0.349
[2016.09.02-07.11.34:521][  0]LogCollectionManager: Loaded 0 collections in 0.003413 seconds
[2016.09.02-07.11.34:563][  0]LogFileCache: Scanning file cache for directory 'C:/Users/Laptop Sam/Documents/GitHub/UnrealVRTestbox/VRenvironment/Saved/Collections/' took 0.01s
[2016.09.02-07.11.34:563][  0]LogFileCache: Scanning file cache for directory 'C:/Users/Laptop Sam/Documents/GitHub/UnrealVRTestbox/VRenvironment/Content/Developers/LaptopSam/Collections/' took 0.01s
[2016.09.02-07.11.34:563][  0]LogFileCache: Scanning file cache for directory 'C:/Users/Laptop Sam/Documents/GitHub/UnrealVRTestbox/VRenvironment/Content/Collections/' took 0.01s
[2016.09.02-07.11.34:563][  0]LogCollectionManager: Rebuilt the GUID cache for 0 collections in 0.000003 seconds
[2016.09.02-07.11.34:573][  0]LogContentBrowser: Native class hierarchy populated in 0.0094 seconds. Added 2047 classes and 369 folders.
[2016.09.02-07.11.34:578][  0]LogStats: UGameplayTagsManager::ConstructGameplayTagTree: Construct from data asset -  0.000 s
[2016.09.02-07.11.34:578][  0]LogStats: UGameplayTagsManager::ConstructGameplayTagTree: GameplayTagTreeChangedEvent.Broadcast -  0.000 s
[2016.09.02-07.11.34:579][  0]LogContentBrowser: Native class hierarchy updated for 'GameplayTags' in 0.0005 seconds. Added 12 classes and 0 folders.
[2016.09.02-07.11.34:587][  0]LogContentBrowser: Native class hierarchy updated for 'WidgetCarousel' in 0.0004 seconds. Added 0 classes and 0 folders.
[2016.09.02-07.11.35:189][  0]LogContentBrowser: Native class hierarchy updated for 'AddContentDialog' in 0.0006 seconds. Added 0 classes and 0 folders.
[2016.09.02-07.11.35:279][  0]LogContentBrowser: Native class hierarchy updated for 'SceneOutliner' in 0.0005 seconds. Added 1 classes and 2 folders.
[2016.09.02-07.11.35:337][  0]LogCrashTracker: Crashtracker disabled due to settings.
[2016.09.02-07.11.35:342][  0]LogUObjectGlobals:Warning: Failed to find object 'Class None.'
[2016.09.02-07.11.35:370][  0]LogContentBrowser: Native class hierarchy updated for 'HierarchicalLODOutliner' in 0.0005 seconds. Added 1 classes and 2 folders.
[2016.09.02-07.11.35:370][  0]LogLoad: Full Startup: 9.64 seconds (BP compile: 0.11 seconds)
[2016.09.02-07.11.35:370][  0]LogExternalProfiler: No external profilers were discovered.  External profiling features will not be available.
[2016.09.02-07.11.35:380][  0]LogOcInput: OculusInput pre-init called
[2016.09.02-07.11.35:399][  0]LogContentStreaming: Texture pool size now 1000 MB
[2016.09.02-07.11.35:801][  0]LogRenderer: Reallocating scene render targets to support 956x708 (Frame:2).
[2016.09.02-07.11.35:891][  2]LogAssetRegistry: Asset discovery search completed in 4.1689 seconds
[2016.09.02-07.11.35:891][  2]LogCollectionManager: Rebuilt the object cache for 0 collections in 0.000001 seconds (found 0 objects)
[2016.09.02-07.11.35:891][  2]LogCollectionManager: Fixed up redirectors for 0 collections in 0.000030 seconds (updated 0 objects)
[2016.09.02-07.11.51:151][893]LogMaterial: Missing cached shader map for material NewMaterial, compiling. 
[2016.09.02-07.11.53:080][893]LogMaterial: Missing cached shader map for material NewMaterial, compiling. 
[2016.09.02-07.11.53:109][893]LogMaterial: 0.00 seconds spent updating 1 materials, 1 interfaces, 0 instances, 0 with static permutations.
[2016.09.02-07.11.54:156][903]MaterialEditorStats: Info Base pass shader with only dynamic lighting: 22 instructions
[2016.09.02-07.11.54:156][903]MaterialEditorStats: Info Vertex shader: 29 instructions
[2016.09.02-07.11.54:156][903]MaterialEditorStats: Info Texture samplers: 0/16
[2016.09.02-07.11.59:623][184]LogMaterial: Missing cached shader map for material NewMaterial, compiling. 
[2016.09.02-07.11.59:631][184]LogMaterial: 0.00 seconds spent updating 1 materials, 1 interfaces, 0 instances, 0 with static permutations.
[2016.09.02-07.12.00:510][216]MaterialEditorStats: Info Base pass shader with only dynamic lighting: 22 instructions
[2016.09.02-07.12.00:510][216]MaterialEditorStats: Info Vertex shader: 29 instructions
[2016.09.02-07.12.00:510][216]MaterialEditorStats: Info Texture samplers: 0/16
[2016.09.02-07.12.16:445][295]LogMaterial: Missing cached shader map for material NewMaterial, compiling. 
[2016.09.02-07.12.16:468][295]LogMaterial: 0.00 seconds spent updating 1 materials, 1 interfaces, 0 instances, 0 with static permutations.
[2016.09.02-07.12.17:868][351]MaterialEditorStats: Info Base pass shader with only dynamic lighting: 126 instructions
[2016.09.02-07.12.17:868][351]MaterialEditorStats: Info Vertex shader: 29 instructions
[2016.09.02-07.12.17:868][351]MaterialEditorStats: Info Texture samplers: 1/16
[2016.09.02-07.12.32:718][ 99]LogMaterial: Missing cached shader map for material NewMaterial, compiling. 
[2016.09.02-07.12.32:727][ 99]LogMaterial: 0.00 seconds spent updating 1 materials, 1 interfaces, 0 instances, 0 with static permutations.
[2016.09.02-07.12.34:144][156]MaterialEditorStats: Info Base pass shader with only dynamic lighting: 127 instructions
[2016.09.02-07.12.34:144][156]MaterialEditorStats: Info Vertex shader: 29 instructions
[2016.09.02-07.12.34:144][156]MaterialEditorStats: Info Texture samplers: 1/16
[2016.09.02-07.13.34:773][504]LogMaterial: Missing cached shader map for material NewMaterial, compiling. 
[2016.09.02-07.13.34:781][504]LogMaterial: 0.00 seconds spent updating 1 materials, 1 interfaces, 0 instances, 0 with static permutations.
[2016.09.02-07.13.36:483][572]MaterialEditorStats: Info Base pass shader with only dynamic lighting: 110 instructions
[2016.09.02-07.13.36:483][572]MaterialEditorStats: Info Vertex shader: 29 instructions
[2016.09.02-07.13.36:483][572]MaterialEditorStats: Info Texture samplers: 1/16
[2016.09.02-07.13.47:430][ 76]LogMaterial: Missing cached shader map for material NewMaterial, compiling. 
[2016.09.02-07.13.47:438][ 76]LogMaterial: 0.00 seconds spent updating 1 materials, 1 interfaces, 0 instances, 0 with static permutations.
[2016.09.02-07.13.47:561][ 76]LogMaterial: Missing cached shader map for material FMatExpressionPreview MaterialExpressionConstant3Vector_0, compiling. 
[2016.09.02-07.13.48:778][122]MaterialEditorStats: Info Base pass shader with only dynamic lighting: 110 instructions
[2016.09.02-07.13.48:778][122]MaterialEditorStats: Info Vertex shader: 29 instructions
[2016.09.02-07.13.48:778][122]MaterialEditorStats: Info Texture samplers: 1/16
[2016.09.02-07.13.49:857][227]LogMaterial: Missing cached shader map for material NewMaterial, compiling. 
[2016.09.02-07.13.49:865][227]LogMaterial: 0.00 seconds spent updating 1 materials, 1 interfaces, 0 instances, 0 with static permutations.
[2016.09.02-07.13.49:867][227]LogMaterial: Missing cached shader map for material FMatExpressionPreview MaterialExpressionConstant3Vector_1, compiling. 
[2016.09.02-07.13.51:199][280]MaterialEditorStats: Info Base pass shader with only dynamic lighting: 110 instructions
[2016.09.02-07.13.51:199][280]MaterialEditorStats: Info Vertex shader: 29 instructions
[2016.09.02-07.13.51:199][280]MaterialEditorStats: Info Texture samplers: 1/16
[2016.09.02-07.13.51:996][349]LogMaterial: Missing cached shader map for material NewMaterial, compiling. 
[2016.09.02-07.13.52:004][349]LogMaterial: 0.00 seconds spent updating 1 materials, 1 interfaces, 0 instances, 0 with static permutations.
[2016.09.02-07.13.53:340][403]MaterialEditorStats: Info Base pass shader with only dynamic lighting: 110 instructions
[2016.09.02-07.13.53:340][403]MaterialEditorStats: Info Vertex shader: 29 instructions
[2016.09.02-07.13.53:340][403]MaterialEditorStats: Info Texture samplers: 1/16
[2016.09.02-07.13.56:211][636]LogMaterial: Missing cached shader map for material NewMaterial, compiling. 
[2016.09.02-07.13.56:219][636]LogMaterial: 0.00 seconds spent updating 1 materials, 1 interfaces, 0 instances, 0 with static permutations.
[2016.09.02-07.13.57:550][705]MaterialEditorStats: Info Base pass shader with only dynamic lighting: 110 instructions
[2016.09.02-07.13.57:550][705]MaterialEditorStats: Info Vertex shader: 29 instructions
[2016.09.02-07.13.57:550][705]MaterialEditorStats: Info Texture samplers: 1/16
[2016.09.02-07.13.58:265][772]LogMaterial: Missing cached shader map for material NewMaterial, compiling. 
[2016.09.02-07.13.58:274][772]LogMaterial: 0.00 seconds spent updating 1 materials, 1 interfaces, 0 instances, 0 with static permutations.
[2016.09.02-07.13.58:304][772]LogMaterial: Missing cached shader map for material FMatExpressionPreview MaterialExpressionConstant3Vector_1, compiling. 
[2016.09.02-07.13.59:625][828]MaterialEditorStats: Info Base pass shader with only dynamic lighting: 110 instructions
[2016.09.02-07.13.59:625][828]MaterialEditorStats: Info Vertex shader: 29 instructions
[2016.09.02-07.13.59:625][828]MaterialEditorStats: Info Texture samplers: 1/16
[2016.09.02-07.14.00:832][868]0.440589
[2016.09.02-07.14.00:832][868]0.439480
[2016.09.02-07.14.00:859][869]0.480185
[2016.09.02-07.14.00:889][870]0.500108
[2016.09.02-07.14.00:902][871]0.520938
[2016.09.02-07.14.00:912][872]0.531352
[2016.09.02-07.14.00:922][873]0.552476
[2016.09.02-07.14.00:932][874]0.563367
[2016.09.02-07.14.00:953][876]0.585654
[2016.09.02-07.14.00:964][877]0.597030
[2016.09.02-07.14.00:983][879]0.609887
[2016.09.02-07.14.00:994][880]0.620207
[2016.09.02-07.14.01:003][881]0.621693
[2016.09.02-07.14.01:014][882]0.645665
[2016.09.02-07.14.01:024][883]0.657819
[2016.09.02-07.14.01:034][884]0.659878
[2016.09.02-07.14.01:045][885]0.672258
[2016.09.02-07.14.01:055][886]0.674595
[2016.09.02-07.14.01:068][887]0.687184
[2016.09.02-07.14.01:087][889]0.689785
[2016.09.02-07.14.01:248][905]0.672500
[2016.09.02-07.14.01:268][907]0.662503
[2016.09.02-07.14.01:278][908]0.652519
[2016.09.02-07.14.01:299][910]0.642549
[2016.09.02-07.14.01:310][911]0.622652
[2016.09.02-07.14.01:320][912]0.612727
[2016.09.02-07.14.01:330][913]0.596303
[2016.09.02-07.14.01:340][914]0.576692
[2016.09.02-07.14.01:340][914]0.557170
[2016.09.02-07.14.01:350][915]0.537746
[2016.09.02-07.14.01:360][916]0.508820
[2016.09.02-07.14.01:369][917]0.489694
[2016.09.02-07.14.01:370][917]0.461283
[2016.09.02-07.14.01:380][918]0.433263
[2016.09.02-07.14.01:389][919]0.405715
[2016.09.02-07.14.01:399][920]0.387662
[2016.09.02-07.14.01:412][921]0.352478
[2016.09.02-07.14.01:423][922]0.343908
[2016.09.02-07.14.01:433][923]0.297924
[2016.09.02-07.14.01:443][924]0.289613
[2016.09.02-07.14.01:463][926]0.273425
[2016.09.02-07.14.01:473][927]0.266797
[2016.09.02-07.14.01:483][928]0.258745
[2016.09.02-07.14.01:493][929]0.250867
[2016.09.02-07.14.01:502][930]0.236162
[2016.09.02-07.14.01:522][932]0.228455
[2016.09.02-07.14.01:532][933]0.213732
[2016.09.02-07.14.01:552][935]0.206765
[2016.09.02-07.14.01:561][936]0.192074
[2016.09.02-07.14.01:581][938]0.185463
[2016.09.02-07.14.01:612][941]0.179215
[2016.09.02-07.14.01:690][949]0.173368
[2016.09.02-07.14.02:332][997]0.228455
[2016.09.02-07.14.02:333][997]0.232924
[2016.09.02-07.14.02:360][998]0.266186
[2016.09.02-07.14.02:388][999]0.283364
[2016.09.02-07.14.02:398][  0]0.289613
[2016.09.02-07.14.02:409][  1]0.288111
[2016.09.02-07.14.02:420][  2]0.287357
[2016.09.02-07.14.02:430][  3]0.287357
[2016.09.02-07.14.02:441][  4]0.288111
[2016.09.02-07.14.02:450][  5]0.296097
[2016.09.02-07.14.02:461][  6]0.291853
[2016.09.02-07.14.02:482][  8]0.294812
[2016.09.02-07.14.02:492][  9]0.289426
[2016.09.02-07.14.02:513][ 11]0.293521
[2016.09.02-07.14.02:522][ 12]0.288863
[2016.09.02-07.14.02:532][ 13]0.284510
[2016.09.02-07.14.02:542][ 14]0.280477
[2016.09.02-07.14.02:561][ 16]0.273425
[2016.09.02-07.14.02:571][ 17]0.270432
[2016.09.02-07.14.02:581][ 18]0.255368
[2016.09.02-07.14.02:591][ 19]0.218998
[2016.09.02-07.14.02:601][ 20]0.210664
[2016.09.02-07.14.02:612][ 21]0.200369
[2016.09.02-07.14.02:621][ 22]0.202255
[2016.09.02-07.14.02:632][ 23]0.204655
[2016.09.02-07.14.02:643][ 24]0.194599
[2016.09.02-07.14.02:653][ 25]0.197642
[2016.09.02-07.14.02:673][ 27]0.201179
[2016.09.02-07.14.02:683][ 28]0.195711
[2016.09.02-07.14.02:702][ 30]0.196541
[2016.09.02-07.14.02:713][ 31]0.193761
[2016.09.02-07.14.02:859][ 46]0.185463
[2016.09.02-07.14.03:269][ 87]0.169571
[2016.09.02-07.14.03:280][ 88]0.170846
[2016.09.02-07.14.03:290][ 89]0.173368
[2016.09.02-07.14.03:300][ 90]0.167964
[2016.09.02-07.14.03:310][ 91]0.163047
[2016.09.02-07.14.04:437][149]LogMaterial: Missing cached shader map for material NewMaterial, compiling. 
[2016.09.02-07.14.04:445][149]LogMaterial: 0.00 seconds spent updating 1 materials, 1 interfaces, 0 instances, 0 with static permutations.
[2016.09.02-07.14.04:484][149]LogMaterial: Missing cached shader map for material FMatExpressionPreview MaterialExpressionConstant3Vector_1, compiling. 
[2016.09.02-07.14.05:783][201]MaterialEditorStats: Info Base pass shader with only dynamic lighting: 110 instructions
[2016.09.02-07.14.05:783][201]MaterialEditorStats: Info Vertex shader: 29 instructions
[2016.09.02-07.14.05:783][201]MaterialEditorStats: Info Texture samplers: 1/16
[2016.09.02-07.14.20:971][791]0.665526
[2016.09.02-07.14.20:998][792]0.606676
[2016.09.02-07.14.21:025][793]0.571020
[2016.09.02-07.14.21:046][795]0.558337
[2016.09.02-07.14.21:057][796]0.548237
[2016.09.02-07.14.21:057][796]0.538150
[2016.09.02-07.14.21:068][797]0.535623
[2016.09.02-07.14.21:079][798]0.515388
[2016.09.02-07.14.21:089][799]0.495203
[2016.09.02-07.14.21:099][800]0.482551
[2016.09.02-07.14.21:109][801]0.472439
[2016.09.02-07.14.21:119][802]0.427083
[2016.09.02-07.14.21:129][803]0.414709
[2016.09.02-07.14.21:149][805]0.404510
[2016.09.02-07.14.21:149][805]0.394323
[2016.09.02-07.14.21:260][816]0.382023
[2016.09.02-07.14.21:289][819]0.371804
[2016.09.02-07.14.21:299][820]0.361595
[2016.09.02-07.14.21:328][823]0.341215
[2016.09.02-07.14.21:338][824]0.331047
[2016.09.02-07.14.21:359][826]0.310759
[2016.09.02-07.14.21:378][828]0.300643
[2016.09.02-07.14.21:389][829]0.290548
[2016.09.02-07.14.21:398][830]0.280477
[2016.09.02-07.14.21:408][831]0.270432
[2016.09.02-07.14.21:418][832]0.260417
[2016.09.02-07.14.21:429][833]0.250434
[2016.09.02-07.14.21:506][841]0.240487
[2016.09.02-07.14.21:536][844]0.230583
[2016.09.02-07.14.21:556][846]0.220725
[2016.09.02-07.14.21:566][847]0.210921
[2016.09.02-07.14.21:576][848]0.201179
[2016.09.02-07.14.21:596][850]0.191508
[2016.09.02-07.14.21:606][851]0.181919
[2016.09.02-07.14.21:616][852]0.168286
[2016.09.02-07.14.21:627][853]0.164702
[2016.09.02-07.14.21:646][855]0.141682
[2016.09.02-07.14.21:656][856]0.128847
[2016.09.02-07.14.21:676][858]0.116462
[2016.09.02-07.14.21:686][859]0.104686
[2016.09.02-07.14.21:706][861]0.093750
[2016.09.02-07.14.21:716][862]0.083333
[2016.09.02-07.14.21:737][864]0.073657
[2016.09.02-07.14.21:817][872]0.075834
[2016.09.02-07.14.21:857][876]0.056095
[2016.09.02-07.14.21:876][878]0.046585
[2016.09.02-07.14.21:906][881]0.037558
[2016.09.02-07.14.21:925][883]0.029463
[2016.09.02-07.14.22:580][927]0.159004
[2016.09.02-07.14.22:607][928]0.177083
[2016.09.02-07.14.22:635][929]0.195711
[2016.09.02-07.14.22:656][931]0.200369
[2016.09.02-07.14.22:696][935]0.209631
[2016.09.02-07.14.22:744][940]0.214492
[2016.09.02-07.14.22:754][941]0.228693
[2016.09.02-07.14.22:773][943]0.248476
[2016.09.02-07.14.22:929][959]0.239810
[2016.09.02-07.14.24:457][ 55]0.023292
[2016.09.02-07.14.24:562][ 62]0.023292
[2016.09.02-07.14.24:572][ 63]0.031250
[2016.09.02-07.14.24:582][ 64]0.042949
[2016.09.02-07.14.24:593][ 65]0.056095
[2016.09.02-07.14.24:603][ 66]0.069877
[2016.09.02-07.14.24:623][ 68]0.098271
[2016.09.02-07.14.24:633][ 69]0.107246
[2016.09.02-07.14.24:654][ 71]0.121478
[2016.09.02-07.14.24:664][ 72]0.130520
[2016.09.02-07.14.24:674][ 73]0.144713
[2016.09.02-07.14.24:684][ 74]0.153800
[2016.09.02-07.14.24:714][ 77]0.163047
[2016.09.02-07.14.24:855][ 91]0.172427
[2016.09.02-07.14.24:894][ 95]0.184584
[2016.09.02-07.14.24:915][ 97]0.181919
[2016.09.02-07.14.24:925][ 98]0.188654
[2016.09.02-07.14.24:935][ 99]0.199010
[2016.09.02-07.14.24:945][100]0.198191
[2016.09.02-07.14.24:955][101]0.208333
[2016.09.02-07.14.24:955][101]0.208594
[2016.09.02-07.14.24:975][103]0.219740
[2016.09.02-07.14.24:985][104]0.220971
[2016.09.02-07.14.24:996][105]0.232924
[2016.09.02-07.14.25:016][107]0.235011
[2016.09.02-07.14.25:037][109]0.237537
[2016.09.02-07.14.26:472][209]LogMaterial: Missing cached shader map for material NewMaterial, compiling. 
[2016.09.02-07.14.26:480][209]LogMaterial: 0.00 seconds spent updating 1 materials, 1 interfaces, 0 instances, 0 with static permutations.
[2016.09.02-07.14.26:506][209]LogMaterial: Missing cached shader map for material FMatExpressionPreview MaterialExpressionConstant3Vector_1, compiling. 
[2016.09.02-07.14.28:183][276]MaterialEditorStats: Info Base pass shader with only dynamic lighting: 110 instructions
[2016.09.02-07.14.28:183][276]MaterialEditorStats: Info Vertex shader: 29 instructions
[2016.09.02-07.14.28:183][276]MaterialEditorStats: Info Texture samplers: 1/16
[2016.09.02-07.14.33:865][567]LogMaterial: Missing cached shader map for material NewMaterial, compiling. 
[2016.09.02-07.14.33:873][567]LogMaterial: 0.00 seconds spent updating 1 materials, 1 interfaces, 0 instances, 0 with static permutations.
[2016.09.02-07.14.33:900][567]LogMaterial: Missing cached shader map for material FMatExpressionPreview MaterialExpressionConstant3Vector_0, compiling. 
[2016.09.02-07.14.35:090][615]MaterialEditorStats: Info Base pass shader with only dynamic lighting: 28 instructions
[2016.09.02-07.14.35:090][615]MaterialEditorStats: Info Vertex shader: 29 instructions
[2016.09.02-07.14.35:091][615]MaterialEditorStats: Info Texture samplers: 0/16
[2016.09.02-07.14.42:871][139]LogMaterial: Missing cached shader map for material NewMaterial, compiling. 
[2016.09.02-07.14.42:880][139]LogMaterial: 0.00 seconds spent updating 1 materials, 1 interfaces, 0 instances, 0 with static permutations.
[2016.09.02-07.14.44:062][187]MaterialEditorStats: Info Base pass shader with only dynamic lighting: 28 instructions
[2016.09.02-07.14.44:062][187]MaterialEditorStats: Info Vertex shader: 29 instructions
[2016.09.02-07.14.44:062][187]MaterialEditorStats: Info Texture samplers: 0/16
[2016.09.02-07.14.48:372][537]LogMaterial: Missing cached shader map for material NewMaterial, compiling. 
[2016.09.02-07.14.48:380][537]LogMaterial: 0.00 seconds spent updating 1 materials, 1 interfaces, 0 instances, 0 with static permutations.
[2016.09.02-07.14.49:563][585]MaterialEditorStats: Info Base pass shader with only dynamic lighting: 28 instructions
[2016.09.02-07.14.49:563][585]MaterialEditorStats: Info Vertex shader: 29 instructions
[2016.09.02-07.14.49:563][585]MaterialEditorStats: Info Texture samplers: 0/16
[2016.09.02-07.14.57:094][968]LogMaterial: Missing cached shader map for material NewMaterial, compiling. 
[2016.09.02-07.14.57:102][968]LogMaterial: 0.00 seconds spent updating 1 materials, 1 interfaces, 0 instances, 0 with static permutations.
[2016.09.02-07.14.58:277][ 16]MaterialEditorStats: Info Base pass shader with only dynamic lighting: 28 instructions
[2016.09.02-07.14.58:277][ 16]MaterialEditorStats: Info Vertex shader: 29 instructions
[2016.09.02-07.14.58:277][ 16]MaterialEditorStats: Info Texture samplers: 0/16
[2016.09.02-07.15.05:267][328]LogMaterial: Missing cached shader map for material NewMaterial, compiling. 
[2016.09.02-07.15.05:275][328]LogMaterial: 0.00 seconds spent updating 1 materials, 1 interfaces, 0 instances, 0 with static permutations.
[2016.09.02-07.15.06:445][375]MaterialEditorStats: Info Base pass shader with only dynamic lighting: 28 instructions
[2016.09.02-07.15.06:445][375]MaterialEditorStats: Info Vertex shader: 29 instructions
[2016.09.02-07.15.06:445][375]MaterialEditorStats: Info Texture samplers: 0/16
[2016.09.02-07.15.11:063][563]LogMaterial: Missing cached shader map for material NewMaterial, compiling. 
[2016.09.02-07.15.11:072][563]LogMaterial: 0.00 seconds spent updating 1 materials, 1 interfaces, 0 instances, 0 with static permutations.
[2016.09.02-07.15.12:230][610]MaterialEditorStats: Info Base pass shader with only dynamic lighting: 28 instructions
[2016.09.02-07.15.12:230][610]MaterialEditorStats: Info Vertex shader: 29 instructions
[2016.09.02-07.15.12:230][610]MaterialEditorStats: Info Texture samplers: 0/16
[2016.09.02-07.15.15:333][729]LogMaterial: Missing cached shader map for material NewMaterial, compiling. 
[2016.09.02-07.15.15:341][729]LogMaterial: 0.00 seconds spent updating 1 materials, 1 interfaces, 0 instances, 0 with static permutations.
[2016.09.02-07.15.16:490][775]MaterialEditorStats: Info Base pass shader with only dynamic lighting: 28 instructions
[2016.09.02-07.15.16:490][775]MaterialEditorStats: Info Vertex shader: 29 instructions
[2016.09.02-07.15.16:490][775]MaterialEditorStats: Info Texture samplers: 0/16
[2016.09.02-07.15.21:831][993]0.204655
[2016.09.02-07.15.21:895][996]0.217506
[2016.09.02-07.15.21:906][997]0.234085
[2016.09.02-07.15.21:915][998]0.270833
[2016.09.02-07.15.21:926][999]0.302801
[2016.09.02-07.15.21:935][  0]0.316811
[2016.09.02-07.15.21:956][  2]0.345010
[2016.09.02-07.15.21:966][  3]0.354167
[2016.09.02-07.15.21:985][  5]0.368285
[2016.09.02-07.15.21:995][  6]0.377451
[2016.09.02-07.15.22:015][  8]0.386681
[2016.09.02-07.15.22:025][  9]0.405314
[2016.09.02-07.15.22:044][ 11]0.414709
[2016.09.02-07.15.22:054][ 12]0.424152
[2016.09.02-07.15.22:064][ 13]0.433639
[2016.09.02-07.15.22:074][ 14]0.443168
[2016.09.02-07.15.22:084][ 15]0.452736
[2016.09.02-07.15.22:095][ 16]0.466429
[2016.09.02-07.15.22:203][ 27]0.475986
[2016.09.02-07.15.22:223][ 29]0.485578
[2016.09.02-07.15.22:243][ 31]0.495203
[2016.09.02-07.15.22:263][ 33]0.514545
[2016.09.02-07.15.22:322][ 39]0.524260
[2016.09.02-07.15.22:371][ 44]0.520625
[2016.09.02-07.15.22:391][ 46]0.514545
[2016.09.02-07.15.23:261][ 85]LogMaterial: Missing cached shader map for material NewMaterial, compiling. 
[2016.09.02-07.15.23:269][ 85]LogMaterial: 0.00 seconds spent updating 1 materials, 1 interfaces, 0 instances, 0 with static permutations.
[2016.09.02-07.15.23:300][ 85]LogMaterial: Missing cached shader map for material FMatExpressionPreview MaterialExpressionConstant3Vector_0, compiling. 
[2016.09.02-07.15.24:442][131]MaterialEditorStats: Info Base pass shader with only dynamic lighting: 28 instructions
[2016.09.02-07.15.24:442][131]MaterialEditorStats: Info Vertex shader: 29 instructions
[2016.09.02-07.15.24:442][131]MaterialEditorStats: Info Texture samplers: 0/16
[2016.09.02-07.15.31:429][474]0.253662
[2016.09.02-07.15.31:429][474]0.240487
[2016.09.02-07.15.31:455][475]0.224865
[2016.09.02-07.15.31:482][476]0.214745
[2016.09.02-07.15.31:569][485]0.247601
[2016.09.02-07.15.31:580][486]0.257694
[2016.09.02-07.15.31:590][487]0.267812
[2016.09.02-07.15.31:600][488]0.274020
[2016.09.02-07.15.31:610][489]0.282981
[2016.09.02-07.15.31:620][490]0.293336
[2016.09.02-07.15.31:631][491]0.302801
[2016.09.02-07.15.31:640][492]0.312674
[2016.09.02-07.15.31:651][493]0.323085
[2016.09.02-07.15.31:661][494]0.322917
[2016.09.02-07.15.31:671][495]0.333333
[2016.09.02-07.15.31:778][506]0.333496
[2016.09.02-07.15.31:876][516]0.334795
[2016.09.02-07.15.31:896][518]0.327090
[2016.09.02-07.15.31:906][519]0.331047
[2016.09.02-07.15.31:916][520]0.323420
[2016.09.02-07.15.31:927][521]0.326260
[2016.09.02-07.15.31:937][522]0.329404
[2016.09.02-07.15.31:947][523]0.319539
[2016.09.02-07.15.32:084][537]0.329404
[2016.09.02-07.15.33:749][609]LogMaterial: Missing cached shader map for material NewMaterial, compiling. 
[2016.09.02-07.15.33:757][609]LogMaterial: 0.00 seconds spent updating 1 materials, 1 interfaces, 0 instances, 0 with static permutations.
[2016.09.02-07.15.33:800][609]LogMaterial: Missing cached shader map for material FMatExpressionPreview MaterialExpressionConstant3Vector_0, compiling. 
[2016.09.02-07.15.35:059][659]MaterialEditorStats: Info Base pass shader with only dynamic lighting: 102 instructions
[2016.09.02-07.15.35:059][659]MaterialEditorStats: Info Vertex shader: 29 instructions
[2016.09.02-07.15.35:059][659]MaterialEditorStats: Info Texture samplers: 1/16
[2016.09.02-07.15.37:404][752]LogMaterial: Missing cached shader map for material NewMaterial, compiling. 
[2016.09.02-07.15.37:412][752]LogMaterial: 0.00 seconds spent updating 1 materials, 1 interfaces, 0 instances, 0 with static permutations.
[2016.09.02-07.15.38:743][812]MaterialEditorStats: Info Base pass shader with only dynamic lighting: 110 instructions
[2016.09.02-07.15.38:743][812]MaterialEditorStats: Info Vertex shader: 29 instructions
[2016.09.02-07.15.38:743][812]MaterialEditorStats: Info Texture samplers: 1/16
[2016.09.02-07.16.57:649][247]LightingResults: New page: Lighting Build
[2016.09.02-07.16.57:650][247]MapCheck: New page: Map Check
[2016.09.02-07.16.57:650][247]LightingResults: New page: Lighting Build
[2016.09.02-07.16.57:679][247]LogAIModule: Creating AISystem for world NewWorld
[2016.09.02-07.16.57:720][247]LoadErrors: New page: New Map
[2016.09.02-07.17.21:751][ 91]Cmd: QUIT_EDITOR
[2016.09.02-07.17.21:785][ 91]LogWindowsTextInputMethodSystem:Display: IME system now deactivated.
[2016.09.02-07.17.21:814][ 91]LogExit: Preparing to exit.
[2016.09.02-07.17.22:970][ 91]LogExit: Editor shut down
[2016.09.02-07.17.22:971][ 91]LogExit: Transaction tracking system shut down
[2016.09.02-07.17.23:081][ 91]LogObj: Freed 0b from 0 cluster array pools.
[2016.09.02-07.17.23:081][ 91]LogExit: Object subsystem successfully closed.
[2016.09.02-07.17.23:092][ 91]LogD3D11RHI: Shutdown
[2016.09.02-07.17.23:092][ 91]LogD3D11RHI: CleanupD3DDevice
[2016.09.02-07.17.23:137][ 91]LogD3D11RHI: ~FD3D11DynamicRHI
[2016.09.02-07.17.23:152][ 91]LogModuleManager: Shutting down and abandoning module NewLevelDialog (215)
[2016.09.02-07.17.23:152][ 91]LogModuleManager: Shutting down and abandoning module MaterialEditor (214)
[2016.09.02-07.17.23:152][ 91]LogModuleManager: Shutting down and abandoning module HierarchicalLODOutliner (213)
[2016.09.02-07.17.23:152][ 91]LogModuleManager: Shutting down and abandoning module CrashTracker (212)
[2016.09.02-07.17.23:152][ 91]LogModuleManager: Shutting down and abandoning module SceneOutliner (211)
[2016.09.02-07.17.23:152][ 91]LogModuleManager: Shutting down and abandoning module WidgetCarousel (210)
[2016.09.02-07.17.23:152][ 91]LogModuleManager: Shutting down and abandoning module AddContentDialog (209)
[2016.09.02-07.17.23:153][ 91]LogModuleManager: Shutting down and abandoning module GameplayTags (208)
[2016.09.02-07.17.23:153][ 91]LogModuleManager: Shutting down and abandoning module EditorWidgets (207)
[2016.09.02-07.17.23:153][ 91]LogModuleManager: Shutting down and abandoning module CollectionManager (206)
[2016.09.02-07.17.23:154][ 91]LogModuleManager: Shutting down and abandoning module StatsViewer (205)
[2016.09.02-07.17.23:154][ 91]LogModuleManager: Shutting down and abandoning module FoliageEdit (204)
[2016.09.02-07.17.23:154][ 91]LogModuleManager: Shutting down and abandoning module LandscapeEditor (203)
[2016.09.02-07.17.23:154][ 91]LogModuleManager: Shutting down and abandoning module SceneDepthPickerMode (202)
[2016.09.02-07.17.23:154][ 91]LogModuleManager: Shutting down and abandoning module ActorPickerMode (201)
[2016.09.02-07.17.23:154][ 91]LogModuleManager: Shutting down and abandoning module GeometryMode (200)
[2016.09.02-07.17.23:154][ 91]LogModuleManager: Shutting down and abandoning module TextureAlignMode (199)
[2016.09.02-07.17.23:154][ 91]LogModuleManager: Shutting down and abandoning module BspMode (198)
[2016.09.02-07.17.23:154][ 91]LogModuleManager: Shutting down and abandoning module HardwareSurvey (197)
[2016.09.02-07.17.23:154][ 91]LogModuleManager: Shutting down and abandoning module SequenceRecorderSections (196)
[2016.09.02-07.17.23:154][ 91]LogModuleManager: Shutting down and abandoning module SequenceRecorder (195)
[2016.09.02-07.17.23:154][ 91]LogModuleManager: Shutting down and abandoning module AutomationWorker (194)
[2016.09.02-07.17.23:154][ 91]LogModuleManager: Shutting down and abandoning module MatineeToLevelSequence (193)
[2016.09.02-07.17.23:154][ 91]LogModuleManager: Shutting down and abandoning module PlacementMode (192)
[2016.09.02-07.17.23:154][ 91]LogModuleManager: Shutting down and abandoning module LevelSequenceEditor (191)
[2016.09.02-07.17.23:154][ 91]LogModuleManager: Shutting down and abandoning module CharacterAI (190)
[2016.09.02-07.17.23:154][ 91]LogModuleManager: Shutting down and abandoning module SmartSnapping (189)
[2016.09.02-07.17.23:154][ 91]LogModuleManager: Shutting down and abandoning module SessionServices (188)
[2016.09.02-07.17.23:154][ 91]LogModuleManager: Shutting down and abandoning module ViewportSnapping (187)
[2016.09.02-07.17.23:154][ 91]LogModuleManager: Shutting down and abandoning module LogVisualizer (186)
[2016.09.02-07.17.23:154][ 91]LogModuleManager: Shutting down and abandoning module GameProjectGeneration (185)
[2016.09.02-07.17.23:154][ 91]LogModuleManager: Shutting down and abandoning module IntroTutorials (184)
[2016.09.02-07.17.23:154][ 91]LogModuleManager: Shutting down and abandoning module EditorLiveStreaming (183)
[2016.09.02-07.17.23:154][ 91]LogModuleManager: Shutting down and abandoning module IOSPlatformEditor (182)
[2016.09.02-07.17.23:154][ 91]LogModuleManager: Shutting down and abandoning module HTML5PlatformEditor (181)
[2016.09.02-07.17.23:154][ 91]LogModuleManager: Shutting down and abandoning module AndroidDeviceDetection (180)
[2016.09.02-07.17.23:873][ 91]LogModuleManager: Shutting down and abandoning module AndroidPlatformEditor (179)
[2016.09.02-07.17.23:873][ 91]LogModuleManager: Shutting down and abandoning module IOSRuntimeSettings (178)
[2016.09.02-07.17.23:873][ 91]LogModuleManager: Shutting down and abandoning module AndroidRuntimeSettings (177)
[2016.09.02-07.17.23:873][ 91]LogModuleManager: Shutting down and abandoning module MergeActors (176)
[2016.09.02-07.17.23:873][ 91]LogModuleManager: Shutting down and abandoning module SizeMap (175)
[2016.09.02-07.17.23:873][ 91]LogModuleManager: Shutting down and abandoning module TreeMap (174)
[2016.09.02-07.17.23:873][ 91]LogModuleManager: Shutting down and abandoning module ReferenceViewer (173)
[2016.09.02-07.17.23:873][ 91]LogModuleManager: Shutting down and abandoning module LocalizationService (172)
[2016.09.02-07.17.23:873][ 91]LogModuleManager: Shutting down and abandoning module LocalizationDashboard (171)
[2016.09.02-07.17.23:873][ 91]LogModuleManager: Shutting down and abandoning module HardwareTargeting (170)
[2016.09.02-07.17.23:873][ 91]LogModuleManager: Shutting down and abandoning module DeviceProfileEditor (169)
[2016.09.02-07.17.23:874][ 91]LogModuleManager: Shutting down and abandoning module UndoHistory (168)
[2016.09.02-07.17.23:874][ 91]LogModuleManager: Shutting down and abandoning module UserFeedback (167)
[2016.09.02-07.17.23:874][ 91]LogModuleManager: Shutting down and abandoning module XmlParser (166)
[2016.09.02-07.17.23:874][ 91]LogModuleManager: Shutting down and abandoning module Blutility (165)
[2016.09.02-07.17.23:874][ 91]LogModuleManager: Shutting down and abandoning module ProjectTargetPlatformEditor (164)
[2016.09.02-07.17.23:874][ 91]LogModuleManager: Shutting down and abandoning module ProjectSettingsViewer (163)
[2016.09.02-07.17.23:874][ 91]LogModuleManager: Shutting down and abandoning module InputBindingEditor (162)
[2016.09.02-07.17.23:874][ 91]LogModuleManager: Shutting down and abandoning module EditorSettingsViewer (161)
[2016.09.02-07.17.23:874][ 91]LogModuleManager: Shutting down and abandoning module SettingsEditor (160)
[2016.09.02-07.17.23:874][ 91]LogModuleManager: Shutting down and abandoning module ProjectLauncher (159)
[2016.09.02-07.17.23:874][ 91]LogModuleManager: Shutting down and abandoning module SessionFrontend (158)
[2016.09.02-07.17.23:874][ 91]LogModuleManager: Shutting down and abandoning module ProfilerClient (157)
[2016.09.02-07.17.23:874][ 91]LogModuleManager: Shutting down and abandoning module TargetDeviceServices (156)
[2016.09.02-07.17.23:874][ 91]LogModuleManager: Shutting down and abandoning module DeviceManager (155)
[2016.09.02-07.17.23:916][ 91]LogModuleManager: Shutting down and abandoning module AutomationController (154)
[2016.09.02-07.17.23:916][ 91]LogModuleManager: Shutting down and abandoning module AutomationWindow (153)
[2016.09.02-07.17.23:916][ 91]LogModuleManager: Shutting down and abandoning module Layers (152)
[2016.09.02-07.17.23:916][ 91]LogModuleManager: Shutting down and abandoning module ComponentVisualizers (151)
[2016.09.02-07.17.23:916][ 91]LogModuleManager: Shutting down and abandoning module DetailCustomizations (150)
[2016.09.02-07.17.23:916][ 91]LogModuleManager: Shutting down and abandoning module PackagesDialog (149)
[2016.09.02-07.17.23:917][ 91]LogModuleManager: Shutting down and abandoning module Persona (148)
[2016.09.02-07.17.23:917][ 91]LogModuleManager: Shutting down and abandoning module Kismet (147)
[2016.09.02-07.17.23:917][ 91]LogModuleManager: Shutting down and abandoning module GraphEditor (146)
[2016.09.02-07.17.23:917][ 91]LogModuleManager: Shutting down and abandoning module ClassViewer (145)
[2016.09.02-07.17.23:917][ 91]LogModuleManager: Shutting down and abandoning module Toolbox (144)
[2016.09.02-07.17.23:917][ 91]LogModuleManager: Shutting down and abandoning module ModuleUI (143)
[2016.09.02-07.17.23:917][ 91]LogModuleManager: Shutting down and abandoning module MovieSceneTools (142)
[2016.09.02-07.17.23:917][ 91]LogModuleManager: Shutting down and abandoning module OutputLog (141)
[2016.09.02-07.17.23:917][ 91]LogModuleManager: Shutting down and abandoning module GammaUI (140)
[2016.09.02-07.17.23:917][ 91]LogModuleManager: Shutting down and abandoning module Documentation (139)
[2016.09.02-07.17.23:917][ 91]LogModuleManager: Shutting down and abandoning module StreamingPauseRendering (138)
[2016.09.02-07.17.23:917][ 91]LogModuleManager: Shutting down and abandoning module AnalyticsET (137)
[2016.09.02-07.17.23:917][ 91]LogModuleManager: Shutting down and abandoning module Analytics (136)
[2016.09.02-07.17.23:917][ 91]LogModuleManager: Shutting down and abandoning module PortalServices (135)
[2016.09.02-07.17.23:917][ 91]LogModuleManager: Shutting down and abandoning module PortalRpc (134)
[2016.09.02-07.17.23:917][ 91]LogModuleManager: Shutting down and abandoning module MessagingRpc (133)
[2016.09.02-07.17.23:917][ 91]LogModuleManager: Shutting down and abandoning module GameplayDebugger (132)
[2016.09.02-07.17.23:917][ 91]LogModuleManager: Shutting down and abandoning module AITestSuite (131)
[2016.09.02-07.17.23:917][ 91]LogModuleManager: Shutting down and abandoning module AIModule (130)
[2016.09.02-07.17.23:917][ 91]LogModuleManager: Shutting down and abandoning module ProfilerService (129)
[2016.09.02-07.17.23:953][ 91]LogModuleManager: Shutting down and abandoning module TaskGraph (128)
[2016.09.02-07.17.23:953][ 91]LogModuleManager: Shutting down and abandoning module SlateRemote (127)
[2016.09.02-07.17.23:953][ 91]LogModuleManager: Shutting down and abandoning module SteamVRController (126)
[2016.09.02-07.17.23:953][ 91]LogModuleManager: Shutting down and abandoning module SteamVR (125)
[2016.09.02-07.17.23:953][ 91]LogModuleManager: Shutting down and abandoning module ProceduralMeshComponent (124)
[2016.09.02-07.17.23:953][ 91]LogModuleManager: Shutting down and abandoning module OculusLibrary (123)
[2016.09.02-07.17.23:953][ 91]LogModuleManager: Shutting down and abandoning module OculusInput (122)
[2016.09.02-07.17.23:953][ 91]LogModuleManager: Shutting down and abandoning module CustomMeshComponent (121)
[2016.09.02-07.17.23:953][ 91]LogModuleManager: Shutting down and abandoning module CableComponent (120)
[2016.09.02-07.17.23:953][ 91]LogModuleManager: Shutting down and abandoning module ArchVisCharacter (119)
[2016.09.02-07.17.23:953][ 91]LogModuleManager: Shutting down and abandoning module MediaPlayerEditor (118)
[2016.09.02-07.17.23:953][ 91]LogModuleManager: Shutting down and abandoning module HTML5Networking (117)
[2016.09.02-07.17.23:953][ 91]LogModuleManager: Shutting down and abandoning module SuperSearch (116)
[2016.09.02-07.17.23:953][ 91]LogModuleManager: Shutting down and abandoning module SuperSearchEditor (115)
[2016.09.02-07.17.23:953][ 91]LogModuleManager: Shutting down and abandoning module SpeedTreeImporter (114)
[2016.09.02-07.17.23:953][ 91]LogModuleManager: Shutting down and abandoning module PluginBrowser (113)
[2016.09.02-07.17.23:953][ 91]LogModuleManager: Shutting down and abandoning module EpicSurvey (112)
[2016.09.02-07.17.23:953][ 91]LogModuleManager: Shutting down and abandoning module DesktopPlatform (111)
[2016.09.02-07.17.23:953][ 91]LogModuleManager: Shutting down and abandoning module VisualStudioSourceCodeAccess (110)
[2016.09.02-07.17.23:953][ 91]LogModuleManager: Shutting down and abandoning module UObjectPlugin (109)
[2016.09.02-07.17.23:953][ 91]LogModuleManager: Shutting down and abandoning module SubversionSourceControl (108)
[2016.09.02-07.17.23:953][ 91]LogModuleManager: Shutting down and abandoning module PerforceSourceControl (107)
[2016.09.02-07.17.23:953][ 91]LogModuleManager: Shutting down and abandoning module SourceControl (106)
[2016.09.02-07.17.23:953][ 91]LogModuleManager: Shutting down and abandoning module GitSourceControl (105)
[2016.09.02-07.17.23:953][ 91]LogModuleManager: Shutting down and abandoning module LightPropagationVolumeEditor (104)
[2016.09.02-07.17.23:953][ 91]LogModuleManager: Shutting down and abandoning module PaperTiledImporter (103)
[2016.09.02-07.17.23:953][ 91]LogModuleManager: Shutting down and abandoning module PaperSpriteSheetImporter (102)
[2016.09.02-07.17.23:953][ 91]LogModuleManager: Shutting down and abandoning module MeshPaint (101)
[2016.09.02-07.17.23:953][ 91]LogModuleManager: Shutting down and abandoning module PixelInspectorModule (100)
[2016.09.02-07.17.23:953][ 91]LogModuleManager: Shutting down and abandoning module HotReload (99)
[2016.09.02-07.17.23:954][ 91]LogModuleManager: Shutting down and abandoning module MainFrame (98)
[2016.09.02-07.17.23:954][ 91]LogModuleManager: Shutting down and abandoning module LevelEditor (97)
[2016.09.02-07.17.23:954][ 91]LogModuleManager: Shutting down and abandoning module ContentBrowser (96)
[2016.09.02-07.17.23:955][ 91]LogModuleManager: Shutting down and abandoning module Paper2DEditor (95)
[2016.09.02-07.17.23:955][ 91]LogModuleManager: Shutting down and abandoning module UdpMessaging (94)
[2016.09.02-07.17.24:056][ 91]LogModuleManager: Shutting down and abandoning module LightPropagationVolumeRuntime (93)
[2016.09.02-07.17.24:056][ 91]LogModuleManager: Shutting down and abandoning module Paper2D (92)
[2016.09.02-07.17.24:056][ 91]LogModuleManager: Shutting down and abandoning module WindowsMoviePlayer (91)
[2016.09.02-07.17.24:056][ 91]LogModuleManager: Shutting down and abandoning module Media (90)
[2016.09.02-07.17.24:056][ 91]LogModuleManager: Shutting down and abandoning module WmfMedia (89)
[2016.09.02-07.17.24:057][ 91]LogModuleManager: Shutting down and abandoning module MediaAssets (88)
[2016.09.02-07.17.24:057][ 91]LogModuleManager: Shutting down and abandoning module GameLiveStreaming (87)
[2016.09.02-07.17.24:057][ 91]LogModuleManager: Shutting down and abandoning module GameplayTagsEditor (86)
[2016.09.02-07.17.24:057][ 91]LogModuleManager: Shutting down and abandoning module OnlineBlueprintSupport (85)
[2016.09.02-07.17.24:057][ 91]LogModuleManager: Shutting down and abandoning module VREditor (84)
[2016.09.02-07.17.24:057][ 91]LogModuleManager: Shutting down and abandoning module GameplayTasksEditor (83)
[2016.09.02-07.17.24:057][ 91]LogModuleManager: Shutting down and abandoning module PropertyEditor (82)
[2016.09.02-07.17.24:057][ 91]LogModuleManager: Shutting down and abandoning module BehaviorTreeEditor (81)
[2016.09.02-07.17.24:057][ 91]LogModuleManager: Shutting down and abandoning module FunctionalTesting (80)
[2016.09.02-07.17.24:057][ 91]LogModuleManager: Shutting down and abandoning module CollisionAnalyzer (79)
[2016.09.02-07.17.24:057][ 91]LogModuleManager: Shutting down and abandoning module Sequencer (78)
[2016.09.02-07.17.24:057][ 91]LogModuleManager: Shutting down and abandoning module WorkspaceMenuStructure (77)
[2016.09.02-07.17.24:057][ 91]LogModuleManager: Shutting down and abandoning module MessageLog (76)
[2016.09.02-07.17.24:057][ 91]LogModuleManager: Shutting down and abandoning module AssetTools (75)
[2016.09.02-07.17.24:057][ 91]LogModuleManager: Shutting down and abandoning module UMGEditor (74)
[2016.09.02-07.17.24:057][ 91]LogModuleManager: Shutting down and abandoning module UMG (73)
[2016.09.02-07.17.24:057][ 91]LogModuleManager: Shutting down and abandoning module SlateReflector (72)
[2016.09.02-07.17.24:057][ 91]LogModuleManager: Shutting down and abandoning module Slate (71)
[2016.09.02-07.17.24:057][ 91]LogModuleManager: Shutting down and abandoning module EditorStyle (70)
[2016.09.02-07.17.24:060][ 91]LogModuleManager: Shutting down and abandoning module SourceCodeAccess (69)
[2016.09.02-07.17.24:060][ 91]LogModuleManager: Shutting down and abandoning module HeadMountedDisplay (68)
[2016.09.02-07.17.24:060][ 91]LogModuleManager: Shutting down and abandoning module XAudio2 (67)
[2016.09.02-07.17.24:060][ 91]LogModuleManager: Shutting down and abandoning module Networking (65)
[2016.09.02-07.17.24:060][ 91]LogModuleManager: Shutting down and abandoning module Core (64)
[2016.09.02-07.17.24:060][ 91]LogModuleManager: Shutting down and abandoning module DirectoryWatcher (63)
[2016.09.02-07.17.24:060][ 91]LogModuleManager: Shutting down and abandoning module AssetRegistry (62)
[2016.09.02-07.17.24:143][ 91]LogModuleManager: Shutting down and abandoning module KismetCompiler (61)
[2016.09.02-07.17.24:143][ 91]LogModuleManager: Shutting down and abandoning module PhysXFormats (60)
[2016.09.02-07.17.24:143][ 91]LogModuleManager: Shutting down and abandoning module MeshUtilities (59)
[2016.09.02-07.17.24:143][ 91]LogModuleManager: Shutting down and abandoning module DerivedDataCache (58)
[2016.09.02-07.17.24:244][ 91]LogDerivedDataCache: Shutdown
[2016.09.02-07.17.24:244][ 91]LogModuleManager: Shutting down and abandoning module VulkanShaderFormat (57)
[2016.09.02-07.17.24:244][ 91]LogModuleManager: Shutting down and abandoning module ShaderFormatOpenGL (56)
[2016.09.02-07.17.24:244][ 91]LogModuleManager: Shutting down and abandoning module ShaderFormatD3D (55)
[2016.09.02-07.17.24:244][ 91]LogModuleManager: Shutting down and abandoning module MetalShaderFormat (54)
[2016.09.02-07.17.24:244][ 91]LogModuleManager: Shutting down and abandoning module TextureFormatUncompressed (53)
[2016.09.02-07.17.24:244][ 91]LogModuleManager: Shutting down and abandoning module TextureFormatPVR (52)
[2016.09.02-07.17.24:244][ 91]LogModuleManager: Shutting down and abandoning module TextureFormatIntelISPCTexComp (51)
[2016.09.02-07.17.24:244][ 91]LogModuleManager: Shutting down and abandoning module TextureFormatDXT (50)
[2016.09.02-07.17.24:244][ 91]LogModuleManager: Shutting down and abandoning module ImageWrapper (49)
[2016.09.02-07.17.24:244][ 91]LogModuleManager: Shutting down and abandoning module TextureFormatASTC (48)
[2016.09.02-07.17.24:244][ 91]LogModuleManager: Shutting down and abandoning module TextureFormatAndroid (47)
[2016.09.02-07.17.24:244][ 91]LogModuleManager: Shutting down and abandoning module AudioFormatOpus (46)
[2016.09.02-07.17.24:244][ 91]LogModuleManager: Shutting down and abandoning module AudioFormatOgg (45)
[2016.09.02-07.17.24:244][ 91]LogModuleManager: Shutting down and abandoning module AudioFormatADPCM (44)
[2016.09.02-07.17.24:244][ 91]LogModuleManager: Shutting down and abandoning module LinuxTargetPlatform (43)
[2016.09.02-07.17.24:244][ 91]LogModuleManager: Shutting down and abandoning module LinuxServerTargetPlatform (42)
[2016.09.02-07.17.24:244][ 91]LogModuleManager: Shutting down and abandoning module LinuxNoEditorTargetPlatform (41)
[2016.09.02-07.17.24:244][ 91]LogModuleManager: Shutting down and abandoning module TVOSTargetPlatform (40)
[2016.09.02-07.17.24:244][ 91]LogModuleManager: Shutting down and abandoning module Messaging (39)
[2016.09.02-07.17.24:244][ 91]LogModuleManager: Shutting down and abandoning module IOSTargetPlatform (38)
[2016.09.02-07.17.24:244][ 91]LogModuleManager: Shutting down and abandoning module HTML5TargetPlatform (37)
[2016.09.02-07.17.24:244][ 91]LogModuleManager: Shutting down and abandoning module Android_PVRTCTargetPlatform (36)
[2016.09.02-07.17.24:244][ 91]LogModuleManager: Shutting down and abandoning module Android_MultiTargetPlatform (35)
[2016.09.02-07.17.24:244][ 91]LogModuleManager: Shutting down and abandoning module Android_ETC2TargetPlatform (34)
[2016.09.02-07.17.24:244][ 91]LogModuleManager: Shutting down and abandoning module Android_ETC1TargetPlatform (33)
[2016.09.02-07.17.24:244][ 91]LogModuleManager: Shutting down and abandoning module Android_DXTTargetPlatform (32)
[2016.09.02-07.17.24:244][ 91]LogModuleManager: Shutting down and abandoning module Android_ATCTargetPlatform (31)
[2016.09.02-07.17.24:244][ 91]LogModuleManager: Shutting down and abandoning module Android_ASTCTargetPlatform (30)
[2016.09.02-07.17.24:244][ 91]LogModuleManager: Shutting down and abandoning module AndroidTargetPlatform (29)
[2016.09.02-07.17.24:244][ 91]LogModuleManager: Shutting down and abandoning module WindowsTargetPlatform (28)
[2016.09.02-07.17.24:244][ 91]LogModuleManager: Shutting down and abandoning module WindowsServerTargetPlatform (27)
[2016.09.02-07.17.24:244][ 91]LogModuleManager: Shutting down and abandoning module WindowsNoEditorTargetPlatform (26)
[2016.09.02-07.17.24:244][ 91]LogModuleManager: Shutting down and abandoning module WindowsClientTargetPlatform (25)
[2016.09.02-07.17.24:244][ 91]LogModuleManager: Shutting down and abandoning module AllDesktopTargetPlatform (24)
[2016.09.02-07.17.24:244][ 91]LogModuleManager: Shutting down and abandoning module TargetPlatform (23)
[2016.09.02-07.17.24:244][ 91]LogModuleManager: Shutting down and abandoning module InputCore (22)
[2016.09.02-07.17.24:244][ 91]LogModuleManager: Shutting down and abandoning module Settings (21)
[2016.09.02-07.17.24:244][ 91]LogModuleManager: Shutting down and abandoning module OnlineSubsystem (19)
[2016.09.02-07.17.24:244][ 91]LogModuleManager: Shutting down and abandoning module HTTP (18)
[2016.09.02-07.17.27:249][ 91]LogModuleManager: Shutting down and abandoning module XMPP (17)
[2016.09.02-07.17.27:249][ 91]LogModuleManager: Shutting down and abandoning module OculusRift (16)
[2016.09.02-07.17.27:249][ 91]LogModuleManager: Shutting down and abandoning module ExampleDeviceProfileSelector (15)
[2016.09.02-07.17.27:249][ 91]LogModuleManager: Shutting down and abandoning module TextureCompressor (14)
[2016.09.02-07.17.27:249][ 91]LogModuleManager: Shutting down and abandoning module ShaderCore (13)
[2016.09.02-07.17.27:249][ 91]LogModuleManager: Shutting down and abandoning module Landscape (12)
[2016.09.02-07.17.27:249][ 91]LogModuleManager: Shutting down and abandoning module SlateRHIRenderer (11)
[2016.09.02-07.17.27:250][ 91]LogModuleManager: Shutting down and abandoning module OpenGLDrv (10)
[2016.09.02-07.17.27:250][ 91]LogModuleManager: Shutting down and abandoning module D3D11RHI (9)
[2016.09.02-07.17.27:250][ 91]LogModuleManager: Shutting down and abandoning module AnimGraphRuntime (8)
[2016.09.02-07.17.27:250][ 91]LogModuleManager: Shutting down and abandoning module Renderer (7)
[2016.09.02-07.17.27:250][ 91]LogModuleManager: Shutting down and abandoning module Engine (6)
[2016.09.02-07.17.27:250][ 91]LogModuleManager: Shutting down and abandoning module CoreUObject (5)
[2016.09.02-07.17.27:250][ 91]LogModuleManager: Shutting down and abandoning module NetworkFile (4)
[2016.09.02-07.17.27:250][ 91]LogModuleManager: Shutting down and abandoning module StreamingFile (3)
[2016.09.02-07.17.27:250][ 91]LogModuleManager: Shutting down and abandoning module SandboxFile (2)
[2016.09.02-07.17.27:250][ 91]LogModuleManager: Shutting down and abandoning module PakFile (1)
[2016.09.02-07.17.27:251][ 91]LogExit: Exiting.
[2016.09.02-07.17.27:266][ 91]Log file closed, 09/02/16 09:17:27
