Log file open, 09/01/16 13:56:58
LogInit:Display: Running engine for game: VRenvironment
LogPlatformFile: Not using cached read wrapper
LogInit:Display: RandInit(-334385374) SRandInit(-334385373).
LogTaskGraph: Started task graph with 4 named threads and 7 total threads with 1 sets of task threads.
LogStats: Stats thread started at 0.086058
LogInit: Version: 4.12.5-3039270+++UE4+Release-4.12
LogInit: API Version: 2992821
LogInit: Net Version: 3039270
LogDevObjectVersion: Number of dev versions registered: 13
LogDevObjectVersion:   Dev-Blueprints (B0D832E4-1F89-4F0D-ACCF-7EB736FD4AA2): 3
LogDevObjectVersion:   Dev-Build (E1C64328-A22C-4D53-A36C-8E866417BD8C): 0
LogDevObjectVersion:   Dev-Core (375EC13C-06E4-48FB-B500-84F0262A717E): 1
LogDevObjectVersion:   Dev-Editor (E4B068ED-F494-42E9-A231-DA0B2E46BB41): 2
LogDevObjectVersion:   Dev-Framework (CFFC743F-43B0-4480-9391-14DF171D2073): 6
LogDevObjectVersion:   Dev-Mobile (B02B49B5-BB20-44E9-A304-32B752E40360): 0
LogDevObjectVersion:   Dev-Networking (A4E4105C-59A1-49B5-A7C5-40C4547EDFEE): 0
LogDevObjectVersion:   Dev-Online (39C831C9-5AE6-47DC-9A44-9C173E1C8E7C): 0
LogDevObjectVersion:   Dev-Physics (78F01B33-EBEA-4F98-B9B4-84EACCB95AA2): 0
LogDevObjectVersion:   Dev-Platform (6631380F-2D4D-43E0-8009-CF276956A95A): 0
LogDevObjectVersion:   Dev-Rendering (12F88B9F-8875-4AFC-A67C-D90C383ABD29): 2
LogDevObjectVersion:   Dev-Sequencer (7B5AE74C-D270-4C10-A958-57980B212A5A): 0
LogDevObjectVersion:   Dev-VR (D7296918-1DD6-4BDD-9DE2-64A83CC13884): 0
LogInit: Compiled (64-bit): Jul  6 2016 09:09:46
LogInit: Compiled with Visual C++: 19.00.23026.00
LogInit: Build Configuration: Development
LogInit: Branch Name: ++UE4+Release-4.12
LogInit: Command line: -EpicPortal 
LogInit: Base directory: C:/Program Files (x86)/Epic Games/4.12/Engine/Binaries/Win64/
LogInit: Installed Engine Build: 1
LogInit: Using libcurl 7.41.0
LogInit:  - built for x86_64-pc-win32
LogInit:  - supports SSL with WinSSL
LogInit:  - other features:
LogInit:      CURL_VERSION_SSL
LogInit:      CURL_VERSION_IPV6
LogInit:      CURL_VERSION_ASYNCHDNS
LogInit:      CURL_VERSION_LARGEFILE
LogInit:      CURL_VERSION_IDN
LogInit:  CurlRequestOptions (configurable via config and command line):
LogInit:  - bVerifyPeer = true  - Libcurl will verify peer certificate
LogInit:  - bUseHttpProxy = false  - Libcurl will NOT use HTTP proxy
LogInit:  - bDontReuseConnections = false  - Libcurl will reuse connections
LogInit:  - CertBundlePath = nullptr  - Libcurl will use whatever was configured at build time.
LogInit: Presizing for max 8388607 objects, including 0 objects not considered by GC, pre-allocating 0 bytes for permanent pool.
LogInit: Object subsystem initialized
[2016.09.01-11.56.58:440][  0]LogInit: Selected Device Profile: [Windows]
[2016.09.01-11.56.58:440][  0]LogInit: Applying CVar settings loaded from the selected device profile: [Windows]
[2016.09.01-11.56.58:502][  0]LogInit: Computer: LAPTOPSAM
[2016.09.01-11.56.58:502][  0]LogInit: User: LaptopSam
[2016.09.01-11.56.58:502][  0]LogInit: CPU Page size=65536, Cores=4
[2016.09.01-11.56.58:502][  0]LogInit: High frequency timer resolution =2.241014 MHz
[2016.09.01-11.56.58:502][  0]LogMemory: Memory total: Physical=7.9GB (8GB approx)
[2016.09.01-11.56.58:502][  0]LogMemory: Platform Memory Stats for Windows
[2016.09.01-11.56.58:502][  0]LogMemory: Process Physical Memory: 190.41 MB used, 190.41 MB peak
[2016.09.01-11.56.58:502][  0]LogMemory: Process Virtual Memory: 195.21 MB used, 195.21 MB peak
[2016.09.01-11.56.58:502][  0]LogMemory: Physical Memory: 4499.44 MB used, 8077.83 MB total
[2016.09.01-11.56.58:502][  0]LogMemory: Virtual Memory: 552.94 MB used, 134217728.00 MB total
[2016.09.01-11.56.58:536][  0]LogTextLocalizationManager: No translations for ('nl-NL') exist, falling back to 'en' for localization and internationalization data.
[2016.09.01-11.56.58:963][  0]LogD3D11RHI: D3D11 adapters:
[2016.09.01-11.56.58:986][  0]LogD3D11RHI:    0. 'NVIDIA GeForce GT 650M  ' (Feature Level 11_0)
[2016.09.01-11.56.58:986][  0]LogD3D11RHI:       1989/0/4038 MB DedicatedVideo/DedicatedSystem/SharedSystem, Outputs:1, VendorId:0x10de
[2016.09.01-11.56.58:989][  0]LogD3D11RHI:    1. 'Intel(R) HD Graphics 4000' (Feature Level 11_0)
[2016.09.01-11.56.58:989][  0]LogD3D11RHI:       32/0/1760 MB DedicatedVideo/DedicatedSystem/SharedSystem, Outputs:0, VendorId:0x8086
[2016.09.01-11.56.58:991][  0]LogD3D11RHI:    2. 'Microsoft Basic Render Driver' (Feature Level 11_0)
[2016.09.01-11.56.58:991][  0]LogD3D11RHI:       0/0/4038 MB DedicatedVideo/DedicatedSystem/SharedSystem, Outputs:0, VendorId:0x1414
[2016.09.01-11.56.58:991][  0]LogD3D11RHI: Chosen D3D11 Adapter: 0
[2016.09.01-11.56.58:996][  0]LogD3D11RHI: Creating new Direct3DDevice
[2016.09.01-11.56.58:996][  0]LogD3D11RHI:     GPU DeviceId: 0xfd1 (for the marketing name, search the web for "GPU Device Id")
[2016.09.01-11.56.58:996][  0]LogWindows: EnumDisplayDevices:
[2016.09.01-11.56.58:996][  0]LogWindows:    0. 'Intel(R) HD Graphics 4000' (P:1 D:1)
[2016.09.01-11.56.58:996][  0]LogWindows:    1. 'Intel(R) HD Graphics 4000' (P:0 D:0)
[2016.09.01-11.56.58:996][  0]LogWindows:    2. 'Intel(R) HD Graphics 4000' (P:0 D:0)
[2016.09.01-11.56.58:997][  0]LogWindows:    3. 'NVIDIA GeForce GT 650M  ' (P:0 D:0)
[2016.09.01-11.56.58:997][  0]LogWindows: DebugString: PrimaryIsNotTheChoosenAdapter PrimaryIsNotTheChoosenAdapter PrimaryIsNotTheChoosenAdapter 
[2016.09.01-11.56.58:997][  0]LogD3D11RHI:     Adapter Name: NVIDIA GeForce GT 650M  
[2016.09.01-11.56.58:997][  0]LogD3D11RHI:   Driver Version: 361.91 (internal:10.18.13.6191, unified:361.91)
[2016.09.01-11.56.58:997][  0]LogD3D11RHI:      Driver Date: 2-8-2016
[2016.09.01-11.56.58:997][  0]LogRHI: Texture pool is 1361 MB (70% of 1945 MB)
[2016.09.01-11.56.59:009][  0]LogD3D11RHI: Async texture creation enabled
[2016.09.01-11.56.59:026][  0]LogD3D11RHI: GPU Timing Frequency: 1000.000000 (Debug: 2 2)
[2016.09.01-11.56.59:026][  0]LogShaderCompilers: Guid format shader working directory is -32 characters bigger than the processId version (../../../../../../Users/Laptop Sam/Documents/GitHub/UnrealVRTestbox/VRenvironment/Intermediate/Shaders/WorkingDirectory/5396/).
[2016.09.01-11.56.59:027][  0]LogShaderCompilers: Cleaned the shader compiler working directory 'C:/Users/LAPTOP~1/AppData/Local/Temp/UnrealShaderWorkingDir/979B976C4F672B808986B7881AF65930/'.
[2016.09.01-11.56.59:027][  0]LogShaderCompilers:Display: Using Local Shader Compiler.
[2016.09.01-11.57.00:025][  0]LogTemp:Display: Loaded TP AllDesktopTargetPlatform
[2016.09.01-11.57.00:036][  0]LogTemp:Display: Loaded TP WindowsClientTargetPlatform
[2016.09.01-11.57.00:048][  0]LogTemp:Display: Loaded TP WindowsNoEditorTargetPlatform
[2016.09.01-11.57.00:060][  0]LogTemp:Display: Loaded TP WindowsServerTargetPlatform
[2016.09.01-11.57.00:071][  0]LogTemp:Display: Loaded TP WindowsTargetPlatform
[2016.09.01-11.57.00:081][  0]LogTemp:Display: Loaded TP AndroidTargetPlatform
[2016.09.01-11.57.00:090][  0]LogTemp:Display: Loaded TP Android_ASTCTargetPlatform
[2016.09.01-11.57.00:099][  0]LogTemp:Display: Loaded TP Android_ATCTargetPlatform
[2016.09.01-11.57.00:109][  0]LogTemp:Display: Loaded TP Android_DXTTargetPlatform
[2016.09.01-11.57.00:119][  0]LogTemp:Display: Loaded TP Android_ETC1TargetPlatform
[2016.09.01-11.57.00:128][  0]LogTemp:Display: Loaded TP Android_ETC2TargetPlatform
[2016.09.01-11.57.00:148][  0]LogTemp:Display: Loaded TP Android_MultiTargetPlatform
[2016.09.01-11.57.00:148][  0]LogTemp:Display: Loaded TP Android_PVRTCTargetPlatform
[2016.09.01-11.57.00:149][  0]LogTemp:Display: Loaded TP HTML5TargetPlatform
[2016.09.01-11.57.00:173][  0]LogTemp:Display: Loaded TP IOSTargetPlatform
[2016.09.01-11.57.00:181][  0]LogTemp:Display: Loaded TP TVOSTargetPlatform
[2016.09.01-11.57.00:190][  0]LogTemp:Display: Loaded TP LinuxNoEditorTargetPlatform
[2016.09.01-11.57.00:199][  0]LogTemp:Display: Loaded TP LinuxServerTargetPlatform
[2016.09.01-11.57.00:209][  0]LogTemp:Display: Loaded TP LinuxTargetPlatform
[2016.09.01-11.57.00:209][  0]LogTargetPlatformManager:Display: Building Assets For Windows
[2016.09.01-11.57.00:320][  0]LogDerivedDataCache:Display: Max Cache Size: 512 MB
[2016.09.01-11.57.00:372][  0]LogDerivedDataCache: Loaded boot cache 0.05s 48MB C:/Users/Laptop Sam/AppData/Local/UnrealEngine/4.12/DerivedDataCache/Boot.ddc.
[2016.09.01-11.57.00:372][  0]LogDerivedDataCache:Display: Loaded Boot cache: C:/Users/Laptop Sam/AppData/Local/UnrealEngine/4.12/DerivedDataCache/Boot.ddc
[2016.09.01-11.57.00:372][  0]LogDerivedDataCache: FDerivedDataBackendGraph:  Pak pak cache file ../../../../../../Users/Laptop Sam/Documents/GitHub/UnrealVRTestbox/VRenvironment/DerivedDataCache/DDC.ddp not found, will not use a pak cache.
[2016.09.01-11.57.00:372][  0]LogDerivedDataCache: Unable to find inner node Pak for hierarchical cache Hierarchy.
[2016.09.01-11.57.00:372][  0]LogDerivedDataCache: FDerivedDataBackendGraph:  CompressedPak pak cache file ../../../../../../Users/Laptop Sam/Documents/GitHub/UnrealVRTestbox/VRenvironment/DerivedDataCache/Compressed.ddp not found, will not use a pak cache.
[2016.09.01-11.57.00:372][  0]LogDerivedDataCache: Unable to find inner node CompressedPak for hierarchical cache Hierarchy.
[2016.09.01-11.57.00:391][  0]LogDerivedDataCache:Display: Pak cache opened for reading ../../../Engine/DerivedDataCache/Compressed.ddp.
[2016.09.01-11.57.00:404][  0]LogDerivedDataCache: Using Local data cache path C:/Users/Laptop Sam/AppData/Local/UnrealEngine/Common/DerivedDataCache: Writable
[2016.09.01-11.57.00:629][  0]LogInit: Selected Device Profile: [Windows]
[2016.09.01-11.57.00:630][  0]LogContentStreaming: Texture pool size is 0.00 MB
[2016.09.01-11.57.00:818][  0]LogMeshUtilities: No automatic mesh reduction module available
[2016.09.01-11.57.00:818][  0]LogMeshUtilities: No automatic mesh merging module available
[2016.09.01-11.57.00:818][  0]LogMeshUtilities: No distributed automatic mesh merging module available
[2016.09.01-11.57.01:848][  0]LogAssetRegistry: FAssetRegistry took 0.0222 seconds to start up
[2016.09.01-11.57.01:871][  0]LogPackageLocalizationCache: Processed 3 localized package path(s) for 1 prioritized culture(s) in 0.018785 seconds
[2016.09.01-11.57.01:877][  0]LogUObjectArray: 28739 objects as part of root set at end of initial load.
[2016.09.01-11.57.01:877][  0]LogUObjectAllocator: 5855624 out of 0 bytes used by permanent object pool.
[2016.09.01-11.57.01:877][  0]LogUObjectArray: CloseDisregardForGC: 0/0 objects in disregard for GC pool
[2016.09.01-11.57.01:888][  0]LogInit: WinSock: version 1.1 (2.2), MaxSocks=32767, MaxUdp=65467
[2016.09.01-11.57.02:279][  0]LogSlate: SlateFontCache - WITH_FREETYPE: 1, WITH_HARFBUZZ: 1
[2016.09.01-11.57.02:279][  0]LogSlate: SlateFontCache - WITH_FREETYPE: 1, WITH_HARFBUZZ: 1
[2016.09.01-11.57.18:695][  0]LogUdpMessaging: Initializing bridge on interface 0.0.0.0:0 to multicast group 230.0.0.1:6666.
[2016.09.01-11.57.19:259][  0]SourceControl: Info Source control is disabled
[2016.09.01-11.57.19:260][  0]SourceControl: Info Source control is disabled
[2016.09.01-11.57.19:273][  0]SourceControl: Info Source control is disabled
[2016.09.01-11.57.19:287][  0]SourceControl: Info Source control is disabled
[2016.09.01-11.57.19:689][  0]LogEngine: Initializing Engine...
[2016.09.01-11.57.19:690][  0]LogHMD: SteamVR failed to initialize.  Err: 110
[2016.09.01-11.57.19:690][  0]LogHMD: SteamVR failed to initialize.  Err: 110
[2016.09.01-11.57.20:134][  0]LogAIModule: Creating AISystem for world NewWorld
[2016.09.01-11.57.20:139][  0]LogInit: XAudio2 using 'Speakers (Realtek High Definition Audio)' : 2 channels at 48 kHz using 32 bits per sample (channel mask 0x3)
[2016.09.01-11.57.20:164][  0]LogInit: FAudioDevice initialized.
[2016.09.01-11.57.20:189][  0]LogDerivedDataCache: Saved boot cache 0.03s 48MB C:/Users/Laptop Sam/AppData/Local/UnrealEngine/4.12/DerivedDataCache/Boot.ddc.
[2016.09.01-11.57.20:196][  0]LogInit: Texture streaming: Enabled
[2016.09.01-11.57.20:226][  0]LogInit: Transaction tracking system initialized
[2016.09.01-11.57.20:260][  0]BlueprintLog: New page: Editor Load
[2016.09.01-11.57.20:374][  0]LocalizationService: Info Localization service is disabled
[2016.09.01-11.57.20:536][  0]LogConsoleResponse:Display: 
[2016.09.01-11.57.21:243][  0]LogCook:Display: Max memory allowance for cook 8192mb
[2016.09.01-11.57.21:244][  0]LogCook:Display: Mobile HDR setting 1
[2016.09.01-11.57.21:709][  0]LogFileCache: Scanning file cache for directory 'C:/Users/Laptop Sam/Documents/GitHub/UnrealVRTestbox/VRenvironment/Content/' took 0.01s
[2016.09.01-11.57.21:709][  0]SourceControl: Info Source control is disabled
[2016.09.01-11.57.21:709][  0]Cmd: MAP LOAD FILE="../../../Engine/Content/Maps/Templates/Template_Default.umap" TEMPLATE=1 SHOWPROGRESS=1 FEATURELEVEL=3
[2016.09.01-11.57.21:710][  0]LightingResults: New page: Lighting Build
[2016.09.01-11.57.21:714][  0]MapCheck: New page: Map Check
[2016.09.01-11.57.21:714][  0]LightingResults: New page: Lighting Build
[2016.09.01-11.57.22:078][  0]LogAIModule: Creating AISystem for world Untitled_1
[2016.09.01-11.57.22:261][  0]LogEditorServer: Finished looking for orphan Actors (0.000 secs)
[2016.09.01-11.57.22:265][  0]Cmd: MAP CHECKDEP NOCLEARLOG
[2016.09.01-11.57.22:311][  0]MapCheck: Info Map check complete: 0 Error(s), 0 Warning(s), took 45.402ms to complete.
[2016.09.01-11.57.22:311][  0]LogFileHelpers: Loading map 'Template_Default' took 0.601
[2016.09.01-11.57.22:401][  0]LogCollectionManager: Loaded 0 collections in 0.002874 seconds
[2016.09.01-11.57.22:442][  0]LogFileCache: Scanning file cache for directory 'C:/Users/Laptop Sam/Documents/GitHub/UnrealVRTestbox/VRenvironment/Saved/Collections/' took 0.01s
[2016.09.01-11.57.22:442][  0]LogFileCache: Scanning file cache for directory 'C:/Users/Laptop Sam/Documents/GitHub/UnrealVRTestbox/VRenvironment/Content/Developers/LaptopSam/Collections/' took 0.01s
[2016.09.01-11.57.22:442][  0]LogFileCache: Scanning file cache for directory 'C:/Users/Laptop Sam/Documents/GitHub/UnrealVRTestbox/VRenvironment/Content/Collections/' took 0.01s
[2016.09.01-11.57.22:442][  0]LogCollectionManager: Rebuilt the GUID cache for 0 collections in 0.000003 seconds
[2016.09.01-11.57.22:451][  0]LogContentBrowser: Native class hierarchy populated in 0.0090 seconds. Added 2047 classes and 369 folders.
[2016.09.01-11.57.22:456][  0]LogStats: UGameplayTagsManager::ConstructGameplayTagTree: Construct from data asset -  0.000 s
[2016.09.01-11.57.22:456][  0]LogStats: UGameplayTagsManager::ConstructGameplayTagTree: GameplayTagTreeChangedEvent.Broadcast -  0.000 s
[2016.09.01-11.57.22:457][  0]LogContentBrowser: Native class hierarchy updated for 'GameplayTags' in 0.0005 seconds. Added 12 classes and 0 folders.
[2016.09.01-11.57.22:464][  0]LogContentBrowser: Native class hierarchy updated for 'WidgetCarousel' in 0.0004 seconds. Added 0 classes and 0 folders.
[2016.09.01-11.57.22:965][  0]LogContentBrowser: Native class hierarchy updated for 'AddContentDialog' in 0.0005 seconds. Added 0 classes and 0 folders.
[2016.09.01-11.57.23:058][  0]LogContentBrowser: Native class hierarchy updated for 'SceneOutliner' in 0.0004 seconds. Added 1 classes and 2 folders.
[2016.09.01-11.57.23:110][  0]LogCrashTracker: Crashtracker disabled due to settings.
[2016.09.01-11.57.23:116][  0]LogUObjectGlobals:Warning: Failed to find object 'Class None.'
[2016.09.01-11.57.23:144][  0]LogContentBrowser: Native class hierarchy updated for 'HierarchicalLODOutliner' in 0.0004 seconds. Added 1 classes and 2 folders.
[2016.09.01-11.57.23:144][  0]LogLoad: Full Startup: 25.77 seconds (BP compile: 0.10 seconds)
[2016.09.01-11.57.23:144][  0]LogExternalProfiler: No external profilers were discovered.  External profiling features will not be available.
[2016.09.01-11.57.23:483][  0]LogOcInput: OculusInput pre-init called
[2016.09.01-11.57.23:502][  0]LogContentStreaming: Texture pool size now 1000 MB
[2016.09.01-11.57.23:752][  0]LogRenderer: Reallocating scene render targets to support 956x708 (Frame:2).
[2016.09.01-11.57.23:830][  1]LogAssetRegistry: Asset discovery search completed in 22.0038 seconds
[2016.09.01-11.57.23:830][  1]LogCollectionManager: Rebuilt the object cache for 0 collections in 0.000001 seconds (found 0 objects)
[2016.09.01-11.57.23:830][  1]LogCollectionManager: Fixed up redirectors for 0 collections in 0.000026 seconds (updated 0 objects)
[2016.09.01-11.57.37:991][246]Cmd: MAP LOAD FILE="../../../Engine/Content/Maps/Templates/Template_Default.umap" TEMPLATE=1 SHOWPROGRESS=1 FEATURELEVEL=3
[2016.09.01-11.57.38:009][246]LightingResults: New page: Lighting Build
[2016.09.01-11.57.38:010][246]LoadErrors: New page: Loading map: Template_Default.umap
[2016.09.01-11.57.38:013][246]MapCheck: New page: Map Check
[2016.09.01-11.57.38:013][246]LightingResults: New page: Lighting Build
[2016.09.01-11.57.38:051][246]LogAIModule: Creating AISystem for world Untitled_2
[2016.09.01-11.57.38:102][246]LogEditorServer: Finished looking for orphan Actors (0.000 secs)
[2016.09.01-11.57.38:114][246]Cmd: MAP CHECKDEP NOCLEARLOG
[2016.09.01-11.57.38:160][246]MapCheck: Info Map check complete: 0 Error(s), 0 Warning(s), took 46.322ms to complete.
[2016.09.01-11.57.38:160][246]LogFileHelpers: Loading map 'Template_Default' took 0.170
[2016.09.01-11.57.58:550][434]LogSavePackage: Save=33.00ms
[2016.09.01-11.57.58:550][434]LogSavePackage: Moving '../../../../../../Users/Laptop Sam/Documents/GitHub/UnrealVRTestbox/VRenvironment/Saved/VR_audio_enviroment7C5C8F67471F4B2CBD80C1B319E22736.tmp' to '../../../../../../Users/Laptop Sam/Documents/GitHub/UnrealVRTestbox/VRenvironment/Content/VR_audio_enviroment.umap'
[2016.09.01-11.57.58:551][434]LogSavePackage:Display: Finished SavePackage ../../../../../../Users/Laptop Sam/Documents/GitHub/UnrealVRTestbox/VRenvironment/Content/VR_audio_enviroment.umap
[2016.09.01-11.57.58:582][434]LogFileHelpers: Saving map 'VR_audio_enviroment' took 0.524
[2016.09.01-11.58.01:530][602]LogPlayLevel: PlayLevel: No blueprints needed recompiling
[2016.09.01-11.58.01:531][602]PIE: New page: PIE session: VR_audio_enviroment (Sep 1, 2016, 2:58:01 PM)
[2016.09.01-11.58.01:531][602]LogPlayLevel: Creating play world package: /Game/UEDPIE_0_VR_audio_enviroment
[2016.09.01-11.58.01:533][602]LogPlayLevel: PIE: StaticDuplicateObject took: (0.001971s)
[2016.09.01-11.58.01:534][602]LogAIModule: Creating AISystem for world VR_audio_enviroment
[2016.09.01-11.58.01:534][602]LogPlayLevel: PIE: World Init took: (0.000979s)
[2016.09.01-11.58.01:534][602]LogPlayLevel: PIE: Created PIE world by copying editor world from /Game/VR_audio_enviroment.VR_audio_enviroment to /Game/UEDPIE_0_VR_audio_enviroment.VR_audio_enviroment (0.003218s)
[2016.09.01-11.58.01:547][602]LogInit: XAudio2 using 'Speakers (Realtek High Definition Audio)' : 2 channels at 48 kHz using 32 bits per sample (channel mask 0x3)
[2016.09.01-11.58.01:555][602]LogInit: FAudioDevice initialized.
[2016.09.01-11.58.01:656][602]LogWorld: Game class is 'FPS_C'
[2016.09.01-11.58.01:659][602]LogWorld: Bringing World /Game/UEDPIE_0_VR_audio_enviroment.VR_audio_enviroment up for play (max tick rate 60) at 2016.09.01-13.58.01
[2016.09.01-11.58.01:659][602]LogWorld: Bringing up level for play took: 0.001880
[2016.09.01-11.58.01:665][602]LogContentBrowser: Native class hierarchy updated for 'MovieSceneCapture' in 0.0005 seconds. Added 11 classes and 0 folders.
[2016.09.01-11.58.01:666][602]PIE: Info Play in editor start time for /Game/UEDPIE_0_VR_audio_enviroment 0.623
[2016.09.01-11.58.18:204][588]Cmd: BRUSH ADD SELECTNEWBRUSH
[2016.09.01-11.58.19:434][660]Cmd: DELETE
[2016.09.01-11.58.19:434][660]Cmd: ACTOR DELETE
[2016.09.01-11.58.19:435][660]LogEditorActor: Deleted Actor: Brush
[2016.09.01-11.58.19:445][660]LogEditorActor: Deleted 1 Actors (0.010 secs)
[2016.09.01-11.58.39:875][884]LogActorFactory: Actor Factory created Sphere
[2016.09.01-11.58.41:378][971]LogActorFactory: Actor Factory created Sphere
[2016.09.01-12.00.26:019][748]LogTexture:Display: Building textures: Texture2D_2 (G8)
[2016.09.01-12.00.36:661][363]Cmd: TRANSACTION UNDO
[2016.09.01-12.00.36:662][363]LogEditorTransaction: Undo Move Actors
[2016.09.01-12.00.37:087][386]Cmd: TRANSACTION UNDO
[2016.09.01-12.00.37:087][386]LogEditorTransaction: Undo Move Actors
[2016.09.01-12.00.37:462][406]Cmd: TRANSACTION UNDO
[2016.09.01-12.00.37:462][406]LogEditorTransaction: Undo Create Actors
[2016.09.01-12.07.43:753][ 84]LogSavePackage: Save=30.04ms
[2016.09.01-12.07.43:753][ 84]LogSavePackage: Moving '../../../../../../Users/Laptop Sam/Documents/GitHub/UnrealVRTestbox/VRenvironment/Saved/VR_audio_enviroment_Auto125E6C1F44C454DB3E3B74EACB2BDC955.tmp' to '../../../../../../Users/Laptop Sam/Documents/GitHub/UnrealVRTestbox/VRenvironment/Saved/Autosaves/Game/VR_audio_enviroment_Auto1.umap'
[2016.09.01-12.07.43:754][ 84]LogSavePackage:Display: Finished SavePackage ../../../../../../Users/Laptop Sam/Documents/GitHub/UnrealVRTestbox/VRenvironment/Saved/Autosaves/Game/VR_audio_enviroment_Auto1.umap
[2016.09.01-12.07.43:756][ 84]LogFileHelpers: Editor autosave (incl. sublevels) for '/Game/VR_audio_enviroment' took 0.119
[2016.09.01-12.07.43:756][ 84]LogFileHelpers: Editor autosave (incl. sublevels) for all levels took 0.119
[2016.09.01-12.20.02:221][773]LogFactory: FactoryCreateFile: SoundWave with ReimportSoundFactory (0 0 ../../../../../../Users/Laptop Sam/Desktop/Testsound_dogbark.wav)
[2016.09.01-12.20.02:272][773]Error: Currently, only 16 bit WAV files are supported (Testsound_dogbark).
[2016.09.01-12.20.05:238][773]LogAssetTools:Warning: Failed to import '../../../../../../Users/Laptop Sam/Desktop/Testsound_dogbark.wav'. Failed to create asset '/Game/assets/Audio/Testsound_dogbark'
[2016.09.01-12.20.19:397][525]LogFactory: FactoryCreateFile: SoundWave with ReimportSoundFactory (0 0 ../../../../../../Users/Laptop Sam/Desktop/Testsound_dogbark.wav)
[2016.09.01-12.20.19:419][525]Error: Currently, only 16 bit WAV files are supported (Testsound_dogbark).
[2016.09.01-12.20.27:505][525]LogAssetTools:Warning: Failed to import '../../../../../../Users/Laptop Sam/Desktop/Testsound_dogbark.wav'. Failed to create asset '/Game/assets/Audio/Testsound_dogbark'
[2016.09.01-12.21.32:868][475]LogFactory: FactoryCreateFile: SoundWave with ReimportSoundFactory (0 0 ../../../../../../Users/Laptop Sam/Desktop/Testsound_dogbark.wav)
[2016.09.01-12.21.32:888][475]Error: Currently, only 16 bit WAV files are supported (Testsound_dogbark).
[2016.09.01-12.21.38:838][475]LogAssetTools:Warning: Failed to import '../../../../../../Users/Laptop Sam/Desktop/Testsound_dogbark.wav'. Failed to create asset '/Game/assets/Audio/Testsound_dogbark'
[2016.09.01-12.21.51:592][910]LogFactory: FactoryCreateFile: SoundWave with ReimportSoundFactory (0 0 C:\Users\Laptop Sam\Desktop\Testsound_dogbark.wav)
[2016.09.01-12.21.51:610][910]Error: Currently, only 16 bit WAV files are supported (Testsound_dogbark).
[2016.09.01-12.21.53:340][910]LogAssetTools:Warning: Failed to import 'C:\Users\Laptop Sam\Desktop\Testsound_dogbark.wav'. Failed to create asset '/Game/assets/Audio/Testsound_dogbark'
[2016.09.01-12.24.58:422][166]LogFactory: FactoryCreateFile: SoundWave with ReimportSoundFactory (0 0 ../../../../../../Users/Laptop Sam/Desktop/Testsounddogbark.wav.wav)
[2016.09.01-12.24.58:445][166]Error: Currently, only 16 bit WAV files are supported (Testsounddogbark_wav).
[2016.09.01-12.25.02:587][166]LogAssetTools:Warning: Failed to import '../../../../../../Users/Laptop Sam/Desktop/Testsounddogbark.wav.wav'. Failed to create asset '/Game/assets/Audio/Testsounddogbark_wav'
[2016.09.01-12.25.17:004][262]LogFactory: FactoryCreateFile: SoundWave with ReimportSoundFactory (0 0 ../../../../../../Users/Laptop Sam/Desktop/Testsounddogbark.wav)
[2016.09.01-12.25.17:024][262]Error: Currently, only 16 bit WAV files are supported (Testsounddogbark).
[2016.09.01-12.28.22:143][262]LogAssetTools:Warning: Failed to import '../../../../../../Users/Laptop Sam/Desktop/Testsounddogbark.wav'. Failed to create asset '/Game/assets/Audio/Testsounddogbark'
[2016.09.01-12.28.24:761][337]LogFactory: FactoryCreateFile: SoundWave with ReimportSoundFactory (0 0 ../../../../../../Users/Laptop Sam/Desktop/Testsounddogbark.wav)
[2016.09.01-12.28.24:866][337]LogAudioDerivedData:Display: Building compressed audio format OGG wave Testsounddogbark...
[2016.09.01-12.28.25:802][337]LogAudioDerivedData:Warning: Updated SoundWave->RawPCMDataSize during cooking SoundWave /Game/assets/Audio/Testsounddogbark.Testsounddogbark.
[2016.09.01-12.30.28:663][314]LogFileHelpers: Editor autosave (incl. sublevels) for '/Game/VR_audio_enviroment' took 0.011
[2016.09.01-12.30.28:665][314]OBJ SavePackage: Generating thumbnails for [1] asset(s) in package [/Game/assets/Audio/Testsounddogbark] ([1] browsable assets)...
[2016.09.01-12.30.28:680][314]OBJ SavePackage:     Rendered thumbnail for [SoundWave /Game/assets/Audio/Testsounddogbark.Testsounddogbark]
[2016.09.01-12.30.28:680][314]OBJ SavePackage: Finished generating thumbnails for package [/Game/assets/Audio/Testsounddogbark]
[2016.09.01-12.30.28:691][314]LogSavePackage: Save=9.99ms
[2016.09.01-12.30.28:692][314]LogSavePackage: Moving '../../../../../../Users/Laptop Sam/Documents/GitHub/UnrealVRTestbox/VRenvironment/Saved/Testsounddogbark_Auto2CBD9403148F8BAEF59C6E0B2EF3345EE.tmp' to '../../../../../../Users/Laptop Sam/Documents/GitHub/UnrealVRTestbox/VRenvironment/Saved/Autosaves/Game/assets/Audio/Testsounddogbark_Auto2.uasset'
[2016.09.01-12.30.28:693][314]LogSavePackage:Display: Finished SavePackage ../../../../../../Users/Laptop Sam/Documents/GitHub/UnrealVRTestbox/VRenvironment/Saved/Autosaves/Game/assets/Audio/Testsounddogbark_Auto2.uasset
[2016.09.01-12.30.28:693][314]OBJ SavePackage: Generating thumbnails for [0] asset(s) in package [/Game/assets/Audio/NewSoundCue] ([1] browsable assets)...
[2016.09.01-12.30.28:693][314]OBJ SavePackage: Finished generating thumbnails for package [/Game/assets/Audio/NewSoundCue]
[2016.09.01-12.30.28:706][314]LogSavePackage: Save=11.43ms
[2016.09.01-12.30.28:706][314]LogSavePackage: Moving '../../../../../../Users/Laptop Sam/Documents/GitHub/UnrealVRTestbox/VRenvironment/Saved/NewSoundCue_Auto2456C9EB5473CB09E6D6B2DA58BB6FC35.tmp' to '../../../../../../Users/Laptop Sam/Documents/GitHub/UnrealVRTestbox/VRenvironment/Saved/Autosaves/Game/assets/Audio/NewSoundCue_Auto2.uasset'
[2016.09.01-12.30.28:707][314]LogSavePackage:Display: Finished SavePackage ../../../../../../Users/Laptop Sam/Documents/GitHub/UnrealVRTestbox/VRenvironment/Saved/Autosaves/Game/assets/Audio/NewSoundCue_Auto2.uasset
[2016.09.01-12.30.28:707][314]LogFileHelpers: Auto-saving content packages took 0.044
[2016.09.01-12.33.19:225][ 88]LogWindows: Windows GetLastError: De bewerking is voltooid. (0)
[2016.09.01-12.33.38:736][ 88]LogCrashTracker: 


[2016.09.01-12.33.38:736][ 88]LogCrashTracker: 


[2016.09.01-12.33.38:736][ 88]LogWindows:Error: === Critical error: ===
Fatal error: [File:D:\Build\++UE4+Release-4.12+Compile\Sync\Engine\Source\Runtime\CoreUObject\Private\Templates\Casts.cpp] [Line: 11] 
Cast of SoundCueGraphNode_Root /Game/assets/Audio/NewSoundCue.NewSoundCue:SoundCueGraph_0.SoundCueGraphNode_Root_0 to SoundCueGraphNode failed




[2016.09.01-12.33.38:783][ 88]LogExit: Executing StaticShutdownAfterError
[2016.09.01-12.33.38:856][ 88]LogWindows: FPlatformMisc::RequestExit(1)
[2016.09.01-12.33.38:856][ 88]Log file closed, 09/01/16 14:33:38
