Log file open, 09/01/16 15:31:10
LogInit:Display: Running engine for game: VRenvironment
LogPlatformFile: Not using cached read wrapper
LogInit:Display: RandInit(1637655164) SRandInit(1637655167).
LogTaskGraph: Started task graph with 4 named threads and 7 total threads with 1 sets of task threads.
LogStats: Stats thread started at 0.085431
LogInit: Version: 4.12.5-3039270+++UE4+Release-4.12
LogInit: API Version: 2992821
LogInit: Net Version: 3039270
LogDevObjectVersion: Number of dev versions registered: 13
LogDevObjectVersion:   Dev-Blueprints (B0D832E4-1F89-4F0D-ACCF-7EB736FD4AA2): 3
LogDevObjectVersion:   Dev-Build (E1C64328-A22C-4D53-A36C-8E866417BD8C): 0
LogDevObjectVersion:   Dev-Core (375EC13C-06E4-48FB-B500-84F0262A717E): 1
LogDevObjectVersion:   Dev-Editor (E4B068ED-F494-42E9-A231-DA0B2E46BB41): 2
LogDevObjectVersion:   Dev-Framework (CFFC743F-43B0-4480-9391-14DF171D2073): 6
LogDevObjectVersion:   Dev-Mobile (B02B49B5-BB20-44E9-A304-32B752E40360): 0
LogDevObjectVersion:   Dev-Networking (A4E4105C-59A1-49B5-A7C5-40C4547EDFEE): 0
LogDevObjectVersion:   Dev-Online (39C831C9-5AE6-47DC-9A44-9C173E1C8E7C): 0
LogDevObjectVersion:   Dev-Physics (78F01B33-EBEA-4F98-B9B4-84EACCB95AA2): 0
LogDevObjectVersion:   Dev-Platform (6631380F-2D4D-43E0-8009-CF276956A95A): 0
LogDevObjectVersion:   Dev-Rendering (12F88B9F-8875-4AFC-A67C-D90C383ABD29): 2
LogDevObjectVersion:   Dev-Sequencer (7B5AE74C-D270-4C10-A958-57980B212A5A): 0
LogDevObjectVersion:   Dev-VR (D7296918-1DD6-4BDD-9DE2-64A83CC13884): 0
LogInit: Compiled (64-bit): Jul  6 2016 09:09:46
LogInit: Compiled with Visual C++: 19.00.23026.00
LogInit: Build Configuration: Development
LogInit: Branch Name: ++UE4+Release-4.12
LogInit: Command line: -EpicPortal 
LogInit: Base directory: C:/Program Files (x86)/Epic Games/4.12/Engine/Binaries/Win64/
LogInit: Installed Engine Build: 1
LogInit: Using libcurl 7.41.0
LogInit:  - built for x86_64-pc-win32
LogInit:  - supports SSL with WinSSL
LogInit:  - other features:
LogInit:      CURL_VERSION_SSL
LogInit:      CURL_VERSION_IPV6
LogInit:      CURL_VERSION_ASYNCHDNS
LogInit:      CURL_VERSION_LARGEFILE
LogInit:      CURL_VERSION_IDN
LogInit:  CurlRequestOptions (configurable via config and command line):
LogInit:  - bVerifyPeer = true  - Libcurl will verify peer certificate
LogInit:  - bUseHttpProxy = false  - Libcurl will NOT use HTTP proxy
LogInit:  - bDontReuseConnections = false  - Libcurl will reuse connections
LogInit:  - CertBundlePath = nullptr  - Libcurl will use whatever was configured at build time.
LogInit: Presizing for max 8388607 objects, including 0 objects not considered by GC, pre-allocating 0 bytes for permanent pool.
LogInit: Object subsystem initialized
[2016.09.01-13.31.10:771][  0]LogInit: Selected Device Profile: [Windows]
[2016.09.01-13.31.10:771][  0]LogInit: Applying CVar settings loaded from the selected device profile: [Windows]
[2016.09.01-13.31.10:784][  0]LogInit: Computer: LAPTOPSAM
[2016.09.01-13.31.10:784][  0]LogInit: User: LaptopSam
[2016.09.01-13.31.10:784][  0]LogInit: CPU Page size=65536, Cores=4
[2016.09.01-13.31.10:784][  0]LogInit: High frequency timer resolution =2.241012 MHz
[2016.09.01-13.31.10:785][  0]LogMemory: Memory total: Physical=7.9GB (8GB approx)
[2016.09.01-13.31.10:785][  0]LogMemory: Platform Memory Stats for Windows
[2016.09.01-13.31.10:785][  0]LogMemory: Process Physical Memory: 190.45 MB used, 190.45 MB peak
[2016.09.01-13.31.10:785][  0]LogMemory: Process Virtual Memory: 195.27 MB used, 195.27 MB peak
[2016.09.01-13.31.10:785][  0]LogMemory: Physical Memory: 4254.13 MB used, 8077.83 MB total
[2016.09.01-13.31.10:785][  0]LogMemory: Virtual Memory: 552.94 MB used, 134217728.00 MB total
[2016.09.01-13.31.10:814][  0]LogTextLocalizationManager: No translations for ('nl-NL') exist, falling back to 'en' for localization and internationalization data.
[2016.09.01-13.31.11:254][  0]LogD3D11RHI: D3D11 adapters:
[2016.09.01-13.31.11:283][  0]LogD3D11RHI:    0. 'NVIDIA GeForce GT 650M  ' (Feature Level 11_0)
[2016.09.01-13.31.11:283][  0]LogD3D11RHI:       1989/0/4038 MB DedicatedVideo/DedicatedSystem/SharedSystem, Outputs:1, VendorId:0x10de
[2016.09.01-13.31.11:287][  0]LogD3D11RHI:    1. 'Intel(R) HD Graphics 4000' (Feature Level 11_0)
[2016.09.01-13.31.11:287][  0]LogD3D11RHI:       32/0/1760 MB DedicatedVideo/DedicatedSystem/SharedSystem, Outputs:0, VendorId:0x8086
[2016.09.01-13.31.11:288][  0]LogD3D11RHI:    2. 'Microsoft Basic Render Driver' (Feature Level 11_0)
[2016.09.01-13.31.11:288][  0]LogD3D11RHI:       0/0/4038 MB DedicatedVideo/DedicatedSystem/SharedSystem, Outputs:0, VendorId:0x1414
[2016.09.01-13.31.11:288][  0]LogD3D11RHI: Chosen D3D11 Adapter: 0
[2016.09.01-13.31.11:293][  0]LogD3D11RHI: Creating new Direct3DDevice
[2016.09.01-13.31.11:293][  0]LogD3D11RHI:     GPU DeviceId: 0xfd1 (for the marketing name, search the web for "GPU Device Id")
[2016.09.01-13.31.11:293][  0]LogWindows: EnumDisplayDevices:
[2016.09.01-13.31.11:293][  0]LogWindows:    0. 'Intel(R) HD Graphics 4000' (P:1 D:1)
[2016.09.01-13.31.11:293][  0]LogWindows:    1. 'Intel(R) HD Graphics 4000' (P:0 D:0)
[2016.09.01-13.31.11:293][  0]LogWindows:    2. 'Intel(R) HD Graphics 4000' (P:0 D:0)
[2016.09.01-13.31.11:293][  0]LogWindows:    3. 'NVIDIA GeForce GT 650M  ' (P:0 D:0)
[2016.09.01-13.31.11:294][  0]LogWindows: DebugString: PrimaryIsNotTheChoosenAdapter PrimaryIsNotTheChoosenAdapter PrimaryIsNotTheChoosenAdapter 
[2016.09.01-13.31.11:294][  0]LogD3D11RHI:     Adapter Name: NVIDIA GeForce GT 650M  
[2016.09.01-13.31.11:294][  0]LogD3D11RHI:   Driver Version: 361.91 (internal:10.18.13.6191, unified:361.91)
[2016.09.01-13.31.11:294][  0]LogD3D11RHI:      Driver Date: 2-8-2016
[2016.09.01-13.31.11:294][  0]LogRHI: Texture pool is 1361 MB (70% of 1945 MB)
[2016.09.01-13.31.11:309][  0]LogD3D11RHI: Async texture creation enabled
[2016.09.01-13.31.11:327][  0]LogD3D11RHI: GPU Timing Frequency: 1000.000000 (Debug: 2 2)
[2016.09.01-13.31.11:327][  0]LogShaderCompilers: Guid format shader working directory is -33 characters bigger than the processId version (../../../../../../Users/Laptop Sam/Documents/GitHub/UnrealVRTestbox/VRenvironment/Intermediate/Shaders/WorkingDirectory/11936/).
[2016.09.01-13.31.11:327][  0]LogShaderCompilers: Cleaned the shader compiler working directory 'C:/Users/LAPTOP~1/AppData/Local/Temp/UnrealShaderWorkingDir/ED09E50948A968D5A403A68D76ED676E/'.
[2016.09.01-13.31.11:327][  0]LogShaderCompilers:Display: Using Local Shader Compiler.
[2016.09.01-13.31.12:371][  0]LogTemp:Display: Loaded TP AllDesktopTargetPlatform
[2016.09.01-13.31.12:383][  0]LogTemp:Display: Loaded TP WindowsClientTargetPlatform
[2016.09.01-13.31.12:395][  0]LogTemp:Display: Loaded TP WindowsNoEditorTargetPlatform
[2016.09.01-13.31.12:407][  0]LogTemp:Display: Loaded TP WindowsServerTargetPlatform
[2016.09.01-13.31.12:418][  0]LogTemp:Display: Loaded TP WindowsTargetPlatform
[2016.09.01-13.31.12:428][  0]LogTemp:Display: Loaded TP AndroidTargetPlatform
[2016.09.01-13.31.12:438][  0]LogTemp:Display: Loaded TP Android_ASTCTargetPlatform
[2016.09.01-13.31.12:447][  0]LogTemp:Display: Loaded TP Android_ATCTargetPlatform
[2016.09.01-13.31.12:456][  0]LogTemp:Display: Loaded TP Android_DXTTargetPlatform
[2016.09.01-13.31.12:465][  0]LogTemp:Display: Loaded TP Android_ETC1TargetPlatform
[2016.09.01-13.31.12:474][  0]LogTemp:Display: Loaded TP Android_ETC2TargetPlatform
[2016.09.01-13.31.12:494][  0]LogTemp:Display: Loaded TP Android_MultiTargetPlatform
[2016.09.01-13.31.12:494][  0]LogTemp:Display: Loaded TP Android_PVRTCTargetPlatform
[2016.09.01-13.31.12:495][  0]LogTemp:Display: Loaded TP HTML5TargetPlatform
[2016.09.01-13.31.12:520][  0]LogTemp:Display: Loaded TP IOSTargetPlatform
[2016.09.01-13.31.12:528][  0]LogTemp:Display: Loaded TP TVOSTargetPlatform
[2016.09.01-13.31.12:537][  0]LogTemp:Display: Loaded TP LinuxNoEditorTargetPlatform
[2016.09.01-13.31.12:546][  0]LogTemp:Display: Loaded TP LinuxServerTargetPlatform
[2016.09.01-13.31.12:555][  0]LogTemp:Display: Loaded TP LinuxTargetPlatform
[2016.09.01-13.31.12:555][  0]LogTargetPlatformManager:Display: Building Assets For Windows
[2016.09.01-13.31.12:669][  0]LogDerivedDataCache:Display: Max Cache Size: 512 MB
[2016.09.01-13.31.12:722][  0]LogDerivedDataCache: Loaded boot cache 0.05s 48MB C:/Users/Laptop Sam/AppData/Local/UnrealEngine/4.12/DerivedDataCache/Boot.ddc.
[2016.09.01-13.31.12:722][  0]LogDerivedDataCache:Display: Loaded Boot cache: C:/Users/Laptop Sam/AppData/Local/UnrealEngine/4.12/DerivedDataCache/Boot.ddc
[2016.09.01-13.31.12:722][  0]LogDerivedDataCache: FDerivedDataBackendGraph:  Pak pak cache file ../../../../../../Users/Laptop Sam/Documents/GitHub/UnrealVRTestbox/VRenvironment/DerivedDataCache/DDC.ddp not found, will not use a pak cache.
[2016.09.01-13.31.12:722][  0]LogDerivedDataCache: Unable to find inner node Pak for hierarchical cache Hierarchy.
[2016.09.01-13.31.12:722][  0]LogDerivedDataCache: FDerivedDataBackendGraph:  CompressedPak pak cache file ../../../../../../Users/Laptop Sam/Documents/GitHub/UnrealVRTestbox/VRenvironment/DerivedDataCache/Compressed.ddp not found, will not use a pak cache.
[2016.09.01-13.31.12:722][  0]LogDerivedDataCache: Unable to find inner node CompressedPak for hierarchical cache Hierarchy.
[2016.09.01-13.31.12:740][  0]LogDerivedDataCache:Display: Pak cache opened for reading ../../../Engine/DerivedDataCache/Compressed.ddp.
[2016.09.01-13.31.12:752][  0]LogDerivedDataCache: Using Local data cache path C:/Users/Laptop Sam/AppData/Local/UnrealEngine/Common/DerivedDataCache: Writable
[2016.09.01-13.31.12:978][  0]LogInit: Selected Device Profile: [Windows]
[2016.09.01-13.31.12:979][  0]LogContentStreaming: Texture pool size is 0.00 MB
[2016.09.01-13.31.13:164][  0]LogMeshUtilities: No automatic mesh reduction module available
[2016.09.01-13.31.13:164][  0]LogMeshUtilities: No automatic mesh merging module available
[2016.09.01-13.31.13:164][  0]LogMeshUtilities: No distributed automatic mesh merging module available
[2016.09.01-13.31.13:434][  0]LogAssetRegistry: FAssetRegistry took 0.0219 seconds to start up
[2016.09.01-13.31.13:454][  0]LogPackageLocalizationCache: Processed 3 localized package path(s) for 1 prioritized culture(s) in 0.015921 seconds
[2016.09.01-13.31.13:459][  0]LogUObjectArray: 28739 objects as part of root set at end of initial load.
[2016.09.01-13.31.13:459][  0]LogUObjectAllocator: 5855632 out of 0 bytes used by permanent object pool.
[2016.09.01-13.31.13:459][  0]LogUObjectArray: CloseDisregardForGC: 0/0 objects in disregard for GC pool
[2016.09.01-13.31.13:472][  0]LogInit: WinSock: version 1.1 (2.2), MaxSocks=32767, MaxUdp=65467
[2016.09.01-13.31.13:687][  0]LogSlate: SlateFontCache - WITH_FREETYPE: 1, WITH_HARFBUZZ: 1
[2016.09.01-13.31.13:687][  0]LogSlate: SlateFontCache - WITH_FREETYPE: 1, WITH_HARFBUZZ: 1
[2016.09.01-13.31.14:370][  0]LogUdpMessaging: Initializing bridge on interface 0.0.0.0:0 to multicast group 230.0.0.1:6666.
[2016.09.01-13.31.14:630][  0]SourceControl: Info Source control is disabled
[2016.09.01-13.31.14:631][  0]SourceControl: Info Source control is disabled
[2016.09.01-13.31.14:645][  0]SourceControl: Info Source control is disabled
[2016.09.01-13.31.14:661][  0]SourceControl: Info Source control is disabled
[2016.09.01-13.31.14:965][  0]LogEngine: Initializing Engine...
[2016.09.01-13.31.14:966][  0]LogHMD: SteamVR failed to initialize.  Err: 110
[2016.09.01-13.31.14:966][  0]LogHMD: SteamVR failed to initialize.  Err: 110
[2016.09.01-13.31.15:118][  0]LogAIModule: Creating AISystem for world NewWorld
[2016.09.01-13.31.15:123][  0]LogInit: XAudio2 using 'Speakers (Realtek High Definition Audio)' : 2 channels at 48 kHz using 32 bits per sample (channel mask 0x3)
[2016.09.01-13.31.15:147][  0]LogInit: FAudioDevice initialized.
[2016.09.01-13.31.15:171][  0]LogDerivedDataCache: Saved boot cache 0.02s 48MB C:/Users/Laptop Sam/AppData/Local/UnrealEngine/4.12/DerivedDataCache/Boot.ddc.
[2016.09.01-13.31.15:177][  0]LogInit: Texture streaming: Enabled
[2016.09.01-13.31.15:209][  0]LogInit: Transaction tracking system initialized
[2016.09.01-13.31.15:244][  0]BlueprintLog: New page: Editor Load
[2016.09.01-13.31.15:353][  0]LocalizationService: Info Localization service is disabled
[2016.09.01-13.31.15:438][  0]LogConsoleResponse:Display: 
[2016.09.01-13.31.15:553][  0]LogCook:Display: Max memory allowance for cook 8192mb
[2016.09.01-13.31.15:553][  0]LogCook:Display: Mobile HDR setting 1
[2016.09.01-13.31.15:631][  0]LogFileCache: Scanning file cache for directory 'C:/Users/Laptop Sam/Documents/GitHub/UnrealVRTestbox/VRenvironment/Content/' took 0.01s
[2016.09.01-13.31.15:693][  0]SourceControl: Info Source control is disabled
[2016.09.01-13.31.15:693][  0]Cmd: MAP LOAD FILE="../../../Engine/Content/Maps/Templates/Template_Default.umap" TEMPLATE=1 SHOWPROGRESS=1 FEATURELEVEL=3
[2016.09.01-13.31.15:694][  0]LightingResults: New page: Lighting Build
[2016.09.01-13.31.15:698][  0]MapCheck: New page: Map Check
[2016.09.01-13.31.15:698][  0]LightingResults: New page: Lighting Build
[2016.09.01-13.31.15:981][  0]LogAIModule: Creating AISystem for world Untitled_1
[2016.09.01-13.31.15:987][  0]LogEditorServer: Finished looking for orphan Actors (0.000 secs)
[2016.09.01-13.31.15:992][  0]Cmd: MAP CHECKDEP NOCLEARLOG
[2016.09.01-13.31.16:037][  0]MapCheck: Info Map check complete: 0 Error(s), 0 Warning(s), took 45.338ms to complete.
[2016.09.01-13.31.16:037][  0]LogFileHelpers: Loading map 'Template_Default' took 0.344
[2016.09.01-13.31.16:168][  0]LogCollectionManager: Loaded 0 collections in 0.003669 seconds
[2016.09.01-13.31.16:209][  0]LogFileCache: Scanning file cache for directory 'C:/Users/Laptop Sam/Documents/GitHub/UnrealVRTestbox/VRenvironment/Saved/Collections/' took 0.01s
[2016.09.01-13.31.16:209][  0]LogFileCache: Scanning file cache for directory 'C:/Users/Laptop Sam/Documents/GitHub/UnrealVRTestbox/VRenvironment/Content/Developers/LaptopSam/Collections/' took 0.01s
[2016.09.01-13.31.16:209][  0]LogFileCache: Scanning file cache for directory 'C:/Users/Laptop Sam/Documents/GitHub/UnrealVRTestbox/VRenvironment/Content/Collections/' took 0.01s
[2016.09.01-13.31.16:209][  0]LogCollectionManager: Rebuilt the GUID cache for 0 collections in 0.000002 seconds
[2016.09.01-13.31.16:218][  0]LogContentBrowser: Native class hierarchy populated in 0.0085 seconds. Added 2047 classes and 369 folders.
[2016.09.01-13.31.16:223][  0]LogStats: UGameplayTagsManager::ConstructGameplayTagTree: Construct from data asset -  0.000 s
[2016.09.01-13.31.16:223][  0]LogStats: UGameplayTagsManager::ConstructGameplayTagTree: GameplayTagTreeChangedEvent.Broadcast -  0.000 s
[2016.09.01-13.31.16:224][  0]LogContentBrowser: Native class hierarchy updated for 'GameplayTags' in 0.0005 seconds. Added 12 classes and 0 folders.
[2016.09.01-13.31.16:231][  0]LogContentBrowser: Native class hierarchy updated for 'WidgetCarousel' in 0.0004 seconds. Added 0 classes and 0 folders.
[2016.09.01-13.31.17:027][  0]LogContentBrowser: Native class hierarchy updated for 'AddContentDialog' in 0.0004 seconds. Added 0 classes and 0 folders.
[2016.09.01-13.31.17:146][  0]LogContentBrowser: Native class hierarchy updated for 'SceneOutliner' in 0.0004 seconds. Added 1 classes and 2 folders.
[2016.09.01-13.31.17:211][  0]LogCrashTracker: Crashtracker disabled due to settings.
[2016.09.01-13.31.17:216][  0]LogUObjectGlobals:Warning: Failed to find object 'Class None.'
[2016.09.01-13.31.17:244][  0]LogContentBrowser: Native class hierarchy updated for 'HierarchicalLODOutliner' in 0.0004 seconds. Added 1 classes and 2 folders.
[2016.09.01-13.31.17:244][  0]LogLoad: Full Startup: 7.47 seconds (BP compile: 0.04 seconds)
[2016.09.01-13.31.17:244][  0]LogExternalProfiler: No external profilers were discovered.  External profiling features will not be available.
[2016.09.01-13.31.17:261][  0]LogWindowsTextInputMethodSystem:Display: IME system now deactivated.
[2016.09.01-13.31.17:261][  0]LogOcInput: OculusInput pre-init called
[2016.09.01-13.31.17:280][  0]LogContentStreaming: Texture pool size now 1000 MB
[2016.09.01-13.31.17:653][  0]LogRenderer: Reallocating scene render targets to support 956x708 (Frame:2).
[2016.09.01-13.31.17:728][  1]LogAssetRegistry: Asset discovery search completed in 4.3159 seconds
[2016.09.01-13.31.17:728][  1]LogCollectionManager: Rebuilt the object cache for 0 collections in 0.000001 seconds (found 0 objects)
[2016.09.01-13.31.17:728][  1]LogCollectionManager: Fixed up redirectors for 0 collections in 0.000026 seconds (updated 0 objects)
[2016.09.01-13.31.23:751][300]Cmd: MAP LOAD FILE="../../../../../../Users/Laptop Sam/Documents/GitHub/UnrealVRTestbox/VRenvironment/Content/VR_audio_enviroment.umap" TEMPLATE=0 SHOWPROGRESS=1 FEATURELEVEL=3
[2016.09.01-13.31.23:764][300]LightingResults: New page: Lighting Build
[2016.09.01-13.31.23:765][300]LoadErrors: New page: Loading map: VR_audio_enviroment.umap
[2016.09.01-13.31.23:767][300]MapCheck: New page: Map Check
[2016.09.01-13.31.23:767][300]LightingResults: New page: Lighting Build
[2016.09.01-13.31.24:072][300]LogAIModule: Creating AISystem for world VR_audio_enviroment
[2016.09.01-13.31.24:182][300]LogEditorServer: Finished looking for orphan Actors (0.000 secs)
[2016.09.01-13.31.24:215][300]Cmd: MAP CHECKDEP NOCLEARLOG
[2016.09.01-13.31.24:261][300]MapCheck: Info Map check complete: 0 Error(s), 0 Warning(s), took 45.949ms to complete.
[2016.09.01-13.31.24:261][300]LogFileHelpers: Loading map 'VR_audio_enviroment' took 0.510
[2016.09.01-13.31.28:117][511]LogPlayLevel: PlayLevel: No blueprints needed recompiling
[2016.09.01-13.31.28:118][511]PIE: New page: PIE session: VR_audio_enviroment (Sep 1, 2016, 4:31:28 PM)
[2016.09.01-13.31.28:118][511]LogPlayLevel: Creating play world package: /Game/UEDPIE_0_VR_audio_enviroment
[2016.09.01-13.31.28:120][511]LogPlayLevel: PIE: StaticDuplicateObject took: (0.002589s)
[2016.09.01-13.31.28:121][511]LogAIModule: Creating AISystem for world VR_audio_enviroment
[2016.09.01-13.31.28:121][511]LogPlayLevel: PIE: World Init took: (0.000894s)
[2016.09.01-13.31.28:122][511]LogPlayLevel: PIE: Created PIE world by copying editor world from /Game/VR_audio_enviroment.VR_audio_enviroment to /Game/UEDPIE_0_VR_audio_enviroment.VR_audio_enviroment (0.003882s)
[2016.09.01-13.31.28:137][511]LogInit: XAudio2 using 'Speakers (Realtek High Definition Audio)' : 2 channels at 48 kHz using 32 bits per sample (channel mask 0x3)
[2016.09.01-13.31.28:146][511]LogInit: FAudioDevice initialized.
[2016.09.01-13.31.28:352][511]LogWorld: Game class is 'FPS_C'
[2016.09.01-13.31.28:355][511]LogWorld: Bringing World /Game/UEDPIE_0_VR_audio_enviroment.VR_audio_enviroment up for play (max tick rate 60) at 2016.09.01-15.31.28
[2016.09.01-13.31.28:356][511]LogWorld: Bringing up level for play took: 0.002252
[2016.09.01-13.31.28:412][511]LogContentBrowser: Native class hierarchy updated for 'MovieSceneCapture' in 0.0005 seconds. Added 11 classes and 0 folders.
[2016.09.01-13.31.28:414][511]PIE: Info Play in editor start time for /Game/UEDPIE_0_VR_audio_enviroment -0.632
[2016.09.01-13.32.21:409][550]LogActorFactory: Actor Factory created Cylinder
[2016.09.01-13.32.22:555][614]LogActorFactory: Actor Factory created Cylinder
[2016.09.01-13.33.18:053][685]LogEditorViewport: Clicking on Actor (LMB): StaticMeshActor (Cylinder)
[2016.09.01-13.33.21:653][870]LogEditorViewport: Clicking on Actor (LMB): TriggerVolume (TriggerVolume)
[2016.09.01-13.34.39:479][242]LogSlate:Warning: Prevented a slow task dialog from being summoned while a context menu was open
[2016.09.01-13.35.09:697][278]LogEditorViewport: Clicking on Actor (LMB): TriggerVolume (TriggerVolume)
[2016.09.01-13.35.27:334][198]LogWindows: LaunchURL http://docs.unrealengine.com/latest/INT/Engine/Actors/Volumes/index.html?utm_source=editor&utm_medium=docs&utm_campaign=rightclick_viewdoc#Volume Types
[2016.09.01-13.37.31:145][635]LogText:Warning: Failed to parse argument "GameModeName" as a number (using "0" as a fallback). Please check your format string for errors: "GameMode: Edit {GameModeName}".
[2016.09.01-13.37.33:434][689]LogContentBrowser: Native class hierarchy updated for 'BlueprintGraph' in 0.0010 seconds. Added 111 classes and 0 folders.
[2016.09.01-13.39.49:979][  2]LogEditorActor: Deleted Actor: TriggerVolume
[2016.09.01-13.39.50:012][  2]LogEditorActor: Deleted 1 Actors (0.034 secs)
[2016.09.01-13.41.35:260][457]LogSavePackage: Save=232.65ms
[2016.09.01-13.41.35:260][457]LogSavePackage: Moving '../../../../../../Users/Laptop Sam/Documents/GitHub/UnrealVRTestbox/VRenvironment/Saved/VR_audio_enviroment_Auto1EC105ECA4451E8A540054F896209B0C6.tmp' to '../../../../../../Users/Laptop Sam/Documents/GitHub/UnrealVRTestbox/VRenvironment/Saved/Autosaves/Game/VR_audio_enviroment_Auto1.umap'
[2016.09.01-13.41.35:262][457]LogSavePackage:Display: Finished SavePackage ../../../../../../Users/Laptop Sam/Documents/GitHub/UnrealVRTestbox/VRenvironment/Saved/Autosaves/Game/VR_audio_enviroment_Auto1.umap
[2016.09.01-13.41.35:264][457]LogFileHelpers: Editor autosave (incl. sublevels) for '/Game/VR_audio_enviroment' took 0.266
[2016.09.01-13.41.35:264][457]LogFileHelpers: Editor autosave (incl. sublevels) for all levels took 0.266
[2016.09.01-13.41.35:266][457]OBJ SavePackage: Generating thumbnails for [0] asset(s) in package [/Game/Cinematics/Sequences/RecordedSequence] ([1] browsable assets)...
[2016.09.01-13.41.35:267][457]OBJ SavePackage: Finished generating thumbnails for package [/Game/Cinematics/Sequences/RecordedSequence]
[2016.09.01-13.41.35:281][457]LogSavePackage: Save=13.36ms
[2016.09.01-13.41.35:282][457]LogSavePackage: Moving '../../../../../../Users/Laptop Sam/Documents/GitHub/UnrealVRTestbox/VRenvironment/Saved/RecordedSequence_Auto122E5F7E0409A6615F267B69C272D1B56.tmp' to '../../../../../../Users/Laptop Sam/Documents/GitHub/UnrealVRTestbox/VRenvironment/Saved/Autosaves/Game/Cinematics/Sequences/RecordedSequence_Auto1.uasset'
[2016.09.01-13.41.35:283][457]LogSavePackage:Display: Finished SavePackage ../../../../../../Users/Laptop Sam/Documents/GitHub/UnrealVRTestbox/VRenvironment/Saved/Autosaves/Game/Cinematics/Sequences/RecordedSequence_Auto1.uasset
[2016.09.01-13.41.35:283][457]LogFileHelpers: Auto-saving content packages took 0.017
[2016.09.01-13.42.58:039][795]LogEditorViewport: Clicking on Actor (LMB): BP_Sky_Sphere_C (Sky Sphere)
[2016.09.01-14.00.21:089][753]LogEditorViewport: Clicking on Actor (LMB): AmbientSound (Testsounddogbark)
[2016.09.01-14.00.34:325][525]Cmd: SELECT NONE
[2016.09.01-14.00.37:072][689]LogEditorViewport: Clicking on Actor (LMB): AmbientSound (Testsounddogbark)
[2016.09.01-14.01.08:433][436]Cmd: QUIT_EDITOR
[2016.09.01-14.01.08:789][436]LogWindowsTextInputMethodSystem:Display: IME system now deactivated.
[2016.09.01-14.01.08:819][436]LogExit: Preparing to exit.
[2016.09.01-14.01.09:216][436]LogExit: Editor shut down
[2016.09.01-14.01.09:217][436]LogExit: Transaction tracking system shut down
[2016.09.01-14.01.09:396][436]LogObj: Freed 0b from 0 cluster array pools.
[2016.09.01-14.01.09:396][436]LogExit: Object subsystem successfully closed.
[2016.09.01-14.01.09:412][436]LogD3D11RHI: Shutdown
[2016.09.01-14.01.09:412][436]LogD3D11RHI: CleanupD3DDevice
[2016.09.01-14.01.09:414][436]LogD3D11RHI: ~FD3D11DynamicRHI
[2016.09.01-14.01.09:487][436]LogModuleManager: Shutting down and abandoning module BlueprintGraph (215)
[2016.09.01-14.01.09:487][436]LogModuleManager: Shutting down and abandoning module MovieSceneCapture (214)
[2016.09.01-14.01.09:487][436]LogModuleManager: Shutting down and abandoning module HierarchicalLODOutliner (213)
[2016.09.01-14.01.09:487][436]LogModuleManager: Shutting down and abandoning module CrashTracker (212)
[2016.09.01-14.01.09:487][436]LogModuleManager: Shutting down and abandoning module SceneOutliner (211)
[2016.09.01-14.01.09:487][436]LogModuleManager: Shutting down and abandoning module WidgetCarousel (210)
[2016.09.01-14.01.09:487][436]LogModuleManager: Shutting down and abandoning module AddContentDialog (209)
[2016.09.01-14.01.09:490][436]LogModuleManager: Shutting down and abandoning module GameplayTags (208)
[2016.09.01-14.01.09:490][436]LogModuleManager: Shutting down and abandoning module EditorWidgets (207)
[2016.09.01-14.01.09:490][436]LogModuleManager: Shutting down and abandoning module CollectionManager (206)
[2016.09.01-14.01.09:491][436]LogModuleManager: Shutting down and abandoning module StatsViewer (205)
[2016.09.01-14.01.09:491][436]LogModuleManager: Shutting down and abandoning module FoliageEdit (204)
[2016.09.01-14.01.09:491][436]LogModuleManager: Shutting down and abandoning module LandscapeEditor (203)
[2016.09.01-14.01.09:491][436]LogModuleManager: Shutting down and abandoning module SceneDepthPickerMode (202)
[2016.09.01-14.01.09:491][436]LogModuleManager: Shutting down and abandoning module ActorPickerMode (201)
[2016.09.01-14.01.09:491][436]LogModuleManager: Shutting down and abandoning module GeometryMode (200)
[2016.09.01-14.01.09:491][436]LogModuleManager: Shutting down and abandoning module TextureAlignMode (199)
[2016.09.01-14.01.09:491][436]LogModuleManager: Shutting down and abandoning module BspMode (198)
[2016.09.01-14.01.09:491][436]LogModuleManager: Shutting down and abandoning module HardwareSurvey (197)
[2016.09.01-14.01.09:491][436]LogModuleManager: Shutting down and abandoning module SequenceRecorderSections (196)
[2016.09.01-14.01.09:491][436]LogModuleManager: Shutting down and abandoning module SequenceRecorder (195)
[2016.09.01-14.01.09:491][436]LogModuleManager: Shutting down and abandoning module AutomationWorker (194)
[2016.09.01-14.01.09:491][436]LogModuleManager: Shutting down and abandoning module MatineeToLevelSequence (193)
[2016.09.01-14.01.09:491][436]LogModuleManager: Shutting down and abandoning module PlacementMode (192)
[2016.09.01-14.01.09:491][436]LogModuleManager: Shutting down and abandoning module LevelSequenceEditor (191)
[2016.09.01-14.01.09:491][436]LogModuleManager: Shutting down and abandoning module CharacterAI (190)
[2016.09.01-14.01.09:491][436]LogModuleManager: Shutting down and abandoning module SmartSnapping (189)
[2016.09.01-14.01.09:491][436]LogModuleManager: Shutting down and abandoning module SessionServices (188)
[2016.09.01-14.01.09:491][436]LogModuleManager: Shutting down and abandoning module ViewportSnapping (187)
[2016.09.01-14.01.09:491][436]LogModuleManager: Shutting down and abandoning module LogVisualizer (186)
[2016.09.01-14.01.09:492][436]LogModuleManager: Shutting down and abandoning module GameProjectGeneration (185)
[2016.09.01-14.01.09:492][436]LogModuleManager: Shutting down and abandoning module IntroTutorials (184)
[2016.09.01-14.01.09:492][436]LogModuleManager: Shutting down and abandoning module EditorLiveStreaming (183)
[2016.09.01-14.01.09:492][436]LogModuleManager: Shutting down and abandoning module IOSPlatformEditor (182)
[2016.09.01-14.01.09:492][436]LogModuleManager: Shutting down and abandoning module HTML5PlatformEditor (181)
[2016.09.01-14.01.09:492][436]LogModuleManager: Shutting down and abandoning module AndroidDeviceDetection (180)
[2016.09.01-14.01.10:061][436]LogModuleManager: Shutting down and abandoning module AndroidPlatformEditor (179)
[2016.09.01-14.01.10:061][436]LogModuleManager: Shutting down and abandoning module IOSRuntimeSettings (178)
[2016.09.01-14.01.10:061][436]LogModuleManager: Shutting down and abandoning module AndroidRuntimeSettings (177)
[2016.09.01-14.01.10:061][436]LogModuleManager: Shutting down and abandoning module MergeActors (176)
[2016.09.01-14.01.10:061][436]LogModuleManager: Shutting down and abandoning module SizeMap (175)
[2016.09.01-14.01.10:061][436]LogModuleManager: Shutting down and abandoning module TreeMap (174)
[2016.09.01-14.01.10:061][436]LogModuleManager: Shutting down and abandoning module ReferenceViewer (173)
[2016.09.01-14.01.10:061][436]LogModuleManager: Shutting down and abandoning module LocalizationService (172)
[2016.09.01-14.01.10:061][436]LogModuleManager: Shutting down and abandoning module LocalizationDashboard (171)
[2016.09.01-14.01.10:061][436]LogModuleManager: Shutting down and abandoning module HardwareTargeting (170)
[2016.09.01-14.01.10:061][436]LogModuleManager: Shutting down and abandoning module DeviceProfileEditor (169)
[2016.09.01-14.01.10:061][436]LogModuleManager: Shutting down and abandoning module UndoHistory (168)
[2016.09.01-14.01.10:061][436]LogModuleManager: Shutting down and abandoning module UserFeedback (167)
[2016.09.01-14.01.10:061][436]LogModuleManager: Shutting down and abandoning module XmlParser (166)
[2016.09.01-14.01.10:061][436]LogModuleManager: Shutting down and abandoning module Blutility (165)
[2016.09.01-14.01.10:061][436]LogModuleManager: Shutting down and abandoning module ProjectTargetPlatformEditor (164)
[2016.09.01-14.01.10:061][436]LogModuleManager: Shutting down and abandoning module ProjectSettingsViewer (163)
[2016.09.01-14.01.10:061][436]LogModuleManager: Shutting down and abandoning module InputBindingEditor (162)
[2016.09.01-14.01.10:062][436]LogModuleManager: Shutting down and abandoning module EditorSettingsViewer (161)
[2016.09.01-14.01.10:062][436]LogModuleManager: Shutting down and abandoning module SettingsEditor (160)
[2016.09.01-14.01.10:062][436]LogModuleManager: Shutting down and abandoning module ProjectLauncher (159)
[2016.09.01-14.01.10:062][436]LogModuleManager: Shutting down and abandoning module SessionFrontend (158)
[2016.09.01-14.01.10:062][436]LogModuleManager: Shutting down and abandoning module ProfilerClient (157)
[2016.09.01-14.01.10:062][436]LogModuleManager: Shutting down and abandoning module TargetDeviceServices (156)
[2016.09.01-14.01.10:062][436]LogModuleManager: Shutting down and abandoning module DeviceManager (155)
[2016.09.01-14.01.10:103][436]LogModuleManager: Shutting down and abandoning module AutomationController (154)
[2016.09.01-14.01.10:103][436]LogModuleManager: Shutting down and abandoning module AutomationWindow (153)
[2016.09.01-14.01.10:103][436]LogModuleManager: Shutting down and abandoning module Layers (152)
[2016.09.01-14.01.10:103][436]LogModuleManager: Shutting down and abandoning module ComponentVisualizers (151)
[2016.09.01-14.01.10:103][436]LogModuleManager: Shutting down and abandoning module DetailCustomizations (150)
[2016.09.01-14.01.10:103][436]LogModuleManager: Shutting down and abandoning module PackagesDialog (149)
[2016.09.01-14.01.10:104][436]LogModuleManager: Shutting down and abandoning module Persona (148)
[2016.09.01-14.01.10:104][436]LogModuleManager: Shutting down and abandoning module Kismet (147)
[2016.09.01-14.01.10:104][436]LogModuleManager: Shutting down and abandoning module GraphEditor (146)
[2016.09.01-14.01.10:104][436]LogModuleManager: Shutting down and abandoning module ClassViewer (145)
[2016.09.01-14.01.10:105][436]LogModuleManager: Shutting down and abandoning module Toolbox (144)
[2016.09.01-14.01.10:105][436]LogModuleManager: Shutting down and abandoning module ModuleUI (143)
[2016.09.01-14.01.10:105][436]LogModuleManager: Shutting down and abandoning module MovieSceneTools (142)
[2016.09.01-14.01.10:105][436]LogModuleManager: Shutting down and abandoning module OutputLog (141)
[2016.09.01-14.01.10:105][436]LogModuleManager: Shutting down and abandoning module GammaUI (140)
[2016.09.01-14.01.10:105][436]LogModuleManager: Shutting down and abandoning module Documentation (139)
[2016.09.01-14.01.10:105][436]LogModuleManager: Shutting down and abandoning module StreamingPauseRendering (138)
[2016.09.01-14.01.10:105][436]LogModuleManager: Shutting down and abandoning module AnalyticsET (137)
[2016.09.01-14.01.10:105][436]LogModuleManager: Shutting down and abandoning module Analytics (136)
[2016.09.01-14.01.10:105][436]LogModuleManager: Shutting down and abandoning module PortalServices (135)
[2016.09.01-14.01.10:105][436]LogModuleManager: Shutting down and abandoning module PortalRpc (134)
[2016.09.01-14.01.10:105][436]LogModuleManager: Shutting down and abandoning module MessagingRpc (133)
[2016.09.01-14.01.10:105][436]LogModuleManager: Shutting down and abandoning module GameplayDebugger (132)
[2016.09.01-14.01.10:105][436]LogModuleManager: Shutting down and abandoning module AITestSuite (131)
[2016.09.01-14.01.10:105][436]LogModuleManager: Shutting down and abandoning module AIModule (130)
[2016.09.01-14.01.10:105][436]LogModuleManager: Shutting down and abandoning module ProfilerService (129)
[2016.09.01-14.01.10:251][436]LogModuleManager: Shutting down and abandoning module TaskGraph (128)
[2016.09.01-14.01.10:251][436]LogModuleManager: Shutting down and abandoning module SlateRemote (127)
[2016.09.01-14.01.10:251][436]LogModuleManager: Shutting down and abandoning module SteamVRController (126)
[2016.09.01-14.01.10:251][436]LogModuleManager: Shutting down and abandoning module SteamVR (125)
[2016.09.01-14.01.10:251][436]LogModuleManager: Shutting down and abandoning module ProceduralMeshComponent (124)
[2016.09.01-14.01.10:251][436]LogModuleManager: Shutting down and abandoning module OculusLibrary (123)
[2016.09.01-14.01.10:251][436]LogModuleManager: Shutting down and abandoning module OculusInput (122)
[2016.09.01-14.01.10:251][436]LogModuleManager: Shutting down and abandoning module CustomMeshComponent (121)
[2016.09.01-14.01.10:251][436]LogModuleManager: Shutting down and abandoning module CableComponent (120)
[2016.09.01-14.01.10:251][436]LogModuleManager: Shutting down and abandoning module ArchVisCharacter (119)
[2016.09.01-14.01.10:251][436]LogModuleManager: Shutting down and abandoning module MediaPlayerEditor (118)
[2016.09.01-14.01.10:251][436]LogModuleManager: Shutting down and abandoning module HTML5Networking (117)
[2016.09.01-14.01.10:251][436]LogModuleManager: Shutting down and abandoning module SuperSearch (116)
[2016.09.01-14.01.10:251][436]LogModuleManager: Shutting down and abandoning module SuperSearchEditor (115)
[2016.09.01-14.01.10:252][436]LogModuleManager: Shutting down and abandoning module SpeedTreeImporter (114)
[2016.09.01-14.01.10:252][436]LogModuleManager: Shutting down and abandoning module PluginBrowser (113)
[2016.09.01-14.01.10:252][436]LogModuleManager: Shutting down and abandoning module EpicSurvey (112)
[2016.09.01-14.01.10:252][436]LogModuleManager: Shutting down and abandoning module DesktopPlatform (111)
[2016.09.01-14.01.10:252][436]LogModuleManager: Shutting down and abandoning module VisualStudioSourceCodeAccess (110)
[2016.09.01-14.01.10:252][436]LogModuleManager: Shutting down and abandoning module UObjectPlugin (109)
[2016.09.01-14.01.10:252][436]LogModuleManager: Shutting down and abandoning module SubversionSourceControl (108)
[2016.09.01-14.01.10:252][436]LogModuleManager: Shutting down and abandoning module PerforceSourceControl (107)
[2016.09.01-14.01.10:252][436]LogModuleManager: Shutting down and abandoning module SourceControl (106)
[2016.09.01-14.01.10:252][436]LogModuleManager: Shutting down and abandoning module GitSourceControl (105)
[2016.09.01-14.01.10:252][436]LogModuleManager: Shutting down and abandoning module LightPropagationVolumeEditor (104)
[2016.09.01-14.01.10:252][436]LogModuleManager: Shutting down and abandoning module PaperTiledImporter (103)
[2016.09.01-14.01.10:252][436]LogModuleManager: Shutting down and abandoning module PaperSpriteSheetImporter (102)
[2016.09.01-14.01.10:252][436]LogModuleManager: Shutting down and abandoning module MeshPaint (101)
[2016.09.01-14.01.10:252][436]LogModuleManager: Shutting down and abandoning module PixelInspectorModule (100)
[2016.09.01-14.01.10:252][436]LogModuleManager: Shutting down and abandoning module HotReload (99)
[2016.09.01-14.01.10:252][436]LogModuleManager: Shutting down and abandoning module MainFrame (98)
[2016.09.01-14.01.10:252][436]LogModuleManager: Shutting down and abandoning module LevelEditor (97)
[2016.09.01-14.01.10:253][436]LogModuleManager: Shutting down and abandoning module ContentBrowser (96)
[2016.09.01-14.01.10:255][436]LogModuleManager: Shutting down and abandoning module Paper2DEditor (95)
[2016.09.01-14.01.10:255][436]LogModuleManager: Shutting down and abandoning module UdpMessaging (94)
[2016.09.01-14.01.10:355][436]LogModuleManager: Shutting down and abandoning module LightPropagationVolumeRuntime (93)
[2016.09.01-14.01.10:355][436]LogModuleManager: Shutting down and abandoning module Paper2D (92)
[2016.09.01-14.01.10:355][436]LogModuleManager: Shutting down and abandoning module WindowsMoviePlayer (91)
[2016.09.01-14.01.10:355][436]LogModuleManager: Shutting down and abandoning module Media (90)
[2016.09.01-14.01.10:355][436]LogModuleManager: Shutting down and abandoning module WmfMedia (89)
[2016.09.01-14.01.10:356][436]LogModuleManager: Shutting down and abandoning module MediaAssets (88)
[2016.09.01-14.01.10:356][436]LogModuleManager: Shutting down and abandoning module GameLiveStreaming (87)
[2016.09.01-14.01.10:356][436]LogModuleManager: Shutting down and abandoning module GameplayTagsEditor (86)
[2016.09.01-14.01.10:356][436]LogModuleManager: Shutting down and abandoning module OnlineBlueprintSupport (85)
[2016.09.01-14.01.10:356][436]LogModuleManager: Shutting down and abandoning module VREditor (84)
[2016.09.01-14.01.10:356][436]LogModuleManager: Shutting down and abandoning module GameplayTasksEditor (83)
[2016.09.01-14.01.10:356][436]LogModuleManager: Shutting down and abandoning module PropertyEditor (82)
[2016.09.01-14.01.10:356][436]LogModuleManager: Shutting down and abandoning module BehaviorTreeEditor (81)
[2016.09.01-14.01.10:356][436]LogModuleManager: Shutting down and abandoning module FunctionalTesting (80)
[2016.09.01-14.01.10:356][436]LogModuleManager: Shutting down and abandoning module CollisionAnalyzer (79)
[2016.09.01-14.01.10:356][436]LogModuleManager: Shutting down and abandoning module Sequencer (78)
[2016.09.01-14.01.10:356][436]LogModuleManager: Shutting down and abandoning module WorkspaceMenuStructure (77)
[2016.09.01-14.01.10:356][436]LogModuleManager: Shutting down and abandoning module MessageLog (76)
[2016.09.01-14.01.10:356][436]LogModuleManager: Shutting down and abandoning module AssetTools (75)
[2016.09.01-14.01.10:356][436]LogModuleManager: Shutting down and abandoning module UMGEditor (74)
[2016.09.01-14.01.10:356][436]LogModuleManager: Shutting down and abandoning module UMG (73)
[2016.09.01-14.01.10:356][436]LogModuleManager: Shutting down and abandoning module SlateReflector (72)
[2016.09.01-14.01.10:356][436]LogModuleManager: Shutting down and abandoning module Slate (71)
[2016.09.01-14.01.10:356][436]LogModuleManager: Shutting down and abandoning module EditorStyle (70)
[2016.09.01-14.01.10:360][436]LogModuleManager: Shutting down and abandoning module SourceCodeAccess (69)
[2016.09.01-14.01.10:360][436]LogModuleManager: Shutting down and abandoning module HeadMountedDisplay (68)
[2016.09.01-14.01.10:360][436]LogModuleManager: Shutting down and abandoning module XAudio2 (67)
[2016.09.01-14.01.10:360][436]LogModuleManager: Shutting down and abandoning module Networking (65)
[2016.09.01-14.01.10:360][436]LogModuleManager: Shutting down and abandoning module Core (64)
[2016.09.01-14.01.10:360][436]LogModuleManager: Shutting down and abandoning module DirectoryWatcher (63)
[2016.09.01-14.01.10:365][436]LogModuleManager: Shutting down and abandoning module AssetRegistry (62)
[2016.09.01-14.01.10:506][436]LogModuleManager: Shutting down and abandoning module KismetCompiler (61)
[2016.09.01-14.01.10:506][436]LogModuleManager: Shutting down and abandoning module PhysXFormats (60)
[2016.09.01-14.01.10:506][436]LogModuleManager: Shutting down and abandoning module MeshUtilities (59)
[2016.09.01-14.01.10:506][436]LogModuleManager: Shutting down and abandoning module DerivedDataCache (58)
[2016.09.01-14.01.10:530][436]LogDerivedDataCache: Shutdown
[2016.09.01-14.01.10:530][436]LogModuleManager: Shutting down and abandoning module VulkanShaderFormat (57)
[2016.09.01-14.01.10:530][436]LogModuleManager: Shutting down and abandoning module ShaderFormatOpenGL (56)
[2016.09.01-14.01.10:530][436]LogModuleManager: Shutting down and abandoning module ShaderFormatD3D (55)
[2016.09.01-14.01.10:530][436]LogModuleManager: Shutting down and abandoning module MetalShaderFormat (54)
[2016.09.01-14.01.10:530][436]LogModuleManager: Shutting down and abandoning module TextureFormatUncompressed (53)
[2016.09.01-14.01.10:530][436]LogModuleManager: Shutting down and abandoning module TextureFormatPVR (52)
[2016.09.01-14.01.10:530][436]LogModuleManager: Shutting down and abandoning module TextureFormatIntelISPCTexComp (51)
[2016.09.01-14.01.10:531][436]LogModuleManager: Shutting down and abandoning module TextureFormatDXT (50)
[2016.09.01-14.01.10:531][436]LogModuleManager: Shutting down and abandoning module ImageWrapper (49)
[2016.09.01-14.01.10:531][436]LogModuleManager: Shutting down and abandoning module TextureFormatASTC (48)
[2016.09.01-14.01.10:531][436]LogModuleManager: Shutting down and abandoning module TextureFormatAndroid (47)
[2016.09.01-14.01.10:531][436]LogModuleManager: Shutting down and abandoning module AudioFormatOpus (46)
[2016.09.01-14.01.10:531][436]LogModuleManager: Shutting down and abandoning module AudioFormatOgg (45)
[2016.09.01-14.01.10:531][436]LogModuleManager: Shutting down and abandoning module AudioFormatADPCM (44)
[2016.09.01-14.01.10:531][436]LogModuleManager: Shutting down and abandoning module LinuxTargetPlatform (43)
[2016.09.01-14.01.10:531][436]LogModuleManager: Shutting down and abandoning module LinuxServerTargetPlatform (42)
[2016.09.01-14.01.10:531][436]LogModuleManager: Shutting down and abandoning module LinuxNoEditorTargetPlatform (41)
[2016.09.01-14.01.10:531][436]LogModuleManager: Shutting down and abandoning module TVOSTargetPlatform (40)
[2016.09.01-14.01.10:531][436]LogModuleManager: Shutting down and abandoning module Messaging (39)
[2016.09.01-14.01.10:531][436]LogModuleManager: Shutting down and abandoning module IOSTargetPlatform (38)
[2016.09.01-14.01.10:531][436]LogModuleManager: Shutting down and abandoning module HTML5TargetPlatform (37)
[2016.09.01-14.01.10:531][436]LogModuleManager: Shutting down and abandoning module Android_PVRTCTargetPlatform (36)
[2016.09.01-14.01.10:531][436]LogModuleManager: Shutting down and abandoning module Android_MultiTargetPlatform (35)
[2016.09.01-14.01.10:531][436]LogModuleManager: Shutting down and abandoning module Android_ETC2TargetPlatform (34)
[2016.09.01-14.01.10:531][436]LogModuleManager: Shutting down and abandoning module Android_ETC1TargetPlatform (33)
[2016.09.01-14.01.10:531][436]LogModuleManager: Shutting down and abandoning module Android_DXTTargetPlatform (32)
[2016.09.01-14.01.10:531][436]LogModuleManager: Shutting down and abandoning module Android_ATCTargetPlatform (31)
[2016.09.01-14.01.10:531][436]LogModuleManager: Shutting down and abandoning module Android_ASTCTargetPlatform (30)
[2016.09.01-14.01.10:531][436]LogModuleManager: Shutting down and abandoning module AndroidTargetPlatform (29)
[2016.09.01-14.01.10:531][436]LogModuleManager: Shutting down and abandoning module WindowsTargetPlatform (28)
[2016.09.01-14.01.10:531][436]LogModuleManager: Shutting down and abandoning module WindowsServerTargetPlatform (27)
[2016.09.01-14.01.10:531][436]LogModuleManager: Shutting down and abandoning module WindowsNoEditorTargetPlatform (26)
[2016.09.01-14.01.10:531][436]LogModuleManager: Shutting down and abandoning module WindowsClientTargetPlatform (25)
[2016.09.01-14.01.10:531][436]LogModuleManager: Shutting down and abandoning module AllDesktopTargetPlatform (24)
[2016.09.01-14.01.10:531][436]LogModuleManager: Shutting down and abandoning module TargetPlatform (23)
[2016.09.01-14.01.10:531][436]LogModuleManager: Shutting down and abandoning module InputCore (22)
[2016.09.01-14.01.10:531][436]LogModuleManager: Shutting down and abandoning module Settings (21)
[2016.09.01-14.01.10:531][436]LogModuleManager: Shutting down and abandoning module OnlineSubsystem (19)
[2016.09.01-14.01.10:531][436]LogModuleManager: Shutting down and abandoning module HTTP (18)
[2016.09.01-14.01.15:041][436]LogModuleManager: Shutting down and abandoning module XMPP (17)
[2016.09.01-14.01.15:041][436]LogModuleManager: Shutting down and abandoning module OculusRift (16)
[2016.09.01-14.01.15:041][436]LogModuleManager: Shutting down and abandoning module ExampleDeviceProfileSelector (15)
[2016.09.01-14.01.15:041][436]LogModuleManager: Shutting down and abandoning module TextureCompressor (14)
[2016.09.01-14.01.15:041][436]LogModuleManager: Shutting down and abandoning module ShaderCore (13)
[2016.09.01-14.01.15:041][436]LogModuleManager: Shutting down and abandoning module Landscape (12)
[2016.09.01-14.01.15:041][436]LogModuleManager: Shutting down and abandoning module SlateRHIRenderer (11)
[2016.09.01-14.01.15:047][436]LogModuleManager: Shutting down and abandoning module OpenGLDrv (10)
[2016.09.01-14.01.15:047][436]LogModuleManager: Shutting down and abandoning module D3D11RHI (9)
[2016.09.01-14.01.15:047][436]LogModuleManager: Shutting down and abandoning module AnimGraphRuntime (8)
[2016.09.01-14.01.15:047][436]LogModuleManager: Shutting down and abandoning module Renderer (7)
[2016.09.01-14.01.15:047][436]LogModuleManager: Shutting down and abandoning module Engine (6)
[2016.09.01-14.01.15:047][436]LogModuleManager: Shutting down and abandoning module CoreUObject (5)
[2016.09.01-14.01.15:047][436]LogModuleManager: Shutting down and abandoning module NetworkFile (4)
[2016.09.01-14.01.15:047][436]LogModuleManager: Shutting down and abandoning module StreamingFile (3)
[2016.09.01-14.01.15:047][436]LogModuleManager: Shutting down and abandoning module SandboxFile (2)
[2016.09.01-14.01.15:047][436]LogModuleManager: Shutting down and abandoning module PakFile (1)
[2016.09.01-14.01.15:048][436]LogExit: Exiting.
[2016.09.01-14.01.15:064][436]Log file closed, 09/01/16 16:01:15
